-- The C compiler identification is GNU 13.3.0
-- The CXX compiler identification is GNU 13.3.0
-- Detecting C compiler ABI info
-- Detecting C compiler ABI info - done
-- Check for working C compiler: /usr/bin/cc - skipped
-- Detecting C compile features
-- Detecting C compile features - done
-- Detecting CXX compiler ABI info
-- Detecting CXX compiler ABI info - done
-- Check for working CXX compiler: /usr/bin/c++ - skipped
-- Detecting CXX compile features
-- Detecting CXX compile features - done
-- Found ament_cmake: 2.5.5 (/opt/ros/jazzy/share/ament_cmake/cmake)
-- Found Python3: /usr/bin/python3 (found version "3.12.3") found components: Interpreter 
-- Override CMake install command with custom implementation using symlinks instead of copying resources
-- Found rosidl_default_generators: 1.6.0 (/opt/ros/jazzy/share/rosidl_default_generators/cmake)
-- Using all available rosidl_typesupport_c: rosidl_typesupport_fastrtps_c;rosidl_typesupport_introspection_c
-- Using all available rosidl_typesupport_cpp: rosidl_typesupport_fastrtps_cpp;rosidl_typesupport_introspection_cpp
-- Found rosidl_adapter: 4.6.7 (/opt/ros/jazzy/share/rosidl_adapter/cmake)
-- Found ament_cmake_ros: 0.12.0 (/opt/ros/jazzy/share/ament_cmake_ros/cmake)
-- Using all available rosidl_typesupport_c: rosidl_typesupport_fastrtps_c;rosidl_typesupport_introspection_c
-- Using all available rosidl_typesupport_cpp: rosidl_typesupport_fastrtps_cpp;rosidl_typesupport_introspection_cpp
-- Found python_cmake_module: 0.11.1 (/opt/ros/jazzy/share/python_cmake_module/cmake)
-- Found PythonExtra: /usr/bin/python3  
-- Found Python3: /usr/bin/python3 (found version "3.12.3") found components: Interpreter Development NumPy Development.Module Development.Embed 
-- Configuring done (2.0s)
-- Generating done (0.0s)
-- Build files have been written to: /home/li/Downloads/hw4/hw4/build/find_substring_positions_interfaces
[  2%] [34m[1mGenerating type hashes for ROS interfaces[0m
[  2%] Built target ament_cmake_python_symlink_find_substring_positions_interfaces
[  2%] Built target find_substring_positions_interfaces__rosidl_generator_type_description
[  5%] [34m[1mGenerating C code for ROS interfaces[0m
[  8%] [34m[1mGenerating C++ code for ROS interfaces[0m
running egg_info
creating find_substring_positions_interfaces.egg-info
writing find_substring_positions_interfaces.egg-info/PKG-INFO
writing dependency_links to find_substring_positions_interfaces.egg-info/dependency_links.txt
writing top-level names to find_substring_positions_interfaces.egg-info/top_level.txt
writing manifest file 'find_substring_positions_interfaces.egg-info/SOURCES.txt'
reading manifest file 'find_substring_positions_interfaces.egg-info/SOURCES.txt'
writing manifest file 'find_substring_positions_interfaces.egg-info/SOURCES.txt'
[  8%] Built target ament_cmake_python_build_find_substring_positions_interfaces_egg
[  8%] Built target find_substring_positions_interfaces__cpp
[ 17%] [32mBuilding C object CMakeFiles/find_substring_positions_interfaces__rosidl_generator_c.dir/rosidl_generator_c/find_substring_positions_interfaces/action/detail/find_substring_positions__type_support.c.o[0m
[ 17%] [32mBuilding C object CMakeFiles/find_substring_positions_interfaces__rosidl_generator_c.dir/rosidl_generator_c/find_substring_positions_interfaces/action/detail/find_substring_positions__description.c.o[0m
[ 17%] [32mBuilding C object CMakeFiles/find_substring_positions_interfaces__rosidl_generator_c.dir/rosidl_generator_c/find_substring_positions_interfaces/action/detail/find_substring_positions__functions.c.o[0m
[ 20%] [32m[1mLinking C shared library libfind_substring_positions_interfaces__rosidl_generator_c.so[0m
[ 20%] Built target find_substring_positions_interfaces__rosidl_generator_c
[ 29%] [34m[1mGenerating C introspection for ROS interfaces[0m
[ 29%] [34m[1mGenerating C++ type support for eProsima Fast-RTPS[0m
[ 29%] [34m[1mGenerating C type support dispatch for ROS interfaces[0m
[ 32%] [34m[1mGenerating C++ introspection for ROS interfaces[0m
[ 35%] [34m[1mGenerating C++ type support dispatch for ROS interfaces[0m
[ 38%] [32mBuilding CXX object CMakeFiles/find_substring_positions_interfaces__rosidl_typesupport_c.dir/rosidl_typesupport_c/find_substring_positions_interfaces/action/find_substring_positions__type_support.cpp.o[0m
[ 41%] [32mBuilding CXX object CMakeFiles/find_substring_positions_interfaces__rosidl_typesupport_cpp.dir/rosidl_typesupport_cpp/find_substring_positions_interfaces/action/find_substring_positions__type_support.cpp.o[0m
[ 44%] [32m[1mLinking CXX shared library libfind_substring_positions_interfaces__rosidl_typesupport_c.so[0m
[ 47%] [32mBuilding C object CMakeFiles/find_substring_positions_interfaces__rosidl_typesupport_introspection_c.dir/rosidl_typesupport_introspection_c/find_substring_positions_interfaces/action/detail/find_substring_positions__type_support.c.o[0m
[ 47%] Built target find_substring_positions_interfaces__rosidl_typesupport_c
[ 50%] [34m[1mGenerating C type support for eProsima Fast-RTPS[0m
[ 52%] [32mBuilding CXX object CMakeFiles/find_substring_positions_interfaces__rosidl_typesupport_introspection_cpp.dir/rosidl_typesupport_introspection_cpp/find_substring_positions_interfaces/action/detail/find_substring_positions__type_support.cpp.o[0m
[ 55%] [32m[1mLinking C shared library libfind_substring_positions_interfaces__rosidl_typesupport_introspection_c.so[0m
[ 55%] Built target find_substring_positions_interfaces__rosidl_typesupport_introspection_c
[ 58%] [32mBuilding CXX object CMakeFiles/find_substring_positions_interfaces__rosidl_typesupport_fastrtps_cpp.dir/rosidl_typesupport_fastrtps_cpp/find_substring_positions_interfaces/action/detail/dds_fastrtps/find_substring_positions__type_support.cpp.o[0m
[ 61%] [32mBuilding CXX object CMakeFiles/find_substring_positions_interfaces__rosidl_typesupport_fastrtps_c.dir/rosidl_typesupport_fastrtps_c/find_substring_positions_interfaces/action/detail/find_substring_positions__type_support_c.cpp.o[0m
[ 64%] [32m[1mLinking CXX shared library libfind_substring_positions_interfaces__rosidl_typesupport_cpp.so[0m
[ 64%] Built target find_substring_positions_interfaces__rosidl_typesupport_cpp
[ 67%] [32m[1mLinking CXX shared library libfind_substring_positions_interfaces__rosidl_typesupport_introspection_cpp.so[0m
[ 67%] Built target find_substring_positions_interfaces__rosidl_typesupport_introspection_cpp
[ 70%] [32m[1mLinking CXX shared library libfind_substring_positions_interfaces__rosidl_typesupport_fastrtps_c.so[0m
[ 70%] Built target find_substring_positions_interfaces__rosidl_typesupport_fastrtps_c
[ 73%] [32m[1mLinking CXX shared library libfind_substring_positions_interfaces__rosidl_typesupport_fastrtps_cpp.so[0m
[ 73%] Built target find_substring_positions_interfaces__rosidl_typesupport_fastrtps_cpp
[ 73%] Built target find_substring_positions_interfaces
[ 76%] [34m[1mGenerating Python code for ROS interfaces[0m
[ 76%] Built target find_substring_positions_interfaces__py
[ 79%] [32mBuilding C object CMakeFiles/find_substring_positions_interfaces__rosidl_generator_py.dir/rosidl_generator_py/find_substring_positions_interfaces/action/_find_substring_positions_s.c.o[0m
[ 82%] [32m[1mLinking C shared library libfind_substring_positions_interfaces__rosidl_generator_py.so[0m
[ 82%] Built target find_substring_positions_interfaces__rosidl_generator_py
[ 88%] [32mBuilding C object CMakeFiles/find_substring_positions_interfaces_s__rosidl_typesupport_introspection_c.dir/rosidl_generator_py/find_substring_positions_interfaces/_find_substring_positions_interfaces_s.ep.rosidl_typesupport_introspection_c.c.o[0m
[ 88%] [32mBuilding C object CMakeFiles/find_substring_positions_interfaces_s__rosidl_typesupport_fastrtps_c.dir/rosidl_generator_py/find_substring_positions_interfaces/_find_substring_positions_interfaces_s.ep.rosidl_typesupport_fastrtps_c.c.o[0m
[ 91%] [32mBuilding C object CMakeFiles/find_substring_positions_interfaces_s__rosidl_typesupport_c.dir/rosidl_generator_py/find_substring_positions_interfaces/_find_substring_positions_interfaces_s.ep.rosidl_typesupport_c.c.o[0m
[ 94%] [32m[1mLinking C shared module rosidl_generator_py/find_substring_positions_interfaces/find_substring_positions_interfaces_s__rosidl_typesupport_fastrtps_c.so[0m
[ 97%] [32m[1mLinking C shared module rosidl_generator_py/find_substring_positions_interfaces/find_substring_positions_interfaces_s__rosidl_typesupport_c.so[0m
[100%] [32m[1mLinking C shared module rosidl_generator_py/find_substring_positions_interfaces/find_substring_positions_interfaces_s__rosidl_typesupport_introspection_c.so[0m
[100%] Built target find_substring_positions_interfaces_s__rosidl_typesupport_introspection_c
[100%] Built target find_substring_positions_interfaces_s__rosidl_typesupport_c
[100%] Built target find_substring_positions_interfaces_s__rosidl_typesupport_fastrtps_c
-- Install configuration: ""
-- Execute custom install script
-- Symlinking: /home/li/Downloads/hw4/hw4/install/find_substring_positions_interfaces/share/ament_index/resource_index/rosidl_interfaces/find_substring_positions_interfaces
-- Symlinking: /home/li/Downloads/hw4/hw4/install/find_substring_positions_interfaces/share/find_substring_positions_interfaces/action/FindSubstringPositions.json
-- Symlinking: /home/li/Downloads/hw4/hw4/install/find_substring_positions_interfaces/include/find_substring_positions_interfaces/find_substring_positions_interfaces/action/detail/find_substring_positions__functions.h
-- Symlinking: /home/li/Downloads/hw4/hw4/install/find_substring_positions_interfaces/include/find_substring_positions_interfaces/find_substring_positions_interfaces/action/detail/find_substring_positions__struct.h
-- Symlinking: /home/li/Downloads/hw4/hw4/install/find_substring_positions_interfaces/include/find_substring_positions_interfaces/find_substring_positions_interfaces/action/detail/find_substring_positions__type_support.h
-- Symlinking: /home/li/Downloads/hw4/hw4/install/find_substring_positions_interfaces/include/find_substring_positions_interfaces/find_substring_positions_interfaces/action/find_substring_positions.h
-- Symlinking: /home/li/Downloads/hw4/hw4/install/find_substring_positions_interfaces/include/find_substring_positions_interfaces/find_substring_positions_interfaces/msg/rosidl_generator_c__visibility_control.h
-- Symlinking: /home/li/Downloads/hw4/hw4/install/find_substring_positions_interfaces/share/find_substring_positions_interfaces/environment/library_path.sh
-- Symlinking: /home/li/Downloads/hw4/hw4/install/find_substring_positions_interfaces/share/find_substring_positions_interfaces/environment/library_path.dsv
-- Symlinking: /home/li/Downloads/hw4/hw4/install/find_substring_positions_interfaces/include/find_substring_positions_interfaces/find_substring_positions_interfaces/action/detail/find_substring_positions__rosidl_typesupport_fastrtps_c.h
-- Symlinking: /home/li/Downloads/hw4/hw4/install/find_substring_positions_interfaces/include/find_substring_positions_interfaces/find_substring_positions_interfaces/msg/rosidl_typesupport_fastrtps_c__visibility_control.h
-- Symlinking: /home/li/Downloads/hw4/hw4/install/find_substring_positions_interfaces/include/find_substring_positions_interfaces/find_substring_positions_interfaces/action/detail/find_substring_positions__rosidl_typesupport_introspection_c.h
-- Symlinking: /home/li/Downloads/hw4/hw4/install/find_substring_positions_interfaces/include/find_substring_positions_interfaces/find_substring_positions_interfaces/msg/rosidl_typesupport_introspection_c__visibility_control.h
-- Symlinking: /home/li/Downloads/hw4/hw4/install/find_substring_positions_interfaces/include/find_substring_positions_interfaces/find_substring_positions_interfaces/action/detail/find_substring_positions__builder.hpp
-- Symlinking: /home/li/Downloads/hw4/hw4/install/find_substring_positions_interfaces/include/find_substring_positions_interfaces/find_substring_positions_interfaces/action/detail/find_substring_positions__struct.hpp
-- Symlinking: /home/li/Downloads/hw4/hw4/install/find_substring_positions_interfaces/include/find_substring_positions_interfaces/find_substring_positions_interfaces/action/detail/find_substring_positions__traits.hpp
-- Symlinking: /home/li/Downloads/hw4/hw4/install/find_substring_positions_interfaces/include/find_substring_positions_interfaces/find_substring_positions_interfaces/action/detail/find_substring_positions__type_support.hpp
-- Symlinking: /home/li/Downloads/hw4/hw4/install/find_substring_positions_interfaces/include/find_substring_positions_interfaces/find_substring_positions_interfaces/action/find_substring_positions.hpp
-- Symlinking: /home/li/Downloads/hw4/hw4/install/find_substring_positions_interfaces/include/find_substring_positions_interfaces/find_substring_positions_interfaces/msg/rosidl_generator_cpp__visibility_control.hpp
-- Symlinking: /home/li/Downloads/hw4/hw4/install/find_substring_positions_interfaces/include/find_substring_positions_interfaces/find_substring_positions_interfaces/action/detail/find_substring_positions__rosidl_typesupport_fastrtps_cpp.hpp
-- Symlinking: /home/li/Downloads/hw4/hw4/install/find_substring_positions_interfaces/include/find_substring_positions_interfaces/find_substring_positions_interfaces/msg/rosidl_typesupport_fastrtps_cpp__visibility_control.h
-- Symlinking: /home/li/Downloads/hw4/hw4/install/find_substring_positions_interfaces/include/find_substring_positions_interfaces/find_substring_positions_interfaces/action/detail/find_substring_positions__rosidl_typesupport_introspection_cpp.hpp
-- Symlinking: /home/li/Downloads/hw4/hw4/install/find_substring_positions_interfaces/share/find_substring_positions_interfaces/environment/pythonpath.sh
-- Symlinking: /home/li/Downloads/hw4/hw4/install/find_substring_positions_interfaces/share/find_substring_positions_interfaces/environment/pythonpath.dsv
-- Symlinking: /home/li/Downloads/hw4/hw4/install/find_substring_positions_interfaces/lib/python3.12/site-packages/find_substring_positions_interfaces-0.0.1-py3.12.egg-info/PKG-INFO
-- Symlinking: /home/li/Downloads/hw4/hw4/install/find_substring_positions_interfaces/lib/python3.12/site-packages/find_substring_positions_interfaces-0.0.1-py3.12.egg-info/SOURCES.txt
-- Symlinking: /home/li/Downloads/hw4/hw4/install/find_substring_positions_interfaces/lib/python3.12/site-packages/find_substring_positions_interfaces-0.0.1-py3.12.egg-info/dependency_links.txt
-- Symlinking: /home/li/Downloads/hw4/hw4/install/find_substring_positions_interfaces/lib/python3.12/site-packages/find_substring_positions_interfaces-0.0.1-py3.12.egg-info/top_level.txt
-- Symlinking: /home/li/Downloads/hw4/hw4/install/find_substring_positions_interfaces/lib/python3.12/site-packages/find_substring_positions_interfaces/__init__.py
-- Symlinking: /home/li/Downloads/hw4/hw4/install/find_substring_positions_interfaces/lib/python3.12/site-packages/find_substring_positions_interfaces/_find_substring_positions_interfaces_s.ep.rosidl_typesupport_c.c
-- Symlinking: /home/li/Downloads/hw4/hw4/install/find_substring_positions_interfaces/lib/python3.12/site-packages/find_substring_positions_interfaces/_find_substring_positions_interfaces_s.ep.rosidl_typesupport_fastrtps_c.c
-- Symlinking: /home/li/Downloads/hw4/hw4/install/find_substring_positions_interfaces/lib/python3.12/site-packages/find_substring_positions_interfaces/_find_substring_positions_interfaces_s.ep.rosidl_typesupport_introspection_c.c
-- Symlinking: /home/li/Downloads/hw4/hw4/install/find_substring_positions_interfaces/lib/python3.12/site-packages/find_substring_positions_interfaces/action/__init__.py
-- Symlinking: /home/li/Downloads/hw4/hw4/install/find_substring_positions_interfaces/lib/python3.12/site-packages/find_substring_positions_interfaces/action/_find_substring_positions.py
-- Symlinking: /home/li/Downloads/hw4/hw4/install/find_substring_positions_interfaces/lib/python3.12/site-packages/find_substring_positions_interfaces/action/_find_substring_positions_s.c
-- Symlinking: /home/li/Downloads/hw4/hw4/install/find_substring_positions_interfaces/lib/python3.12/site-packages/find_substring_positions_interfaces/find_substring_positions_interfaces_s__rosidl_typesupport_c.so
-- Symlinking: /home/li/Downloads/hw4/hw4/install/find_substring_positions_interfaces/lib/python3.12/site-packages/find_substring_positions_interfaces/find_substring_positions_interfaces_s__rosidl_typesupport_fastrtps_c.so
-- Symlinking: /home/li/Downloads/hw4/hw4/install/find_substring_positions_interfaces/lib/python3.12/site-packages/find_substring_positions_interfaces/find_substring_positions_interfaces_s__rosidl_typesupport_introspection_c.so
-- Up-to-date symlink: /home/li/Downloads/hw4/hw4/install/find_substring_positions_interfaces/lib/python3.12/site-packages/find_substring_positions_interfaces/find_substring_positions_interfaces_s__rosidl_typesupport_fastrtps_c.so
-- Up-to-date symlink: /home/li/Downloads/hw4/hw4/install/find_substring_positions_interfaces/lib/python3.12/site-packages/find_substring_positions_interfaces/find_substring_positions_interfaces_s__rosidl_typesupport_introspection_c.so
-- Up-to-date symlink: /home/li/Downloads/hw4/hw4/install/find_substring_positions_interfaces/lib/python3.12/site-packages/find_substring_positions_interfaces/find_substring_positions_interfaces_s__rosidl_typesupport_c.so
-- Symlinking: /home/li/Downloads/hw4/hw4/install/find_substring_positions_interfaces/share/find_substring_positions_interfaces/action/FindSubstringPositions.idl
-- Symlinking: /home/li/Downloads/hw4/hw4/install/find_substring_positions_interfaces/share/find_substring_positions_interfaces/action/FindSubstringPositions.action
-- Symlinking: /home/li/Downloads/hw4/hw4/install/find_substring_positions_interfaces/share/ament_index/resource_index/package_run_dependencies/find_substring_positions_interfaces
-- Symlinking: /home/li/Downloads/hw4/hw4/install/find_substring_positions_interfaces/share/ament_index/resource_index/parent_prefix_path/find_substring_positions_interfaces
-- Symlinking: /home/li/Downloads/hw4/hw4/install/find_substring_positions_interfaces/share/find_substring_positions_interfaces/environment/ament_prefix_path.sh
-- Symlinking: /home/li/Downloads/hw4/hw4/install/find_substring_positions_interfaces/share/find_substring_positions_interfaces/environment/ament_prefix_path.dsv
-- Symlinking: /home/li/Downloads/hw4/hw4/install/find_substring_positions_interfaces/share/find_substring_positions_interfaces/environment/path.sh
-- Symlinking: /home/li/Downloads/hw4/hw4/install/find_substring_positions_interfaces/share/find_substring_positions_interfaces/environment/path.dsv
-- Symlinking: /home/li/Downloads/hw4/hw4/install/find_substring_positions_interfaces/share/find_substring_positions_interfaces/local_setup.bash
-- Symlinking: /home/li/Downloads/hw4/hw4/install/find_substring_positions_interfaces/share/find_substring_positions_interfaces/local_setup.sh
-- Symlinking: /home/li/Downloads/hw4/hw4/install/find_substring_positions_interfaces/share/find_substring_positions_interfaces/local_setup.zsh
-- Symlinking: /home/li/Downloads/hw4/hw4/install/find_substring_positions_interfaces/share/find_substring_positions_interfaces/local_setup.dsv
-- Symlinking: /home/li/Downloads/hw4/hw4/install/find_substring_positions_interfaces/share/find_substring_positions_interfaces/package.dsv
-- Symlinking: /home/li/Downloads/hw4/hw4/install/find_substring_positions_interfaces/share/ament_index/resource_index/packages/find_substring_positions_interfaces
-- Symlinking: /home/li/Downloads/hw4/hw4/install/find_substring_positions_interfaces/share/find_substring_positions_interfaces/cmake/rosidl_cmake-extras.cmake
-- Symlinking: /home/li/Downloads/hw4/hw4/install/find_substring_positions_interfaces/share/find_substring_positions_interfaces/cmake/ament_cmake_export_dependencies-extras.cmake
-- Symlinking: /home/li/Downloads/hw4/hw4/install/find_substring_positions_interfaces/share/find_substring_positions_interfaces/cmake/ament_cmake_export_include_directories-extras.cmake
-- Symlinking: /home/li/Downloads/hw4/hw4/install/find_substring_positions_interfaces/share/find_substring_positions_interfaces/cmake/ament_cmake_export_libraries-extras.cmake
-- Symlinking: /home/li/Downloads/hw4/hw4/install/find_substring_positions_interfaces/share/find_substring_positions_interfaces/cmake/ament_cmake_export_targets-extras.cmake
-- Symlinking: /home/li/Downloads/hw4/hw4/install/find_substring_positions_interfaces/share/find_substring_positions_interfaces/cmake/rosidl_cmake_export_typesupport_targets-extras.cmake
-- Symlinking: /home/li/Downloads/hw4/hw4/install/find_substring_positions_interfaces/share/find_substring_positions_interfaces/cmake/rosidl_cmake_export_typesupport_libraries-extras.cmake
-- Symlinking: /home/li/Downloads/hw4/hw4/install/find_substring_positions_interfaces/share/find_substring_positions_interfaces/cmake/find_substring_positions_interfacesConfig.cmake
-- Symlinking: /home/li/Downloads/hw4/hw4/install/find_substring_positions_interfaces/share/find_substring_positions_interfaces/cmake/find_substring_positions_interfacesConfig-version.cmake
-- Symlinking: /home/li/Downloads/hw4/hw4/install/find_substring_positions_interfaces/share/find_substring_positions_interfaces/package.xml
-- Installing: /home/li/Downloads/hw4/hw4/install/find_substring_positions_interfaces/lib/libfind_substring_positions_interfaces__rosidl_generator_c.so
-- Set non-toolchain portion of runtime path of "/home/li/Downloads/hw4/hw4/install/find_substring_positions_interfaces/lib/libfind_substring_positions_interfaces__rosidl_generator_c.so" to ""
-- Installing: /home/li/Downloads/hw4/hw4/install/find_substring_positions_interfaces/lib/libfind_substring_positions_interfaces__rosidl_typesupport_fastrtps_c.so
-- Set non-toolchain portion of runtime path of "/home/li/Downloads/hw4/hw4/install/find_substring_positions_interfaces/lib/libfind_substring_positions_interfaces__rosidl_typesupport_fastrtps_c.so" to ""
-- Installing: /home/li/Downloads/hw4/hw4/install/find_substring_positions_interfaces/lib/libfind_substring_positions_interfaces__rosidl_typesupport_introspection_c.so
-- Set non-toolchain portion of runtime path of "/home/li/Downloads/hw4/hw4/install/find_substring_positions_interfaces/lib/libfind_substring_positions_interfaces__rosidl_typesupport_introspection_c.so" to ""
-- Installing: /home/li/Downloads/hw4/hw4/install/find_substring_positions_interfaces/lib/libfind_substring_positions_interfaces__rosidl_typesupport_c.so
-- Set non-toolchain portion of runtime path of "/home/li/Downloads/hw4/hw4/install/find_substring_positions_interfaces/lib/libfind_substring_positions_interfaces__rosidl_typesupport_c.so" to ""
-- Installing: /home/li/Downloads/hw4/hw4/install/find_substring_positions_interfaces/lib/libfind_substring_positions_interfaces__rosidl_typesupport_fastrtps_cpp.so
-- Set non-toolchain portion of runtime path of "/home/li/Downloads/hw4/hw4/install/find_substring_positions_interfaces/lib/libfind_substring_positions_interfaces__rosidl_typesupport_fastrtps_cpp.so" to ""
-- Installing: /home/li/Downloads/hw4/hw4/install/find_substring_positions_interfaces/lib/libfind_substring_positions_interfaces__rosidl_typesupport_introspection_cpp.so
-- Set non-toolchain portion of runtime path of "/home/li/Downloads/hw4/hw4/install/find_substring_positions_interfaces/lib/libfind_substring_positions_interfaces__rosidl_typesupport_introspection_cpp.so" to ""
-- Installing: /home/li/Downloads/hw4/hw4/install/find_substring_positions_interfaces/lib/libfind_substring_positions_interfaces__rosidl_typesupport_cpp.so
-- Set non-toolchain portion of runtime path of "/home/li/Downloads/hw4/hw4/install/find_substring_positions_interfaces/lib/libfind_substring_positions_interfaces__rosidl_typesupport_cpp.so" to ""
Listing '/home/li/Downloads/hw4/hw4/install/find_substring_positions_interfaces/lib/python3.12/site-packages/find_substring_positions_interfaces'...
Compiling '/home/li/Downloads/hw4/hw4/install/find_substring_positions_interfaces/lib/python3.12/site-packages/find_substring_positions_interfaces/__init__.py'...
Listing '/home/li/Downloads/hw4/hw4/install/find_substring_positions_interfaces/lib/python3.12/site-packages/find_substring_positions_interfaces/action'...
Compiling '/home/li/Downloads/hw4/hw4/install/find_substring_positions_interfaces/lib/python3.12/site-packages/find_substring_positions_interfaces/action/__init__.py'...
Compiling '/home/li/Downloads/hw4/hw4/install/find_substring_positions_interfaces/lib/python3.12/site-packages/find_substring_positions_interfaces/action/_find_substring_positions.py'...
-- Installing: /home/li/Downloads/hw4/hw4/install/find_substring_positions_interfaces/lib/libfind_substring_positions_interfaces__rosidl_generator_py.so
-- Set non-toolchain portion of runtime path of "/home/li/Downloads/hw4/hw4/install/find_substring_positions_interfaces/lib/libfind_substring_positions_interfaces__rosidl_generator_py.so" to ""
-- Installing: /home/li/Downloads/hw4/hw4/install/find_substring_positions_interfaces/share/find_substring_positions_interfaces/cmake/export_find_substring_positions_interfaces__rosidl_generator_cExport.cmake
-- Installing: /home/li/Downloads/hw4/hw4/install/find_substring_positions_interfaces/share/find_substring_positions_interfaces/cmake/export_find_substring_positions_interfaces__rosidl_generator_cExport-noconfig.cmake
-- Installing: /home/li/Downloads/hw4/hw4/install/find_substring_positions_interfaces/share/find_substring_positions_interfaces/cmake/export_find_substring_positions_interfaces__rosidl_typesupport_fastrtps_cExport.cmake
-- Installing: /home/li/Downloads/hw4/hw4/install/find_substring_positions_interfaces/share/find_substring_positions_interfaces/cmake/export_find_substring_positions_interfaces__rosidl_typesupport_fastrtps_cExport-noconfig.cmake
-- Installing: /home/li/Downloads/hw4/hw4/install/find_substring_positions_interfaces/share/find_substring_positions_interfaces/cmake/find_substring_positions_interfaces__rosidl_typesupport_introspection_cExport.cmake
-- Installing: /home/li/Downloads/hw4/hw4/install/find_substring_positions_interfaces/share/find_substring_positions_interfaces/cmake/find_substring_positions_interfaces__rosidl_typesupport_introspection_cExport-noconfig.cmake
-- Installing: /home/li/Downloads/hw4/hw4/install/find_substring_positions_interfaces/share/find_substring_positions_interfaces/cmake/find_substring_positions_interfaces__rosidl_typesupport_cExport.cmake
-- Installing: /home/li/Downloads/hw4/hw4/install/find_substring_positions_interfaces/share/find_substring_positions_interfaces/cmake/find_substring_positions_interfaces__rosidl_typesupport_cExport-noconfig.cmake
-- Installing: /home/li/Downloads/hw4/hw4/install/find_substring_positions_interfaces/share/find_substring_positions_interfaces/cmake/export_find_substring_positions_interfaces__rosidl_generator_cppExport.cmake
-- Installing: /home/li/Downloads/hw4/hw4/install/find_substring_positions_interfaces/share/find_substring_positions_interfaces/cmake/export_find_substring_positions_interfaces__rosidl_typesupport_fastrtps_cppExport.cmake
-- Installing: /home/li/Downloads/hw4/hw4/install/find_substring_positions_interfaces/share/find_substring_positions_interfaces/cmake/export_find_substring_positions_interfaces__rosidl_typesupport_fastrtps_cppExport-noconfig.cmake
-- Installing: /home/li/Downloads/hw4/hw4/install/find_substring_positions_interfaces/share/find_substring_positions_interfaces/cmake/find_substring_positions_interfaces__rosidl_typesupport_introspection_cppExport.cmake
-- Installing: /home/li/Downloads/hw4/hw4/install/find_substring_positions_interfaces/share/find_substring_positions_interfaces/cmake/find_substring_positions_interfaces__rosidl_typesupport_introspection_cppExport-noconfig.cmake
-- Installing: /home/li/Downloads/hw4/hw4/install/find_substring_positions_interfaces/share/find_substring_positions_interfaces/cmake/find_substring_positions_interfaces__rosidl_typesupport_cppExport.cmake
-- Installing: /home/li/Downloads/hw4/hw4/install/find_substring_positions_interfaces/share/find_substring_positions_interfaces/cmake/find_substring_positions_interfaces__rosidl_typesupport_cppExport-noconfig.cmake
-- Installing: /home/li/Downloads/hw4/hw4/install/find_substring_positions_interfaces/share/find_substring_positions_interfaces/cmake/export_find_substring_positions_interfaces__rosidl_generator_pyExport.cmake
-- Installing: /home/li/Downloads/hw4/hw4/install/find_substring_positions_interfaces/share/find_substring_positions_interfaces/cmake/export_find_substring_positions_interfaces__rosidl_generator_pyExport-noconfig.cmake
