running egg_info
writing ../../build/hw1_pkg/hw1_pkg.egg-info/PKG-INFO
writing dependency_links to ../../build/hw1_pkg/hw1_pkg.egg-info/dependency_links.txt
writing entry points to ../../build/hw1_pkg/hw1_pkg.egg-info/entry_points.txt
writing requirements to ../../build/hw1_pkg/hw1_pkg.egg-info/requires.txt
writing top-level names to ../../build/hw1_pkg/hw1_pkg.egg-info/top_level.txt
reading manifest file '../../build/hw1_pkg/hw1_pkg.egg-info/SOURCES.txt'
writing manifest file '../../build/hw1_pkg/hw1_pkg.egg-info/SOURCES.txt'
running build
running build_py
copying hw1_pkg/even_number_publisher.py -> /home/li/hw1/build/hw1_pkg/build/lib/hw1_pkg
copying hw1_pkg/prime_divisors_subscriber.py -> /home/li/hw1/build/hw1_pkg/build/lib/hw1_pkg
running install
running install_lib
copying /home/li/hw1/build/hw1_pkg/build/lib/hw1_pkg/even_number_publisher.py -> /home/li/hw1/install/hw1_pkg/lib/python3.12/site-packages/hw1_pkg
copying /home/li/hw1/build/hw1_pkg/build/lib/hw1_pkg/prime_divisors_subscriber.py -> /home/li/hw1/install/hw1_pkg/lib/python3.12/site-packages/hw1_pkg
byte-compiling /home/li/hw1/install/hw1_pkg/lib/python3.12/site-packages/hw1_pkg/even_number_publisher.py to even_number_publisher.cpython-312.pyc
byte-compiling /home/li/hw1/install/hw1_pkg/lib/python3.12/site-packages/hw1_pkg/prime_divisors_subscriber.py to prime_divisors_subscriber.cpython-312.pyc
running install_egg_info
removing '/home/li/hw1/install/hw1_pkg/lib/python3.12/site-packages/hw1_pkg-0.1.0-py3.12.egg-info' (and everything under it)
Copying ../../build/hw1_pkg/hw1_pkg.egg-info to /home/li/hw1/install/hw1_pkg/lib/python3.12/site-packages/hw1_pkg-0.1.0-py3.12.egg-info
running install_scripts
Installing even_number_publisher script to /home/li/hw1/install/hw1_pkg/lib/hw1_pkg
Installing prime_divisors_subscriber script to /home/li/hw1/install/hw1_pkg/lib/hw1_pkg
writing list of installed files to '/home/li/hw1/build/hw1_pkg/install.log'
