[0.011s] Invoking command in '/home/li/ros2_hw2/build/number_converter': CMAKE_PREFIX_PATH=${CMAKE_PREFIX_PATH}:/home/li/install/number_converter_py:/opt/ros/jazzy DEBUGINFOD_URLS=https://debuginfod.ubuntu.com /usr/bin/cmake --build /home/li/ros2_hw2/build/number_converter -- -j5 -l5
[0.078s] [  2%] Built target number_converter__rosidl_generator_type_description
[0.089s] [  2%] Built target ament_cmake_python_copy_number_converter
[0.092s] [  5%] Built target number_converter__cpp
[0.094s] [ 20%] Built target number_converter__rosidl_generator_c
[0.123s] [ 29%] Built target number_converter__rosidl_typesupport_fastrtps_c
[0.128s] [ 38%] Built target number_converter__rosidl_typesupport_fastrtps_cpp
[0.130s] [ 47%] Built target number_converter__rosidl_typesupport_cpp
[0.132s] [ 55%] Built target number_converter__rosidl_typesupport_introspection_cpp
[0.143s] [ 64%] Built target number_converter__rosidl_typesupport_c
[0.143s] [ 73%] Built target number_converter__rosidl_typesupport_introspection_c
[0.157s] [ 73%] Built target number_converter
[0.176s] [ 76%] Built target number_converter__py
[0.193s] [ 82%] Built target number_converter__rosidl_generator_py
[0.213s] [ 94%] Built target number_converter_s__rosidl_typesupport_introspection_c
[0.214s] [ 94%] Built target number_converter_s__rosidl_typesupport_c
[0.214s] [100%] Built target number_converter_s__rosidl_typesupport_fastrtps_c
[0.318s] running egg_info
[0.326s] writing number_converter.egg-info/PKG-INFO
[0.326s] writing dependency_links to number_converter.egg-info/dependency_links.txt
[0.327s] writing top-level names to number_converter.egg-info/top_level.txt
[0.353s] reading manifest file 'number_converter.egg-info/SOURCES.txt'
[0.354s] writing manifest file 'number_converter.egg-info/SOURCES.txt'
[0.371s] [100%] Built target ament_cmake_python_build_number_converter_egg
[0.379s] Invoked command in '/home/li/ros2_hw2/build/number_converter' returned '0': CMAKE_PREFIX_PATH=${CMAKE_PREFIX_PATH}:/home/li/install/number_converter_py:/opt/ros/jazzy DEBUGINFOD_URLS=https://debuginfod.ubuntu.com /usr/bin/cmake --build /home/li/ros2_hw2/build/number_converter -- -j5 -l5
[0.385s] Invoking command in '/home/li/ros2_hw2/build/number_converter': CMAKE_PREFIX_PATH=${CMAKE_PREFIX_PATH}:/home/li/install/number_converter_py:/opt/ros/jazzy DEBUGINFOD_URLS=https://debuginfod.ubuntu.com /usr/bin/cmake --install /home/li/ros2_hw2/build/number_converter
[0.391s] -- Install configuration: ""
[0.391s] -- Up-to-date: /home/li/ros2_hw2/install/number_converter/share/ament_index/resource_index/rosidl_interfaces/number_converter
[0.392s] -- Up-to-date: /home/li/ros2_hw2/install/number_converter/share/number_converter/srv/RomanToDecimal.json
[0.392s] -- Up-to-date: /home/li/ros2_hw2/install/number_converter/include/number_converter/number_converter
[0.392s] -- Up-to-date: /home/li/ros2_hw2/install/number_converter/include/number_converter/number_converter/srv
[0.392s] -- Up-to-date: /home/li/ros2_hw2/install/number_converter/include/number_converter/number_converter/srv/detail
[0.392s] -- Up-to-date: /home/li/ros2_hw2/install/number_converter/include/number_converter/number_converter/srv/detail/roman_to_decimal__description.c
[0.392s] -- Up-to-date: /home/li/ros2_hw2/install/number_converter/include/number_converter/number_converter/srv/detail/roman_to_decimal__functions.c
[0.392s] -- Up-to-date: /home/li/ros2_hw2/install/number_converter/include/number_converter/number_converter/srv/detail/roman_to_decimal__type_support.c
[0.392s] -- Up-to-date: /home/li/ros2_hw2/install/number_converter/include/number_converter/number_converter/srv/detail/roman_to_decimal__functions.h
[0.392s] -- Up-to-date: /home/li/ros2_hw2/install/number_converter/include/number_converter/number_converter/srv/detail/roman_to_decimal__type_support.h
[0.392s] -- Up-to-date: /home/li/ros2_hw2/install/number_converter/include/number_converter/number_converter/srv/detail/roman_to_decimal__struct.h
[0.392s] -- Up-to-date: /home/li/ros2_hw2/install/number_converter/include/number_converter/number_converter/srv/roman_to_decimal.h
[0.392s] -- Up-to-date: /home/li/ros2_hw2/install/number_converter/include/number_converter/number_converter/msg
[0.392s] -- Up-to-date: /home/li/ros2_hw2/install/number_converter/include/number_converter/number_converter/msg/rosidl_generator_c__visibility_control.h
[0.392s] -- Up-to-date: /home/li/ros2_hw2/install/number_converter/share/number_converter/environment/library_path.sh
[0.392s] -- Up-to-date: /home/li/ros2_hw2/install/number_converter/share/number_converter/environment/library_path.dsv
[0.393s] -- Up-to-date: /home/li/ros2_hw2/install/number_converter/lib/libnumber_converter__rosidl_generator_c.so
[0.393s] -- Up-to-date: /home/li/ros2_hw2/install/number_converter/include/number_converter/number_converter
[0.393s] -- Up-to-date: /home/li/ros2_hw2/install/number_converter/include/number_converter/number_converter/srv
[0.394s] -- Up-to-date: /home/li/ros2_hw2/install/number_converter/include/number_converter/number_converter/srv/detail
[0.394s] -- Up-to-date: /home/li/ros2_hw2/install/number_converter/include/number_converter/number_converter/srv/detail/roman_to_decimal__rosidl_typesupport_fastrtps_c.h
[0.394s] -- Up-to-date: /home/li/ros2_hw2/install/number_converter/include/number_converter/number_converter/msg
[0.394s] -- Up-to-date: /home/li/ros2_hw2/install/number_converter/include/number_converter/number_converter/msg/rosidl_typesupport_fastrtps_c__visibility_control.h
[0.394s] -- Up-to-date: /home/li/ros2_hw2/install/number_converter/lib/libnumber_converter__rosidl_typesupport_fastrtps_c.so
[0.395s] -- Up-to-date: /home/li/ros2_hw2/install/number_converter/include/number_converter/number_converter
[0.395s] -- Up-to-date: /home/li/ros2_hw2/install/number_converter/include/number_converter/number_converter/srv
[0.395s] -- Up-to-date: /home/li/ros2_hw2/install/number_converter/include/number_converter/number_converter/srv/detail
[0.395s] -- Up-to-date: /home/li/ros2_hw2/install/number_converter/include/number_converter/number_converter/srv/detail/roman_to_decimal__type_support.c
[0.395s] -- Up-to-date: /home/li/ros2_hw2/install/number_converter/include/number_converter/number_converter/srv/detail/roman_to_decimal__rosidl_typesupport_introspection_c.h
[0.395s] -- Up-to-date: /home/li/ros2_hw2/install/number_converter/include/number_converter/number_converter/msg
[0.395s] -- Up-to-date: /home/li/ros2_hw2/install/number_converter/include/number_converter/number_converter/msg/rosidl_typesupport_introspection_c__visibility_control.h
[0.395s] -- Up-to-date: /home/li/ros2_hw2/install/number_converter/lib/libnumber_converter__rosidl_typesupport_introspection_c.so
[0.396s] -- Up-to-date: /home/li/ros2_hw2/install/number_converter/lib/libnumber_converter__rosidl_typesupport_c.so
[0.396s] -- Up-to-date: /home/li/ros2_hw2/install/number_converter/include/number_converter/number_converter
[0.396s] -- Up-to-date: /home/li/ros2_hw2/install/number_converter/include/number_converter/number_converter/srv
[0.396s] -- Up-to-date: /home/li/ros2_hw2/install/number_converter/include/number_converter/number_converter/srv/roman_to_decimal.hpp
[0.396s] -- Up-to-date: /home/li/ros2_hw2/install/number_converter/include/number_converter/number_converter/srv/detail
[0.397s] -- Up-to-date: /home/li/ros2_hw2/install/number_converter/include/number_converter/number_converter/srv/detail/roman_to_decimal__struct.hpp
[0.397s] -- Up-to-date: /home/li/ros2_hw2/install/number_converter/include/number_converter/number_converter/srv/detail/roman_to_decimal__traits.hpp
[0.397s] -- Up-to-date: /home/li/ros2_hw2/install/number_converter/include/number_converter/number_converter/srv/detail/roman_to_decimal__type_support.hpp
[0.397s] -- Up-to-date: /home/li/ros2_hw2/install/number_converter/include/number_converter/number_converter/srv/detail/roman_to_decimal__builder.hpp
[0.397s] -- Up-to-date: /home/li/ros2_hw2/install/number_converter/include/number_converter/number_converter/msg
[0.397s] -- Up-to-date: /home/li/ros2_hw2/install/number_converter/include/number_converter/number_converter/msg/rosidl_generator_cpp__visibility_control.hpp
[0.397s] -- Up-to-date: /home/li/ros2_hw2/install/number_converter/include/number_converter/number_converter
[0.397s] -- Up-to-date: /home/li/ros2_hw2/install/number_converter/include/number_converter/number_converter/srv
[0.397s] -- Up-to-date: /home/li/ros2_hw2/install/number_converter/include/number_converter/number_converter/srv/detail
[0.397s] -- Up-to-date: /home/li/ros2_hw2/install/number_converter/include/number_converter/number_converter/srv/detail/dds_fastrtps
[0.397s] -- Up-to-date: /home/li/ros2_hw2/install/number_converter/include/number_converter/number_converter/srv/detail/roman_to_decimal__rosidl_typesupport_fastrtps_cpp.hpp
[0.397s] -- Up-to-date: /home/li/ros2_hw2/install/number_converter/include/number_converter/number_converter/msg
[0.397s] -- Up-to-date: /home/li/ros2_hw2/install/number_converter/include/number_converter/number_converter/msg/rosidl_typesupport_fastrtps_cpp__visibility_control.h
[0.398s] -- Up-to-date: /home/li/ros2_hw2/install/number_converter/lib/libnumber_converter__rosidl_typesupport_fastrtps_cpp.so
[0.398s] -- Up-to-date: /home/li/ros2_hw2/install/number_converter/include/number_converter/number_converter
[0.398s] -- Up-to-date: /home/li/ros2_hw2/install/number_converter/include/number_converter/number_converter/srv
[0.398s] -- Up-to-date: /home/li/ros2_hw2/install/number_converter/include/number_converter/number_converter/srv/detail
[0.398s] -- Up-to-date: /home/li/ros2_hw2/install/number_converter/include/number_converter/number_converter/srv/detail/roman_to_decimal__rosidl_typesupport_introspection_cpp.hpp
[0.398s] -- Up-to-date: /home/li/ros2_hw2/install/number_converter/include/number_converter/number_converter/srv/detail/roman_to_decimal__type_support.cpp
[0.399s] -- Up-to-date: /home/li/ros2_hw2/install/number_converter/lib/libnumber_converter__rosidl_typesupport_introspection_cpp.so
[0.400s] -- Up-to-date: /home/li/ros2_hw2/install/number_converter/lib/libnumber_converter__rosidl_typesupport_cpp.so
[0.400s] -- Up-to-date: /home/li/ros2_hw2/install/number_converter/share/number_converter/environment/pythonpath.sh
[0.400s] -- Up-to-date: /home/li/ros2_hw2/install/number_converter/share/number_converter/environment/pythonpath.dsv
[0.400s] -- Up-to-date: /home/li/ros2_hw2/install/number_converter/lib/python3.12/site-packages/number_converter-0.0.0-py3.12.egg-info
[0.400s] -- Installing: /home/li/ros2_hw2/install/number_converter/lib/python3.12/site-packages/number_converter-0.0.0-py3.12.egg-info/SOURCES.txt
[0.400s] -- Installing: /home/li/ros2_hw2/install/number_converter/lib/python3.12/site-packages/number_converter-0.0.0-py3.12.egg-info/PKG-INFO
[0.400s] -- Installing: /home/li/ros2_hw2/install/number_converter/lib/python3.12/site-packages/number_converter-0.0.0-py3.12.egg-info/dependency_links.txt
[0.401s] -- Installing: /home/li/ros2_hw2/install/number_converter/lib/python3.12/site-packages/number_converter-0.0.0-py3.12.egg-info/top_level.txt
[0.401s] -- Up-to-date: /home/li/ros2_hw2/install/number_converter/lib/python3.12/site-packages/number_converter
[0.401s] -- Up-to-date: /home/li/ros2_hw2/install/number_converter/lib/python3.12/site-packages/number_converter/srv
[0.401s] -- Up-to-date: /home/li/ros2_hw2/install/number_converter/lib/python3.12/site-packages/number_converter/srv/_roman_to_decimal_s.c
[0.401s] -- Up-to-date: /home/li/ros2_hw2/install/number_converter/lib/python3.12/site-packages/number_converter/srv/__init__.py
[0.401s] -- Up-to-date: /home/li/ros2_hw2/install/number_converter/lib/python3.12/site-packages/number_converter/srv/_roman_to_decimal.py
[0.401s] -- Up-to-date: /home/li/ros2_hw2/install/number_converter/lib/python3.12/site-packages/number_converter/number_converter_s__rosidl_typesupport_introspection_c.so
[0.401s] -- Up-to-date: /home/li/ros2_hw2/install/number_converter/lib/python3.12/site-packages/number_converter/_number_converter_s.ep.rosidl_typesupport_introspection_c.c
[0.401s] -- Up-to-date: /home/li/ros2_hw2/install/number_converter/lib/python3.12/site-packages/number_converter/_number_converter_s.ep.rosidl_typesupport_fastrtps_c.c
[0.401s] -- Up-to-date: /home/li/ros2_hw2/install/number_converter/lib/python3.12/site-packages/number_converter/_number_converter_s.ep.rosidl_typesupport_c.c
[0.401s] -- Up-to-date: /home/li/ros2_hw2/install/number_converter/lib/python3.12/site-packages/number_converter/number_converter_s__rosidl_typesupport_fastrtps_c.so
[0.401s] -- Up-to-date: /home/li/ros2_hw2/install/number_converter/lib/python3.12/site-packages/number_converter/number_converter_s__rosidl_typesupport_c.so
[0.401s] -- Up-to-date: /home/li/ros2_hw2/install/number_converter/lib/python3.12/site-packages/number_converter/__init__.py
[0.428s] Listing '/home/li/ros2_hw2/install/number_converter/lib/python3.12/site-packages/number_converter'...
[0.428s] Listing '/home/li/ros2_hw2/install/number_converter/lib/python3.12/site-packages/number_converter/srv'...
[0.432s] -- Up-to-date: /home/li/ros2_hw2/install/number_converter/lib/python3.12/site-packages/number_converter/number_converter_s__rosidl_typesupport_fastrtps_c.so
[0.433s] -- Up-to-date: /home/li/ros2_hw2/install/number_converter/lib/python3.12/site-packages/number_converter/number_converter_s__rosidl_typesupport_introspection_c.so
[0.434s] -- Up-to-date: /home/li/ros2_hw2/install/number_converter/lib/python3.12/site-packages/number_converter/number_converter_s__rosidl_typesupport_c.so
[0.435s] -- Up-to-date: /home/li/ros2_hw2/install/number_converter/lib/libnumber_converter__rosidl_generator_py.so
[0.435s] -- Up-to-date: /home/li/ros2_hw2/install/number_converter/share/number_converter/srv/RomanToDecimal.idl
[0.435s] -- Up-to-date: /home/li/ros2_hw2/install/number_converter/share/number_converter/srv/RomanToDecimal.srv
[0.435s] -- Up-to-date: /home/li/ros2_hw2/install/number_converter/share/ament_index/resource_index/package_run_dependencies/number_converter
[0.435s] -- Up-to-date: /home/li/ros2_hw2/install/number_converter/share/ament_index/resource_index/parent_prefix_path/number_converter
[0.435s] -- Up-to-date: /home/li/ros2_hw2/install/number_converter/share/number_converter/environment/ament_prefix_path.sh
[0.435s] -- Up-to-date: /home/li/ros2_hw2/install/number_converter/share/number_converter/environment/ament_prefix_path.dsv
[0.435s] -- Up-to-date: /home/li/ros2_hw2/install/number_converter/share/number_converter/environment/path.sh
[0.435s] -- Up-to-date: /home/li/ros2_hw2/install/number_converter/share/number_converter/environment/path.dsv
[0.435s] -- Up-to-date: /home/li/ros2_hw2/install/number_converter/share/number_converter/local_setup.bash
[0.435s] -- Up-to-date: /home/li/ros2_hw2/install/number_converter/share/number_converter/local_setup.sh
[0.435s] -- Up-to-date: /home/li/ros2_hw2/install/number_converter/share/number_converter/local_setup.zsh
[0.435s] -- Up-to-date: /home/li/ros2_hw2/install/number_converter/share/number_converter/local_setup.dsv
[0.435s] -- Installing: /home/li/ros2_hw2/install/number_converter/share/number_converter/package.dsv
[0.436s] -- Up-to-date: /home/li/ros2_hw2/install/number_converter/share/ament_index/resource_index/packages/number_converter
[0.436s] -- Up-to-date: /home/li/ros2_hw2/install/number_converter/share/number_converter/cmake/export_number_converter__rosidl_generator_cExport.cmake
[0.436s] -- Up-to-date: /home/li/ros2_hw2/install/number_converter/share/number_converter/cmake/export_number_converter__rosidl_generator_cExport-noconfig.cmake
[0.437s] -- Up-to-date: /home/li/ros2_hw2/install/number_converter/share/number_converter/cmake/export_number_converter__rosidl_typesupport_fastrtps_cExport.cmake
[0.437s] -- Up-to-date: /home/li/ros2_hw2/install/number_converter/share/number_converter/cmake/export_number_converter__rosidl_typesupport_fastrtps_cExport-noconfig.cmake
[0.437s] -- Up-to-date: /home/li/ros2_hw2/install/number_converter/share/number_converter/cmake/number_converter__rosidl_typesupport_introspection_cExport.cmake
[0.437s] -- Up-to-date: /home/li/ros2_hw2/install/number_converter/share/number_converter/cmake/number_converter__rosidl_typesupport_introspection_cExport-noconfig.cmake
[0.438s] -- Up-to-date: /home/li/ros2_hw2/install/number_converter/share/number_converter/cmake/number_converter__rosidl_typesupport_cExport.cmake
[0.438s] -- Up-to-date: /home/li/ros2_hw2/install/number_converter/share/number_converter/cmake/number_converter__rosidl_typesupport_cExport-noconfig.cmake
[0.438s] -- Up-to-date: /home/li/ros2_hw2/install/number_converter/share/number_converter/cmake/export_number_converter__rosidl_generator_cppExport.cmake
[0.439s] -- Up-to-date: /home/li/ros2_hw2/install/number_converter/share/number_converter/cmake/export_number_converter__rosidl_typesupport_fastrtps_cppExport.cmake
[0.439s] -- Up-to-date: /home/li/ros2_hw2/install/number_converter/share/number_converter/cmake/export_number_converter__rosidl_typesupport_fastrtps_cppExport-noconfig.cmake
[0.439s] -- Up-to-date: /home/li/ros2_hw2/install/number_converter/share/number_converter/cmake/number_converter__rosidl_typesupport_introspection_cppExport.cmake
[0.439s] -- Up-to-date: /home/li/ros2_hw2/install/number_converter/share/number_converter/cmake/number_converter__rosidl_typesupport_introspection_cppExport-noconfig.cmake
[0.439s] -- Up-to-date: /home/li/ros2_hw2/install/number_converter/share/number_converter/cmake/number_converter__rosidl_typesupport_cppExport.cmake
[0.439s] -- Up-to-date: /home/li/ros2_hw2/install/number_converter/share/number_converter/cmake/number_converter__rosidl_typesupport_cppExport-noconfig.cmake
[0.439s] -- Up-to-date: /home/li/ros2_hw2/install/number_converter/share/number_converter/cmake/export_number_converter__rosidl_generator_pyExport.cmake
[0.439s] -- Up-to-date: /home/li/ros2_hw2/install/number_converter/share/number_converter/cmake/export_number_converter__rosidl_generator_pyExport-noconfig.cmake
[0.440s] -- Up-to-date: /home/li/ros2_hw2/install/number_converter/share/number_converter/cmake/rosidl_cmake-extras.cmake
[0.440s] -- Up-to-date: /home/li/ros2_hw2/install/number_converter/share/number_converter/cmake/ament_cmake_export_dependencies-extras.cmake
[0.440s] -- Up-to-date: /home/li/ros2_hw2/install/number_converter/share/number_converter/cmake/ament_cmake_export_include_directories-extras.cmake
[0.440s] -- Up-to-date: /home/li/ros2_hw2/install/number_converter/share/number_converter/cmake/ament_cmake_export_libraries-extras.cmake
[0.440s] -- Up-to-date: /home/li/ros2_hw2/install/number_converter/share/number_converter/cmake/ament_cmake_export_targets-extras.cmake
[0.440s] -- Up-to-date: /home/li/ros2_hw2/install/number_converter/share/number_converter/cmake/rosidl_cmake_export_typesupport_targets-extras.cmake
[0.440s] -- Up-to-date: /home/li/ros2_hw2/install/number_converter/share/number_converter/cmake/rosidl_cmake_export_typesupport_libraries-extras.cmake
[0.440s] -- Up-to-date: /home/li/ros2_hw2/install/number_converter/share/number_converter/cmake/number_converterConfig.cmake
[0.440s] -- Up-to-date: /home/li/ros2_hw2/install/number_converter/share/number_converter/cmake/number_converterConfig-version.cmake
[0.440s] -- Up-to-date: /home/li/ros2_hw2/install/number_converter/share/number_converter/package.xml
[0.442s] Invoked command in '/home/li/ros2_hw2/build/number_converter' returned '0': CMAKE_PREFIX_PATH=${CMAKE_PREFIX_PATH}:/home/li/install/number_converter_py:/opt/ros/jazzy DEBUGINFOD_URLS=https://debuginfod.ubuntu.com /usr/bin/cmake --install /home/li/ros2_hw2/build/number_converter
