[0.012s] Invoking command in '/home/li/ros2_hw2/build/number_converter': CMAKE_PREFIX_PATH=${CMAKE_PREFIX_PATH}:/opt/ros/jazzy DEBUGINFOD_URLS=https://debuginfod.ubuntu.com /usr/bin/cmake /home/li/ros2_hw2/src/number_converter -DCMAKE_INSTALL_PREFIX=/home/li/ros2_hw2/install/number_converter
[0.155s] -- The C compiler identification is GNU 13.3.0
[0.262s] -- The CXX compiler identification is GNU 13.3.0
[0.277s] -- Detecting C compiler ABI info
[0.344s] -- Detecting C compiler ABI info - done
[0.352s] -- Check for working C compiler: /usr/bin/cc - skipped
[0.352s] -- Detecting C compile features
[0.353s] -- Detecting C compile features - done
[0.359s] -- Detecting CXX compiler ABI info
[0.422s] -- Detecting CXX compiler ABI info - done
[0.430s] -- Check for working CXX compiler: /usr/bin/c++ - skipped
[0.430s] -- Detecting CXX compile features
[0.430s] -- Detecting CXX compile features - done
[0.438s] -- Found ament_cmake: 2.5.5 (/opt/ros/jazzy/share/ament_cmake/cmake)
[0.527s] -- Found Python3: /usr/bin/python3 (found version "3.12.3") found components: Interpreter 
[0.603s] -- Found rosidl_default_generators: 1.6.0 (/opt/ros/jazzy/share/rosidl_default_generators/cmake)
[0.611s] -- Using all available rosidl_typesupport_c: rosidl_typesupport_fastrtps_c;rosidl_typesupport_introspection_c
[0.658s] -- Using all available rosidl_typesupport_cpp: rosidl_typesupport_fastrtps_cpp;rosidl_typesupport_introspection_cpp
[0.693s] -- Found rosidl_adapter: 4.6.7 (/opt/ros/jazzy/share/rosidl_adapter/cmake)
[1.086s] -- Found ament_cmake_ros: 0.12.0 (/opt/ros/jazzy/share/ament_cmake_ros/cmake)
[1.354s] -- Using all available rosidl_typesupport_c: rosidl_typesupport_fastrtps_c;rosidl_typesupport_introspection_c
[1.689s] -- Using all available rosidl_typesupport_cpp: rosidl_typesupport_fastrtps_cpp;rosidl_typesupport_introspection_cpp
[1.692s] -- Found python_cmake_module: 0.11.1 (/opt/ros/jazzy/share/python_cmake_module/cmake)
[1.775s] -- Found PythonExtra: /usr/bin/python3  
[2.093s] -- Found Python3: /usr/bin/python3 (found version "3.12.3") found components: Interpreter Development NumPy Development.Module Development.Embed 
[2.120s] -- Configuring done (2.1s)
[2.143s] -- Generating done (0.0s)
[2.150s] -- Build files have been written to: /home/li/ros2_hw2/build/number_converter
[2.155s] Invoked command in '/home/li/ros2_hw2/build/number_converter' returned '0': CMAKE_PREFIX_PATH=${CMAKE_PREFIX_PATH}:/opt/ros/jazzy DEBUGINFOD_URLS=https://debuginfod.ubuntu.com /usr/bin/cmake /home/li/ros2_hw2/src/number_converter -DCMAKE_INSTALL_PREFIX=/home/li/ros2_hw2/install/number_converter
[2.155s] Invoking command in '/home/li/ros2_hw2/build/number_converter': CMAKE_PREFIX_PATH=${CMAKE_PREFIX_PATH}:/opt/ros/jazzy DEBUGINFOD_URLS=https://debuginfod.ubuntu.com /usr/bin/cmake --build /home/li/ros2_hw2/build/number_converter -- -j5 -l5
[2.185s] [  2%] [34m[1mGenerating type hashes for ROS interfaces[0m
[2.190s] [  2%] Built target ament_cmake_python_copy_number_converter
[2.306s] [  2%] Built target number_converter__rosidl_generator_type_description
[2.312s] [  5%] [34m[1mGenerating C code for ROS interfaces[0m
[2.318s] [  8%] [34m[1mGenerating C++ code for ROS interfaces[0m
[2.395s] running egg_info
[2.396s] creating number_converter.egg-info
[2.405s] writing number_converter.egg-info/PKG-INFO
[2.405s] writing dependency_links to number_converter.egg-info/dependency_links.txt
[2.405s] writing top-level names to number_converter.egg-info/top_level.txt
[2.405s] writing manifest file 'number_converter.egg-info/SOURCES.txt'
[2.439s] reading manifest file 'number_converter.egg-info/SOURCES.txt'
[2.439s] writing manifest file 'number_converter.egg-info/SOURCES.txt'
[2.459s] [  8%] Built target ament_cmake_python_build_number_converter_egg
[2.494s] [  8%] Built target number_converter__cpp
[2.506s] [ 17%] [32mBuilding C object CMakeFiles/number_converter__rosidl_generator_c.dir/rosidl_generator_c/number_converter/srv/detail/roman_to_decimal__type_support.c.o[0m
[2.506s] [ 17%] [32mBuilding C object CMakeFiles/number_converter__rosidl_generator_c.dir/rosidl_generator_c/number_converter/srv/detail/roman_to_decimal__description.c.o[0m
[2.506s] [ 17%] [32mBuilding C object CMakeFiles/number_converter__rosidl_generator_c.dir/rosidl_generator_c/number_converter/srv/detail/roman_to_decimal__functions.c.o[0m
[2.584s] [ 20%] [32m[1mLinking C shared library libnumber_converter__rosidl_generator_c.so[0m
[2.608s] [ 20%] Built target number_converter__rosidl_generator_c
[2.614s] [ 26%] [34m[1mGenerating C++ type support dispatch for ROS interfaces[0m
[2.614s] [ 26%] [34m[1mGenerating C introspection for ROS interfaces[0m
[2.614s] [ 29%] [34m[1mGenerating C type support for eProsima Fast-RTPS[0m
[2.616s] [ 32%] [34m[1mGenerating C++ type support for eProsima Fast-RTPS[0m
[2.616s] [ 35%] [34m[1mGenerating C type support dispatch for ROS interfaces[0m
[2.791s] [ 38%] [32mBuilding CXX object CMakeFiles/number_converter__rosidl_typesupport_c.dir/rosidl_typesupport_c/number_converter/srv/roman_to_decimal__type_support.cpp.o[0m
[2.791s] [ 41%] [32mBuilding CXX object CMakeFiles/number_converter__rosidl_typesupport_cpp.dir/rosidl_typesupport_cpp/number_converter/srv/roman_to_decimal__type_support.cpp.o[0m
[2.820s] [ 44%] [32mBuilding C object CMakeFiles/number_converter__rosidl_typesupport_introspection_c.dir/rosidl_typesupport_introspection_c/number_converter/srv/detail/roman_to_decimal__type_support.c.o[0m
[2.847s] [ 47%] [32mBuilding CXX object CMakeFiles/number_converter__rosidl_typesupport_fastrtps_cpp.dir/rosidl_typesupport_fastrtps_cpp/number_converter/srv/detail/dds_fastrtps/roman_to_decimal__type_support.cpp.o[0m
[2.852s] [ 50%] [32m[1mLinking CXX shared library libnumber_converter__rosidl_typesupport_c.so[0m
[2.857s] [ 52%] [32mBuilding CXX object CMakeFiles/number_converter__rosidl_typesupport_fastrtps_c.dir/rosidl_typesupport_fastrtps_c/number_converter/srv/detail/roman_to_decimal__type_support_c.cpp.o[0m
[2.862s] [ 55%] [32m[1mLinking C shared library libnumber_converter__rosidl_typesupport_introspection_c.so[0m
[2.883s] [ 55%] Built target number_converter__rosidl_typesupport_c
[2.885s] [ 55%] Built target number_converter__rosidl_typesupport_introspection_c
[2.889s] [ 58%] [34m[1mGenerating C++ introspection for ROS interfaces[0m
[3.075s] [ 61%] [32mBuilding CXX object CMakeFiles/number_converter__rosidl_typesupport_introspection_cpp.dir/rosidl_typesupport_introspection_cpp/number_converter/srv/detail/roman_to_decimal__type_support.cpp.o[0m
[3.183s] [ 64%] [32m[1mLinking CXX shared library libnumber_converter__rosidl_typesupport_cpp.so[0m
[3.245s] [ 64%] Built target number_converter__rosidl_typesupport_cpp
[3.289s] [ 67%] [32m[1mLinking CXX shared library libnumber_converter__rosidl_typesupport_fastrtps_c.so[0m
[3.343s] [ 67%] Built target number_converter__rosidl_typesupport_fastrtps_c
[3.362s] [ 70%] [32m[1mLinking CXX shared library libnumber_converter__rosidl_typesupport_fastrtps_cpp.so[0m
[3.397s] [ 73%] [32m[1mLinking CXX shared library libnumber_converter__rosidl_typesupport_introspection_cpp.so[0m
[3.409s] [ 73%] Built target number_converter__rosidl_typesupport_fastrtps_cpp
[3.442s] [ 73%] Built target number_converter__rosidl_typesupport_introspection_cpp
[3.453s] [ 73%] Built target number_converter
[3.464s] [ 76%] [34m[1mGenerating Python code for ROS interfaces[0m
[3.665s] [ 76%] Built target number_converter__py
[3.676s] [ 79%] [32mBuilding C object CMakeFiles/number_converter__rosidl_generator_py.dir/rosidl_generator_py/number_converter/srv/_roman_to_decimal_s.c.o[0m
[3.787s] [ 82%] [32m[1mLinking C shared library libnumber_converter__rosidl_generator_py.so[0m
[3.814s] [ 82%] Built target number_converter__rosidl_generator_py
[3.825s] [ 88%] [32mBuilding C object CMakeFiles/number_converter_s__rosidl_typesupport_fastrtps_c.dir/rosidl_generator_py/number_converter/_number_converter_s.ep.rosidl_typesupport_fastrtps_c.c.o[0m
[3.825s] [ 88%] [32mBuilding C object CMakeFiles/number_converter_s__rosidl_typesupport_c.dir/rosidl_generator_py/number_converter/_number_converter_s.ep.rosidl_typesupport_c.c.o[0m
[3.825s] [ 91%] [32mBuilding C object CMakeFiles/number_converter_s__rosidl_typesupport_introspection_c.dir/rosidl_generator_py/number_converter/_number_converter_s.ep.rosidl_typesupport_introspection_c.c.o[0m
[3.895s] [ 97%] [32m[1mLinking C shared module rosidl_generator_py/number_converter/number_converter_s__rosidl_typesupport_introspection_c.so[0m
[3.895s] [ 97%] [32m[1mLinking C shared module rosidl_generator_py/number_converter/number_converter_s__rosidl_typesupport_c.so[0m
[3.898s] [100%] [32m[1mLinking C shared module rosidl_generator_py/number_converter/number_converter_s__rosidl_typesupport_fastrtps_c.so[0m
[3.914s] [100%] Built target number_converter_s__rosidl_typesupport_c
[3.914s] [100%] Built target number_converter_s__rosidl_typesupport_introspection_c
[3.919s] [100%] Built target number_converter_s__rosidl_typesupport_fastrtps_c
[3.925s] Invoked command in '/home/li/ros2_hw2/build/number_converter' returned '0': CMAKE_PREFIX_PATH=${CMAKE_PREFIX_PATH}:/opt/ros/jazzy DEBUGINFOD_URLS=https://debuginfod.ubuntu.com /usr/bin/cmake --build /home/li/ros2_hw2/build/number_converter -- -j5 -l5
[3.931s] Invoking command in '/home/li/ros2_hw2/build/number_converter': CMAKE_PREFIX_PATH=${CMAKE_PREFIX_PATH}:/opt/ros/jazzy DEBUGINFOD_URLS=https://debuginfod.ubuntu.com /usr/bin/cmake --install /home/li/ros2_hw2/build/number_converter
[3.936s] -- Install configuration: ""
[3.936s] -- Installing: /home/li/ros2_hw2/install/number_converter/share/ament_index/resource_index/rosidl_interfaces/number_converter
[3.937s] -- Installing: /home/li/ros2_hw2/install/number_converter/share/number_converter/srv/RomanToDecimal.json
[3.937s] -- Installing: /home/li/ros2_hw2/install/number_converter/include/number_converter/number_converter
[3.937s] -- Installing: /home/li/ros2_hw2/install/number_converter/include/number_converter/number_converter/srv
[3.937s] -- Installing: /home/li/ros2_hw2/install/number_converter/include/number_converter/number_converter/srv/detail
[3.937s] -- Installing: /home/li/ros2_hw2/install/number_converter/include/number_converter/number_converter/srv/detail/roman_to_decimal__description.c
[3.937s] -- Installing: /home/li/ros2_hw2/install/number_converter/include/number_converter/number_converter/srv/detail/roman_to_decimal__functions.c
[3.937s] -- Installing: /home/li/ros2_hw2/install/number_converter/include/number_converter/number_converter/srv/detail/roman_to_decimal__type_support.c
[3.937s] -- Installing: /home/li/ros2_hw2/install/number_converter/include/number_converter/number_converter/srv/detail/roman_to_decimal__functions.h
[3.937s] -- Installing: /home/li/ros2_hw2/install/number_converter/include/number_converter/number_converter/srv/detail/roman_to_decimal__type_support.h
[3.937s] -- Installing: /home/li/ros2_hw2/install/number_converter/include/number_converter/number_converter/srv/detail/roman_to_decimal__struct.h
[3.937s] -- Installing: /home/li/ros2_hw2/install/number_converter/include/number_converter/number_converter/srv/roman_to_decimal.h
[3.937s] -- Installing: /home/li/ros2_hw2/install/number_converter/include/number_converter/number_converter/msg
[3.938s] -- Installing: /home/li/ros2_hw2/install/number_converter/include/number_converter/number_converter/msg/rosidl_generator_c__visibility_control.h
[3.938s] -- Installing: /home/li/ros2_hw2/install/number_converter/share/number_converter/environment/library_path.sh
[3.938s] -- Installing: /home/li/ros2_hw2/install/number_converter/share/number_converter/environment/library_path.dsv
[3.938s] -- Installing: /home/li/ros2_hw2/install/number_converter/lib/libnumber_converter__rosidl_generator_c.so
[3.938s] -- Set non-toolchain portion of runtime path of "/home/li/ros2_hw2/install/number_converter/lib/libnumber_converter__rosidl_generator_c.so" to ""
[3.938s] -- Up-to-date: /home/li/ros2_hw2/install/number_converter/include/number_converter/number_converter
[3.938s] -- Up-to-date: /home/li/ros2_hw2/install/number_converter/include/number_converter/number_converter/srv
[3.938s] -- Up-to-date: /home/li/ros2_hw2/install/number_converter/include/number_converter/number_converter/srv/detail
[3.938s] -- Installing: /home/li/ros2_hw2/install/number_converter/include/number_converter/number_converter/srv/detail/roman_to_decimal__rosidl_typesupport_fastrtps_c.h
[3.938s] -- Up-to-date: /home/li/ros2_hw2/install/number_converter/include/number_converter/number_converter/msg
[3.938s] -- Installing: /home/li/ros2_hw2/install/number_converter/include/number_converter/number_converter/msg/rosidl_typesupport_fastrtps_c__visibility_control.h
[3.938s] -- Installing: /home/li/ros2_hw2/install/number_converter/lib/libnumber_converter__rosidl_typesupport_fastrtps_c.so
[3.938s] -- Set non-toolchain portion of runtime path of "/home/li/ros2_hw2/install/number_converter/lib/libnumber_converter__rosidl_typesupport_fastrtps_c.so" to ""
[3.938s] -- Up-to-date: /home/li/ros2_hw2/install/number_converter/include/number_converter/number_converter
[3.939s] -- Up-to-date: /home/li/ros2_hw2/install/number_converter/include/number_converter/number_converter/srv
[3.939s] -- Up-to-date: /home/li/ros2_hw2/install/number_converter/include/number_converter/number_converter/srv/detail
[3.939s] -- Up-to-date: /home/li/ros2_hw2/install/number_converter/include/number_converter/number_converter/srv/detail/roman_to_decimal__type_support.c
[3.939s] -- Installing: /home/li/ros2_hw2/install/number_converter/include/number_converter/number_converter/srv/detail/roman_to_decimal__rosidl_typesupport_introspection_c.h
[3.939s] -- Up-to-date: /home/li/ros2_hw2/install/number_converter/include/number_converter/number_converter/msg
[3.939s] -- Installing: /home/li/ros2_hw2/install/number_converter/include/number_converter/number_converter/msg/rosidl_typesupport_introspection_c__visibility_control.h
[3.939s] -- Installing: /home/li/ros2_hw2/install/number_converter/lib/libnumber_converter__rosidl_typesupport_introspection_c.so
[3.939s] -- Set non-toolchain portion of runtime path of "/home/li/ros2_hw2/install/number_converter/lib/libnumber_converter__rosidl_typesupport_introspection_c.so" to ""
[3.939s] -- Installing: /home/li/ros2_hw2/install/number_converter/lib/libnumber_converter__rosidl_typesupport_c.so
[3.939s] -- Set non-toolchain portion of runtime path of "/home/li/ros2_hw2/install/number_converter/lib/libnumber_converter__rosidl_typesupport_c.so" to ""
[3.939s] -- Up-to-date: /home/li/ros2_hw2/install/number_converter/include/number_converter/number_converter
[3.939s] -- Up-to-date: /home/li/ros2_hw2/install/number_converter/include/number_converter/number_converter/srv
[3.939s] -- Installing: /home/li/ros2_hw2/install/number_converter/include/number_converter/number_converter/srv/roman_to_decimal.hpp
[3.940s] -- Up-to-date: /home/li/ros2_hw2/install/number_converter/include/number_converter/number_converter/srv/detail
[3.940s] -- Installing: /home/li/ros2_hw2/install/number_converter/include/number_converter/number_converter/srv/detail/roman_to_decimal__struct.hpp
[3.940s] -- Installing: /home/li/ros2_hw2/install/number_converter/include/number_converter/number_converter/srv/detail/roman_to_decimal__traits.hpp
[3.940s] -- Installing: /home/li/ros2_hw2/install/number_converter/include/number_converter/number_converter/srv/detail/roman_to_decimal__type_support.hpp
[3.940s] -- Installing: /home/li/ros2_hw2/install/number_converter/include/number_converter/number_converter/srv/detail/roman_to_decimal__builder.hpp
[3.940s] -- Up-to-date: /home/li/ros2_hw2/install/number_converter/include/number_converter/number_converter/msg
[3.940s] -- Installing: /home/li/ros2_hw2/install/number_converter/include/number_converter/number_converter/msg/rosidl_generator_cpp__visibility_control.hpp
[3.940s] -- Up-to-date: /home/li/ros2_hw2/install/number_converter/include/number_converter/number_converter
[3.940s] -- Up-to-date: /home/li/ros2_hw2/install/number_converter/include/number_converter/number_converter/srv
[3.940s] -- Up-to-date: /home/li/ros2_hw2/install/number_converter/include/number_converter/number_converter/srv/detail
[3.941s] -- Installing: /home/li/ros2_hw2/install/number_converter/include/number_converter/number_converter/srv/detail/dds_fastrtps
[3.941s] -- Installing: /home/li/ros2_hw2/install/number_converter/include/number_converter/number_converter/srv/detail/roman_to_decimal__rosidl_typesupport_fastrtps_cpp.hpp
[3.941s] -- Up-to-date: /home/li/ros2_hw2/install/number_converter/include/number_converter/number_converter/msg
[3.941s] -- Installing: /home/li/ros2_hw2/install/number_converter/include/number_converter/number_converter/msg/rosidl_typesupport_fastrtps_cpp__visibility_control.h
[3.941s] -- Installing: /home/li/ros2_hw2/install/number_converter/lib/libnumber_converter__rosidl_typesupport_fastrtps_cpp.so
[3.941s] -- Set non-toolchain portion of runtime path of "/home/li/ros2_hw2/install/number_converter/lib/libnumber_converter__rosidl_typesupport_fastrtps_cpp.so" to ""
[3.941s] -- Up-to-date: /home/li/ros2_hw2/install/number_converter/include/number_converter/number_converter
[3.941s] -- Up-to-date: /home/li/ros2_hw2/install/number_converter/include/number_converter/number_converter/srv
[3.941s] -- Up-to-date: /home/li/ros2_hw2/install/number_converter/include/number_converter/number_converter/srv/detail
[3.941s] -- Installing: /home/li/ros2_hw2/install/number_converter/include/number_converter/number_converter/srv/detail/roman_to_decimal__rosidl_typesupport_introspection_cpp.hpp
[3.941s] -- Installing: /home/li/ros2_hw2/install/number_converter/include/number_converter/number_converter/srv/detail/roman_to_decimal__type_support.cpp
[3.942s] -- Installing: /home/li/ros2_hw2/install/number_converter/lib/libnumber_converter__rosidl_typesupport_introspection_cpp.so
[3.942s] -- Set non-toolchain portion of runtime path of "/home/li/ros2_hw2/install/number_converter/lib/libnumber_converter__rosidl_typesupport_introspection_cpp.so" to ""
[3.942s] -- Installing: /home/li/ros2_hw2/install/number_converter/lib/libnumber_converter__rosidl_typesupport_cpp.so
[3.942s] -- Set non-toolchain portion of runtime path of "/home/li/ros2_hw2/install/number_converter/lib/libnumber_converter__rosidl_typesupport_cpp.so" to ""
[3.942s] -- Installing: /home/li/ros2_hw2/install/number_converter/share/number_converter/environment/pythonpath.sh
[3.942s] -- Installing: /home/li/ros2_hw2/install/number_converter/share/number_converter/environment/pythonpath.dsv
[3.942s] -- Installing: /home/li/ros2_hw2/install/number_converter/lib/python3.12/site-packages/number_converter-0.0.0-py3.12.egg-info
[3.942s] -- Installing: /home/li/ros2_hw2/install/number_converter/lib/python3.12/site-packages/number_converter-0.0.0-py3.12.egg-info/SOURCES.txt
[3.942s] -- Installing: /home/li/ros2_hw2/install/number_converter/lib/python3.12/site-packages/number_converter-0.0.0-py3.12.egg-info/PKG-INFO
[3.943s] -- Installing: /home/li/ros2_hw2/install/number_converter/lib/python3.12/site-packages/number_converter-0.0.0-py3.12.egg-info/dependency_links.txt
[3.943s] -- Installing: /home/li/ros2_hw2/install/number_converter/lib/python3.12/site-packages/number_converter-0.0.0-py3.12.egg-info/top_level.txt
[3.943s] -- Installing: /home/li/ros2_hw2/install/number_converter/lib/python3.12/site-packages/number_converter
[3.943s] -- Installing: /home/li/ros2_hw2/install/number_converter/lib/python3.12/site-packages/number_converter/srv
[3.943s] -- Installing: /home/li/ros2_hw2/install/number_converter/lib/python3.12/site-packages/number_converter/srv/_roman_to_decimal_s.c
[3.943s] -- Installing: /home/li/ros2_hw2/install/number_converter/lib/python3.12/site-packages/number_converter/srv/__init__.py
[3.943s] -- Installing: /home/li/ros2_hw2/install/number_converter/lib/python3.12/site-packages/number_converter/srv/_roman_to_decimal.py
[3.943s] -- Installing: /home/li/ros2_hw2/install/number_converter/lib/python3.12/site-packages/number_converter/number_converter_s__rosidl_typesupport_introspection_c.so
[3.943s] -- Installing: /home/li/ros2_hw2/install/number_converter/lib/python3.12/site-packages/number_converter/_number_converter_s.ep.rosidl_typesupport_introspection_c.c
[3.944s] -- Installing: /home/li/ros2_hw2/install/number_converter/lib/python3.12/site-packages/number_converter/_number_converter_s.ep.rosidl_typesupport_fastrtps_c.c
[3.944s] -- Installing: /home/li/ros2_hw2/install/number_converter/lib/python3.12/site-packages/number_converter/_number_converter_s.ep.rosidl_typesupport_c.c
[3.944s] -- Installing: /home/li/ros2_hw2/install/number_converter/lib/python3.12/site-packages/number_converter/number_converter_s__rosidl_typesupport_fastrtps_c.so
[3.944s] -- Installing: /home/li/ros2_hw2/install/number_converter/lib/python3.12/site-packages/number_converter/number_converter_s__rosidl_typesupport_c.so
[3.944s] -- Installing: /home/li/ros2_hw2/install/number_converter/lib/python3.12/site-packages/number_converter/__init__.py
[3.968s] Listing '/home/li/ros2_hw2/install/number_converter/lib/python3.12/site-packages/number_converter'...
[3.968s] Compiling '/home/li/ros2_hw2/install/number_converter/lib/python3.12/site-packages/number_converter/__init__.py'...
[3.968s] Listing '/home/li/ros2_hw2/install/number_converter/lib/python3.12/site-packages/number_converter/srv'...
[3.968s] Compiling '/home/li/ros2_hw2/install/number_converter/lib/python3.12/site-packages/number_converter/srv/__init__.py'...
[3.968s] Compiling '/home/li/ros2_hw2/install/number_converter/lib/python3.12/site-packages/number_converter/srv/_roman_to_decimal.py'...
[3.972s] -- Installing: /home/li/ros2_hw2/install/number_converter/lib/python3.12/site-packages/number_converter/number_converter_s__rosidl_typesupport_fastrtps_c.so
[3.972s] -- Set non-toolchain portion of runtime path of "/home/li/ros2_hw2/install/number_converter/lib/python3.12/site-packages/number_converter/number_converter_s__rosidl_typesupport_fastrtps_c.so" to ""
[3.972s] -- Installing: /home/li/ros2_hw2/install/number_converter/lib/python3.12/site-packages/number_converter/number_converter_s__rosidl_typesupport_introspection_c.so
[3.973s] -- Set non-toolchain portion of runtime path of "/home/li/ros2_hw2/install/number_converter/lib/python3.12/site-packages/number_converter/number_converter_s__rosidl_typesupport_introspection_c.so" to ""
[3.973s] -- Installing: /home/li/ros2_hw2/install/number_converter/lib/python3.12/site-packages/number_converter/number_converter_s__rosidl_typesupport_c.so
[3.973s] -- Set non-toolchain portion of runtime path of "/home/li/ros2_hw2/install/number_converter/lib/python3.12/site-packages/number_converter/number_converter_s__rosidl_typesupport_c.so" to ""
[3.973s] -- Installing: /home/li/ros2_hw2/install/number_converter/lib/libnumber_converter__rosidl_generator_py.so
[3.973s] -- Set non-toolchain portion of runtime path of "/home/li/ros2_hw2/install/number_converter/lib/libnumber_converter__rosidl_generator_py.so" to ""
[3.973s] -- Installing: /home/li/ros2_hw2/install/number_converter/share/number_converter/srv/RomanToDecimal.idl
[3.973s] -- Installing: /home/li/ros2_hw2/install/number_converter/share/number_converter/srv/RomanToDecimal.srv
[3.973s] -- Installing: /home/li/ros2_hw2/install/number_converter/share/ament_index/resource_index/package_run_dependencies/number_converter
[3.973s] -- Installing: /home/li/ros2_hw2/install/number_converter/share/ament_index/resource_index/parent_prefix_path/number_converter
[3.973s] -- Installing: /home/li/ros2_hw2/install/number_converter/share/number_converter/environment/ament_prefix_path.sh
[3.974s] -- Installing: /home/li/ros2_hw2/install/number_converter/share/number_converter/environment/ament_prefix_path.dsv
[3.974s] -- Installing: /home/li/ros2_hw2/install/number_converter/share/number_converter/environment/path.sh
[3.974s] -- Installing: /home/li/ros2_hw2/install/number_converter/share/number_converter/environment/path.dsv
[3.974s] -- Installing: /home/li/ros2_hw2/install/number_converter/share/number_converter/local_setup.bash
[3.974s] -- Installing: /home/li/ros2_hw2/install/number_converter/share/number_converter/local_setup.sh
[3.974s] -- Installing: /home/li/ros2_hw2/install/number_converter/share/number_converter/local_setup.zsh
[3.974s] -- Installing: /home/li/ros2_hw2/install/number_converter/share/number_converter/local_setup.dsv
[3.974s] -- Installing: /home/li/ros2_hw2/install/number_converter/share/number_converter/package.dsv
[3.974s] -- Installing: /home/li/ros2_hw2/install/number_converter/share/ament_index/resource_index/packages/number_converter
[3.974s] -- Installing: /home/li/ros2_hw2/install/number_converter/share/number_converter/cmake/export_number_converter__rosidl_generator_cExport.cmake
[3.974s] -- Installing: /home/li/ros2_hw2/install/number_converter/share/number_converter/cmake/export_number_converter__rosidl_generator_cExport-noconfig.cmake
[3.974s] -- Installing: /home/li/ros2_hw2/install/number_converter/share/number_converter/cmake/export_number_converter__rosidl_typesupport_fastrtps_cExport.cmake
[3.975s] -- Installing: /home/li/ros2_hw2/install/number_converter/share/number_converter/cmake/export_number_converter__rosidl_typesupport_fastrtps_cExport-noconfig.cmake
[3.975s] -- Installing: /home/li/ros2_hw2/install/number_converter/share/number_converter/cmake/number_converter__rosidl_typesupport_introspection_cExport.cmake
[3.975s] -- Installing: /home/li/ros2_hw2/install/number_converter/share/number_converter/cmake/number_converter__rosidl_typesupport_introspection_cExport-noconfig.cmake
[3.975s] -- Installing: /home/li/ros2_hw2/install/number_converter/share/number_converter/cmake/number_converter__rosidl_typesupport_cExport.cmake
[3.975s] -- Installing: /home/li/ros2_hw2/install/number_converter/share/number_converter/cmake/number_converter__rosidl_typesupport_cExport-noconfig.cmake
[3.975s] -- Installing: /home/li/ros2_hw2/install/number_converter/share/number_converter/cmake/export_number_converter__rosidl_generator_cppExport.cmake
[3.975s] -- Installing: /home/li/ros2_hw2/install/number_converter/share/number_converter/cmake/export_number_converter__rosidl_typesupport_fastrtps_cppExport.cmake
[3.975s] -- Installing: /home/li/ros2_hw2/install/number_converter/share/number_converter/cmake/export_number_converter__rosidl_typesupport_fastrtps_cppExport-noconfig.cmake
[3.975s] -- Installing: /home/li/ros2_hw2/install/number_converter/share/number_converter/cmake/number_converter__rosidl_typesupport_introspection_cppExport.cmake
[3.975s] -- Installing: /home/li/ros2_hw2/install/number_converter/share/number_converter/cmake/number_converter__rosidl_typesupport_introspection_cppExport-noconfig.cmake
[3.975s] -- Installing: /home/li/ros2_hw2/install/number_converter/share/number_converter/cmake/number_converter__rosidl_typesupport_cppExport.cmake
[3.975s] -- Installing: /home/li/ros2_hw2/install/number_converter/share/number_converter/cmake/number_converter__rosidl_typesupport_cppExport-noconfig.cmake
[3.976s] -- Installing: /home/li/ros2_hw2/install/number_converter/share/number_converter/cmake/export_number_converter__rosidl_generator_pyExport.cmake
[3.976s] -- Installing: /home/li/ros2_hw2/install/number_converter/share/number_converter/cmake/export_number_converter__rosidl_generator_pyExport-noconfig.cmake
[3.976s] -- Installing: /home/li/ros2_hw2/install/number_converter/share/number_converter/cmake/rosidl_cmake-extras.cmake
[3.976s] -- Installing: /home/li/ros2_hw2/install/number_converter/share/number_converter/cmake/ament_cmake_export_dependencies-extras.cmake
[3.976s] -- Installing: /home/li/ros2_hw2/install/number_converter/share/number_converter/cmake/ament_cmake_export_include_directories-extras.cmake
[3.976s] -- Installing: /home/li/ros2_hw2/install/number_converter/share/number_converter/cmake/ament_cmake_export_libraries-extras.cmake
[3.976s] -- Installing: /home/li/ros2_hw2/install/number_converter/share/number_converter/cmake/ament_cmake_export_targets-extras.cmake
[3.976s] -- Installing: /home/li/ros2_hw2/install/number_converter/share/number_converter/cmake/rosidl_cmake_export_typesupport_targets-extras.cmake
[3.976s] -- Installing: /home/li/ros2_hw2/install/number_converter/share/number_converter/cmake/rosidl_cmake_export_typesupport_libraries-extras.cmake
[3.976s] -- Installing: /home/li/ros2_hw2/install/number_converter/share/number_converter/cmake/number_converterConfig.cmake
[3.976s] -- Installing: /home/li/ros2_hw2/install/number_converter/share/number_converter/cmake/number_converterConfig-version.cmake
[3.976s] -- Installing: /home/li/ros2_hw2/install/number_converter/share/number_converter/package.xml
[3.978s] Invoked command in '/home/li/ros2_hw2/build/number_converter' returned '0': CMAKE_PREFIX_PATH=${CMAKE_PREFIX_PATH}:/opt/ros/jazzy DEBUGINFOD_URLS=https://debuginfod.ubuntu.com /usr/bin/cmake --install /home/li/ros2_hw2/build/number_converter
