[  2%] Built target number_converter__rosidl_generator_type_description
[  2%] Built target ament_cmake_python_copy_number_converter
[  5%] Built target number_converter__cpp
[ 20%] Built target number_converter__rosidl_generator_c
[ 29%] Built target number_converter__rosidl_typesupport_introspection_c
[ 38%] Built target number_converter__rosidl_typesupport_fastrtps_c
[ 55%] Built target number_converter__rosidl_typesupport_c
[ 55%] Built target number_converter__rosidl_typesupport_cpp
[ 64%] Built target number_converter__rosidl_typesupport_fastrtps_cpp
[ 73%] Built target number_converter__rosidl_typesupport_introspection_cpp
[ 73%] Built target number_converter
[ 76%] Built target number_converter__py
[ 82%] Built target number_converter__rosidl_generator_py
[100%] Built target number_converter_s__rosidl_typesupport_fastrtps_c
[100%] Built target number_converter_s__rosidl_typesupport_introspection_c
[100%] Built target number_converter_s__rosidl_typesupport_c
running egg_info
writing number_converter.egg-info/PKG-INFO
writing dependency_links to number_converter.egg-info/dependency_links.txt
writing top-level names to number_converter.egg-info/top_level.txt
reading manifest file 'number_converter.egg-info/SOURCES.txt'
writing manifest file 'number_converter.egg-info/SOURCES.txt'
[100%] Built target ament_cmake_python_build_number_converter_egg
-- Install configuration: ""
-- Up-to-date: /home/li/ros2_hw2/install/number_converter/share/ament_index/resource_index/rosidl_interfaces/number_converter
-- Up-to-date: /home/li/ros2_hw2/install/number_converter/share/number_converter/srv/RomanToDecimal.json
-- Up-to-date: /home/li/ros2_hw2/install/number_converter/include/number_converter/number_converter
-- Up-to-date: /home/li/ros2_hw2/install/number_converter/include/number_converter/number_converter/srv
-- Up-to-date: /home/li/ros2_hw2/install/number_converter/include/number_converter/number_converter/srv/detail
-- Up-to-date: /home/li/ros2_hw2/install/number_converter/include/number_converter/number_converter/srv/detail/roman_to_decimal__description.c
-- Up-to-date: /home/li/ros2_hw2/install/number_converter/include/number_converter/number_converter/srv/detail/roman_to_decimal__functions.c
-- Up-to-date: /home/li/ros2_hw2/install/number_converter/include/number_converter/number_converter/srv/detail/roman_to_decimal__type_support.c
-- Up-to-date: /home/li/ros2_hw2/install/number_converter/include/number_converter/number_converter/srv/detail/roman_to_decimal__functions.h
-- Up-to-date: /home/li/ros2_hw2/install/number_converter/include/number_converter/number_converter/srv/detail/roman_to_decimal__type_support.h
-- Up-to-date: /home/li/ros2_hw2/install/number_converter/include/number_converter/number_converter/srv/detail/roman_to_decimal__struct.h
-- Up-to-date: /home/li/ros2_hw2/install/number_converter/include/number_converter/number_converter/srv/roman_to_decimal.h
-- Up-to-date: /home/li/ros2_hw2/install/number_converter/include/number_converter/number_converter/msg
-- Up-to-date: /home/li/ros2_hw2/install/number_converter/include/number_converter/number_converter/msg/rosidl_generator_c__visibility_control.h
-- Up-to-date: /home/li/ros2_hw2/install/number_converter/share/number_converter/environment/library_path.sh
-- Up-to-date: /home/li/ros2_hw2/install/number_converter/share/number_converter/environment/library_path.dsv
-- Up-to-date: /home/li/ros2_hw2/install/number_converter/lib/libnumber_converter__rosidl_generator_c.so
-- Up-to-date: /home/li/ros2_hw2/install/number_converter/include/number_converter/number_converter
-- Up-to-date: /home/li/ros2_hw2/install/number_converter/include/number_converter/number_converter/srv
-- Up-to-date: /home/li/ros2_hw2/install/number_converter/include/number_converter/number_converter/srv/detail
-- Up-to-date: /home/li/ros2_hw2/install/number_converter/include/number_converter/number_converter/srv/detail/roman_to_decimal__rosidl_typesupport_fastrtps_c.h
-- Up-to-date: /home/li/ros2_hw2/install/number_converter/include/number_converter/number_converter/msg
-- Up-to-date: /home/li/ros2_hw2/install/number_converter/include/number_converter/number_converter/msg/rosidl_typesupport_fastrtps_c__visibility_control.h
-- Up-to-date: /home/li/ros2_hw2/install/number_converter/lib/libnumber_converter__rosidl_typesupport_fastrtps_c.so
-- Up-to-date: /home/li/ros2_hw2/install/number_converter/include/number_converter/number_converter
-- Up-to-date: /home/li/ros2_hw2/install/number_converter/include/number_converter/number_converter/srv
-- Up-to-date: /home/li/ros2_hw2/install/number_converter/include/number_converter/number_converter/srv/detail
-- Up-to-date: /home/li/ros2_hw2/install/number_converter/include/number_converter/number_converter/srv/detail/roman_to_decimal__type_support.c
-- Up-to-date: /home/li/ros2_hw2/install/number_converter/include/number_converter/number_converter/srv/detail/roman_to_decimal__rosidl_typesupport_introspection_c.h
-- Up-to-date: /home/li/ros2_hw2/install/number_converter/include/number_converter/number_converter/msg
-- Up-to-date: /home/li/ros2_hw2/install/number_converter/include/number_converter/number_converter/msg/rosidl_typesupport_introspection_c__visibility_control.h
-- Up-to-date: /home/li/ros2_hw2/install/number_converter/lib/libnumber_converter__rosidl_typesupport_introspection_c.so
-- Up-to-date: /home/li/ros2_hw2/install/number_converter/lib/libnumber_converter__rosidl_typesupport_c.so
-- Up-to-date: /home/li/ros2_hw2/install/number_converter/include/number_converter/number_converter
-- Up-to-date: /home/li/ros2_hw2/install/number_converter/include/number_converter/number_converter/srv
-- Up-to-date: /home/li/ros2_hw2/install/number_converter/include/number_converter/number_converter/srv/roman_to_decimal.hpp
-- Up-to-date: /home/li/ros2_hw2/install/number_converter/include/number_converter/number_converter/srv/detail
-- Up-to-date: /home/li/ros2_hw2/install/number_converter/include/number_converter/number_converter/srv/detail/roman_to_decimal__struct.hpp
-- Up-to-date: /home/li/ros2_hw2/install/number_converter/include/number_converter/number_converter/srv/detail/roman_to_decimal__traits.hpp
-- Up-to-date: /home/li/ros2_hw2/install/number_converter/include/number_converter/number_converter/srv/detail/roman_to_decimal__type_support.hpp
-- Up-to-date: /home/li/ros2_hw2/install/number_converter/include/number_converter/number_converter/srv/detail/roman_to_decimal__builder.hpp
-- Up-to-date: /home/li/ros2_hw2/install/number_converter/include/number_converter/number_converter/msg
-- Up-to-date: /home/li/ros2_hw2/install/number_converter/include/number_converter/number_converter/msg/rosidl_generator_cpp__visibility_control.hpp
-- Up-to-date: /home/li/ros2_hw2/install/number_converter/include/number_converter/number_converter
-- Up-to-date: /home/li/ros2_hw2/install/number_converter/include/number_converter/number_converter/srv
-- Up-to-date: /home/li/ros2_hw2/install/number_converter/include/number_converter/number_converter/srv/detail
-- Up-to-date: /home/li/ros2_hw2/install/number_converter/include/number_converter/number_converter/srv/detail/dds_fastrtps
-- Up-to-date: /home/li/ros2_hw2/install/number_converter/include/number_converter/number_converter/srv/detail/roman_to_decimal__rosidl_typesupport_fastrtps_cpp.hpp
-- Up-to-date: /home/li/ros2_hw2/install/number_converter/include/number_converter/number_converter/msg
-- Up-to-date: /home/li/ros2_hw2/install/number_converter/include/number_converter/number_converter/msg/rosidl_typesupport_fastrtps_cpp__visibility_control.h
-- Up-to-date: /home/li/ros2_hw2/install/number_converter/lib/libnumber_converter__rosidl_typesupport_fastrtps_cpp.so
-- Up-to-date: /home/li/ros2_hw2/install/number_converter/include/number_converter/number_converter
-- Up-to-date: /home/li/ros2_hw2/install/number_converter/include/number_converter/number_converter/srv
-- Up-to-date: /home/li/ros2_hw2/install/number_converter/include/number_converter/number_converter/srv/detail
-- Up-to-date: /home/li/ros2_hw2/install/number_converter/include/number_converter/number_converter/srv/detail/roman_to_decimal__rosidl_typesupport_introspection_cpp.hpp
-- Up-to-date: /home/li/ros2_hw2/install/number_converter/include/number_converter/number_converter/srv/detail/roman_to_decimal__type_support.cpp
-- Up-to-date: /home/li/ros2_hw2/install/number_converter/lib/libnumber_converter__rosidl_typesupport_introspection_cpp.so
-- Up-to-date: /home/li/ros2_hw2/install/number_converter/lib/libnumber_converter__rosidl_typesupport_cpp.so
-- Up-to-date: /home/li/ros2_hw2/install/number_converter/share/number_converter/environment/pythonpath.sh
-- Up-to-date: /home/li/ros2_hw2/install/number_converter/share/number_converter/environment/pythonpath.dsv
-- Up-to-date: /home/li/ros2_hw2/install/number_converter/lib/python3.12/site-packages/number_converter-0.0.0-py3.12.egg-info
-- Installing: /home/li/ros2_hw2/install/number_converter/lib/python3.12/site-packages/number_converter-0.0.0-py3.12.egg-info/SOURCES.txt
-- Installing: /home/li/ros2_hw2/install/number_converter/lib/python3.12/site-packages/number_converter-0.0.0-py3.12.egg-info/PKG-INFO
-- Installing: /home/li/ros2_hw2/install/number_converter/lib/python3.12/site-packages/number_converter-0.0.0-py3.12.egg-info/dependency_links.txt
-- Installing: /home/li/ros2_hw2/install/number_converter/lib/python3.12/site-packages/number_converter-0.0.0-py3.12.egg-info/top_level.txt
-- Up-to-date: /home/li/ros2_hw2/install/number_converter/lib/python3.12/site-packages/number_converter
-- Up-to-date: /home/li/ros2_hw2/install/number_converter/lib/python3.12/site-packages/number_converter/srv
-- Up-to-date: /home/li/ros2_hw2/install/number_converter/lib/python3.12/site-packages/number_converter/srv/_roman_to_decimal_s.c
-- Up-to-date: /home/li/ros2_hw2/install/number_converter/lib/python3.12/site-packages/number_converter/srv/__init__.py
-- Up-to-date: /home/li/ros2_hw2/install/number_converter/lib/python3.12/site-packages/number_converter/srv/_roman_to_decimal.py
-- Up-to-date: /home/li/ros2_hw2/install/number_converter/lib/python3.12/site-packages/number_converter/number_converter_s__rosidl_typesupport_introspection_c.so
-- Up-to-date: /home/li/ros2_hw2/install/number_converter/lib/python3.12/site-packages/number_converter/_number_converter_s.ep.rosidl_typesupport_introspection_c.c
-- Up-to-date: /home/li/ros2_hw2/install/number_converter/lib/python3.12/site-packages/number_converter/_number_converter_s.ep.rosidl_typesupport_fastrtps_c.c
-- Up-to-date: /home/li/ros2_hw2/install/number_converter/lib/python3.12/site-packages/number_converter/_number_converter_s.ep.rosidl_typesupport_c.c
-- Up-to-date: /home/li/ros2_hw2/install/number_converter/lib/python3.12/site-packages/number_converter/number_converter_s__rosidl_typesupport_fastrtps_c.so
-- Up-to-date: /home/li/ros2_hw2/install/number_converter/lib/python3.12/site-packages/number_converter/number_converter_s__rosidl_typesupport_c.so
-- Up-to-date: /home/li/ros2_hw2/install/number_converter/lib/python3.12/site-packages/number_converter/__init__.py
Listing '/home/li/ros2_hw2/install/number_converter/lib/python3.12/site-packages/number_converter'...
Listing '/home/li/ros2_hw2/install/number_converter/lib/python3.12/site-packages/number_converter/srv'...
-- Up-to-date: /home/li/ros2_hw2/install/number_converter/lib/python3.12/site-packages/number_converter/number_converter_s__rosidl_typesupport_fastrtps_c.so
-- Up-to-date: /home/li/ros2_hw2/install/number_converter/lib/python3.12/site-packages/number_converter/number_converter_s__rosidl_typesupport_introspection_c.so
-- Up-to-date: /home/li/ros2_hw2/install/number_converter/lib/python3.12/site-packages/number_converter/number_converter_s__rosidl_typesupport_c.so
-- Up-to-date: /home/li/ros2_hw2/install/number_converter/lib/libnumber_converter__rosidl_generator_py.so
-- Up-to-date: /home/li/ros2_hw2/install/number_converter/share/number_converter/srv/RomanToDecimal.idl
-- Up-to-date: /home/li/ros2_hw2/install/number_converter/share/number_converter/srv/RomanToDecimal.srv
-- Up-to-date: /home/li/ros2_hw2/install/number_converter/share/ament_index/resource_index/package_run_dependencies/number_converter
-- Up-to-date: /home/li/ros2_hw2/install/number_converter/share/ament_index/resource_index/parent_prefix_path/number_converter
-- Up-to-date: /home/li/ros2_hw2/install/number_converter/share/number_converter/environment/ament_prefix_path.sh
-- Up-to-date: /home/li/ros2_hw2/install/number_converter/share/number_converter/environment/ament_prefix_path.dsv
-- Up-to-date: /home/li/ros2_hw2/install/number_converter/share/number_converter/environment/path.sh
-- Up-to-date: /home/li/ros2_hw2/install/number_converter/share/number_converter/environment/path.dsv
-- Up-to-date: /home/li/ros2_hw2/install/number_converter/share/number_converter/local_setup.bash
-- Up-to-date: /home/li/ros2_hw2/install/number_converter/share/number_converter/local_setup.sh
-- Up-to-date: /home/li/ros2_hw2/install/number_converter/share/number_converter/local_setup.zsh
-- Up-to-date: /home/li/ros2_hw2/install/number_converter/share/number_converter/local_setup.dsv
-- Installing: /home/li/ros2_hw2/install/number_converter/share/number_converter/package.dsv
-- Up-to-date: /home/li/ros2_hw2/install/number_converter/share/ament_index/resource_index/packages/number_converter
-- Up-to-date: /home/li/ros2_hw2/install/number_converter/share/number_converter/cmake/export_number_converter__rosidl_generator_cExport.cmake
-- Up-to-date: /home/li/ros2_hw2/install/number_converter/share/number_converter/cmake/export_number_converter__rosidl_generator_cExport-noconfig.cmake
-- Up-to-date: /home/li/ros2_hw2/install/number_converter/share/number_converter/cmake/export_number_converter__rosidl_typesupport_fastrtps_cExport.cmake
-- Up-to-date: /home/li/ros2_hw2/install/number_converter/share/number_converter/cmake/export_number_converter__rosidl_typesupport_fastrtps_cExport-noconfig.cmake
-- Up-to-date: /home/li/ros2_hw2/install/number_converter/share/number_converter/cmake/number_converter__rosidl_typesupport_introspection_cExport.cmake
-- Up-to-date: /home/li/ros2_hw2/install/number_converter/share/number_converter/cmake/number_converter__rosidl_typesupport_introspection_cExport-noconfig.cmake
-- Up-to-date: /home/li/ros2_hw2/install/number_converter/share/number_converter/cmake/number_converter__rosidl_typesupport_cExport.cmake
-- Up-to-date: /home/li/ros2_hw2/install/number_converter/share/number_converter/cmake/number_converter__rosidl_typesupport_cExport-noconfig.cmake
-- Up-to-date: /home/li/ros2_hw2/install/number_converter/share/number_converter/cmake/export_number_converter__rosidl_generator_cppExport.cmake
-- Up-to-date: /home/li/ros2_hw2/install/number_converter/share/number_converter/cmake/export_number_converter__rosidl_typesupport_fastrtps_cppExport.cmake
-- Up-to-date: /home/li/ros2_hw2/install/number_converter/share/number_converter/cmake/export_number_converter__rosidl_typesupport_fastrtps_cppExport-noconfig.cmake
-- Up-to-date: /home/li/ros2_hw2/install/number_converter/share/number_converter/cmake/number_converter__rosidl_typesupport_introspection_cppExport.cmake
-- Up-to-date: /home/li/ros2_hw2/install/number_converter/share/number_converter/cmake/number_converter__rosidl_typesupport_introspection_cppExport-noconfig.cmake
-- Up-to-date: /home/li/ros2_hw2/install/number_converter/share/number_converter/cmake/number_converter__rosidl_typesupport_cppExport.cmake
-- Up-to-date: /home/li/ros2_hw2/install/number_converter/share/number_converter/cmake/number_converter__rosidl_typesupport_cppExport-noconfig.cmake
-- Up-to-date: /home/li/ros2_hw2/install/number_converter/share/number_converter/cmake/export_number_converter__rosidl_generator_pyExport.cmake
-- Up-to-date: /home/li/ros2_hw2/install/number_converter/share/number_converter/cmake/export_number_converter__rosidl_generator_pyExport-noconfig.cmake
-- Up-to-date: /home/li/ros2_hw2/install/number_converter/share/number_converter/cmake/rosidl_cmake-extras.cmake
-- Up-to-date: /home/li/ros2_hw2/install/number_converter/share/number_converter/cmake/ament_cmake_export_dependencies-extras.cmake
-- Up-to-date: /home/li/ros2_hw2/install/number_converter/share/number_converter/cmake/ament_cmake_export_include_directories-extras.cmake
-- Up-to-date: /home/li/ros2_hw2/install/number_converter/share/number_converter/cmake/ament_cmake_export_libraries-extras.cmake
-- Up-to-date: /home/li/ros2_hw2/install/number_converter/share/number_converter/cmake/ament_cmake_export_targets-extras.cmake
-- Up-to-date: /home/li/ros2_hw2/install/number_converter/share/number_converter/cmake/rosidl_cmake_export_typesupport_targets-extras.cmake
-- Up-to-date: /home/li/ros2_hw2/install/number_converter/share/number_converter/cmake/rosidl_cmake_export_typesupport_libraries-extras.cmake
-- Up-to-date: /home/li/ros2_hw2/install/number_converter/share/number_converter/cmake/number_converterConfig.cmake
-- Up-to-date: /home/li/ros2_hw2/install/number_converter/share/number_converter/cmake/number_converterConfig-version.cmake
-- Up-to-date: /home/li/ros2_hw2/install/number_converter/share/number_converter/package.xml
