[0.014s] Invoking command in '/home/li/Downloads/hw4/hw4/build/find_substring_positions_interfaces': CMAKE_PREFIX_PATH=${CMAKE_PREFIX_PATH}:/opt/ros/jazzy DEBUGINFOD_URLS=https://debuginfod.ubuntu.com /usr/bin/cmake /home/li/Downloads/hw4/hw4/src/find_substring_positions_interfaces -DAMENT_CMAKE_SYMLINK_INSTALL=1 -DCMAKE_INSTALL_PREFIX=/home/li/Downloads/hw4/hw4/install/find_substring_positions_interfaces
[0.084s] -- The C compiler identification is GNU 13.3.0
[0.146s] -- The CXX compiler identification is GNU 13.3.0
[0.157s] -- Detecting C compiler ABI info
[0.233s] -- Detecting C compiler ABI info - done
[0.242s] -- Check for working C compiler: /usr/bin/cc - skipped
[0.242s] -- Detecting C compile features
[0.243s] -- Detecting C compile features - done
[0.249s] -- Detecting CXX compiler ABI info
[0.312s] -- Detecting CXX compiler ABI info - done
[0.320s] -- Check for working CXX compiler: /usr/bin/c++ - skipped
[0.320s] -- Detecting CXX compile features
[0.321s] -- Detecting CXX compile features - done
[0.322s] -- Found ament_cmake: 2.5.5 (/opt/ros/jazzy/share/ament_cmake/cmake)
[0.417s] -- Found Python3: /usr/bin/python3 (found version "3.12.3") found components: Interpreter 
[0.459s] -- Override CMake install command with custom implementation using symlinks instead of copying resources
[0.476s] -- Found rosidl_default_generators: 1.6.0 (/opt/ros/jazzy/share/rosidl_default_generators/cmake)
[0.479s] -- Using all available rosidl_typesupport_c: rosidl_typesupport_fastrtps_c;rosidl_typesupport_introspection_c
[0.517s] -- Using all available rosidl_typesupport_cpp: rosidl_typesupport_fastrtps_cpp;rosidl_typesupport_introspection_cpp
[0.543s] -- Found rosidl_adapter: 4.6.7 (/opt/ros/jazzy/share/rosidl_adapter/cmake)
[0.960s] -- Found ament_cmake_ros: 0.12.0 (/opt/ros/jazzy/share/ament_cmake_ros/cmake)
[1.242s] -- Using all available rosidl_typesupport_c: rosidl_typesupport_fastrtps_c;rosidl_typesupport_introspection_c
[1.602s] -- Using all available rosidl_typesupport_cpp: rosidl_typesupport_fastrtps_cpp;rosidl_typesupport_introspection_cpp
[1.604s] -- Found python_cmake_module: 0.11.1 (/opt/ros/jazzy/share/python_cmake_module/cmake)
[1.691s] -- Found PythonExtra: /usr/bin/python3  
[1.986s] -- Found Python3: /usr/bin/python3 (found version "3.12.3") found components: Interpreter Development NumPy Development.Module Development.Embed 
[2.041s] -- Configuring done (2.0s)
[2.090s] -- Generating done (0.0s)
[2.100s] -- Build files have been written to: /home/li/Downloads/hw4/hw4/build/find_substring_positions_interfaces
[2.108s] Invoked command in '/home/li/Downloads/hw4/hw4/build/find_substring_positions_interfaces' returned '0': CMAKE_PREFIX_PATH=${CMAKE_PREFIX_PATH}:/opt/ros/jazzy DEBUGINFOD_URLS=https://debuginfod.ubuntu.com /usr/bin/cmake /home/li/Downloads/hw4/hw4/src/find_substring_positions_interfaces -DAMENT_CMAKE_SYMLINK_INSTALL=1 -DCMAKE_INSTALL_PREFIX=/home/li/Downloads/hw4/hw4/install/find_substring_positions_interfaces
[2.108s] Invoking command in '/home/li/Downloads/hw4/hw4/build/find_substring_positions_interfaces': CMAKE_PREFIX_PATH=${CMAKE_PREFIX_PATH}:/opt/ros/jazzy DEBUGINFOD_URLS=https://debuginfod.ubuntu.com /usr/bin/cmake --build /home/li/Downloads/hw4/hw4/build/find_substring_positions_interfaces -- -j5 -l5
[2.147s] [  2%] [34m[1mGenerating type hashes for ROS interfaces[0m
[2.153s] [  2%] Built target ament_cmake_python_symlink_find_substring_positions_interfaces
[2.301s] [  2%] Built target find_substring_positions_interfaces__rosidl_generator_type_description
[2.308s] [  5%] [34m[1mGenerating C code for ROS interfaces[0m
[2.318s] [  8%] [34m[1mGenerating C++ code for ROS interfaces[0m
[2.406s] running egg_info
[2.407s] creating find_substring_positions_interfaces.egg-info
[2.418s] writing find_substring_positions_interfaces.egg-info/PKG-INFO
[2.418s] writing dependency_links to find_substring_positions_interfaces.egg-info/dependency_links.txt
[2.419s] writing top-level names to find_substring_positions_interfaces.egg-info/top_level.txt
[2.419s] writing manifest file 'find_substring_positions_interfaces.egg-info/SOURCES.txt'
[2.459s] reading manifest file 'find_substring_positions_interfaces.egg-info/SOURCES.txt'
[2.459s] writing manifest file 'find_substring_positions_interfaces.egg-info/SOURCES.txt'
[2.481s] [  8%] Built target ament_cmake_python_build_find_substring_positions_interfaces_egg
[2.607s] [  8%] Built target find_substring_positions_interfaces__cpp
[2.638s] [ 17%] [32mBuilding C object CMakeFiles/find_substring_positions_interfaces__rosidl_generator_c.dir/rosidl_generator_c/find_substring_positions_interfaces/action/detail/find_substring_positions__type_support.c.o[0m
[2.638s] [ 17%] [32mBuilding C object CMakeFiles/find_substring_positions_interfaces__rosidl_generator_c.dir/rosidl_generator_c/find_substring_positions_interfaces/action/detail/find_substring_positions__description.c.o[0m
[2.638s] [ 17%] [32mBuilding C object CMakeFiles/find_substring_positions_interfaces__rosidl_generator_c.dir/rosidl_generator_c/find_substring_positions_interfaces/action/detail/find_substring_positions__functions.c.o[0m
[2.748s] [ 20%] [32m[1mLinking C shared library libfind_substring_positions_interfaces__rosidl_generator_c.so[0m
[2.773s] [ 20%] Built target find_substring_positions_interfaces__rosidl_generator_c
[2.781s] [ 29%] [34m[1mGenerating C introspection for ROS interfaces[0m
[2.781s] [ 29%] [34m[1mGenerating C++ type support for eProsima Fast-RTPS[0m
[2.781s] [ 29%] [34m[1mGenerating C type support dispatch for ROS interfaces[0m
[2.781s] [ 32%] [34m[1mGenerating C++ introspection for ROS interfaces[0m
[2.784s] [ 35%] [34m[1mGenerating C++ type support dispatch for ROS interfaces[0m
[3.006s] [ 38%] [32mBuilding CXX object CMakeFiles/find_substring_positions_interfaces__rosidl_typesupport_c.dir/rosidl_typesupport_c/find_substring_positions_interfaces/action/find_substring_positions__type_support.cpp.o[0m
[3.010s] [ 41%] [32mBuilding CXX object CMakeFiles/find_substring_positions_interfaces__rosidl_typesupport_cpp.dir/rosidl_typesupport_cpp/find_substring_positions_interfaces/action/find_substring_positions__type_support.cpp.o[0m
[3.051s] [ 44%] [32m[1mLinking CXX shared library libfind_substring_positions_interfaces__rosidl_typesupport_c.so[0m
[3.067s] [ 47%] [32mBuilding C object CMakeFiles/find_substring_positions_interfaces__rosidl_typesupport_introspection_c.dir/rosidl_typesupport_introspection_c/find_substring_positions_interfaces/action/detail/find_substring_positions__type_support.c.o[0m
[3.093s] [ 47%] Built target find_substring_positions_interfaces__rosidl_typesupport_c
[3.104s] [ 50%] [34m[1mGenerating C type support for eProsima Fast-RTPS[0m
[3.105s] [ 52%] [32mBuilding CXX object CMakeFiles/find_substring_positions_interfaces__rosidl_typesupport_introspection_cpp.dir/rosidl_typesupport_introspection_cpp/find_substring_positions_interfaces/action/detail/find_substring_positions__type_support.cpp.o[0m
[3.135s] [ 55%] [32m[1mLinking C shared library libfind_substring_positions_interfaces__rosidl_typesupport_introspection_c.so[0m
[3.166s] [ 55%] Built target find_substring_positions_interfaces__rosidl_typesupport_introspection_c
[3.206s] [ 58%] [32mBuilding CXX object CMakeFiles/find_substring_positions_interfaces__rosidl_typesupport_fastrtps_cpp.dir/rosidl_typesupport_fastrtps_cpp/find_substring_positions_interfaces/action/detail/dds_fastrtps/find_substring_positions__type_support.cpp.o[0m
[3.599s] [ 61%] [32mBuilding CXX object CMakeFiles/find_substring_positions_interfaces__rosidl_typesupport_fastrtps_c.dir/rosidl_typesupport_fastrtps_c/find_substring_positions_interfaces/action/detail/find_substring_positions__type_support_c.cpp.o[0m
[3.734s] [ 64%] [32m[1mLinking CXX shared library libfind_substring_positions_interfaces__rosidl_typesupport_cpp.so[0m
[3.807s] [ 64%] Built target find_substring_positions_interfaces__rosidl_typesupport_cpp
[3.867s] [ 67%] [32m[1mLinking CXX shared library libfind_substring_positions_interfaces__rosidl_typesupport_introspection_cpp.so[0m
[3.927s] [ 67%] Built target find_substring_positions_interfaces__rosidl_typesupport_introspection_cpp
[4.080s] [ 70%] [32m[1mLinking CXX shared library libfind_substring_positions_interfaces__rosidl_typesupport_fastrtps_c.so[0m
[4.130s] [ 70%] Built target find_substring_positions_interfaces__rosidl_typesupport_fastrtps_c
[4.133s] [ 73%] [32m[1mLinking CXX shared library libfind_substring_positions_interfaces__rosidl_typesupport_fastrtps_cpp.so[0m
[4.181s] [ 73%] Built target find_substring_positions_interfaces__rosidl_typesupport_fastrtps_cpp
[4.198s] [ 73%] Built target find_substring_positions_interfaces
[4.209s] [ 76%] [34m[1mGenerating Python code for ROS interfaces[0m
[4.640s] [ 76%] Built target find_substring_positions_interfaces__py
[4.652s] [ 79%] [32mBuilding C object CMakeFiles/find_substring_positions_interfaces__rosidl_generator_py.dir/rosidl_generator_py/find_substring_positions_interfaces/action/_find_substring_positions_s.c.o[0m
[4.810s] [ 82%] [32m[1mLinking C shared library libfind_substring_positions_interfaces__rosidl_generator_py.so[0m
[4.838s] [ 82%] Built target find_substring_positions_interfaces__rosidl_generator_py
[4.851s] [ 88%] [32mBuilding C object CMakeFiles/find_substring_positions_interfaces_s__rosidl_typesupport_introspection_c.dir/rosidl_generator_py/find_substring_positions_interfaces/_find_substring_positions_interfaces_s.ep.rosidl_typesupport_introspection_c.c.o[0m
[4.852s] [ 88%] [32mBuilding C object CMakeFiles/find_substring_positions_interfaces_s__rosidl_typesupport_fastrtps_c.dir/rosidl_generator_py/find_substring_positions_interfaces/_find_substring_positions_interfaces_s.ep.rosidl_typesupport_fastrtps_c.c.o[0m
[4.852s] [ 91%] [32mBuilding C object CMakeFiles/find_substring_positions_interfaces_s__rosidl_typesupport_c.dir/rosidl_generator_py/find_substring_positions_interfaces/_find_substring_positions_interfaces_s.ep.rosidl_typesupport_c.c.o[0m
[4.934s] [ 94%] [32m[1mLinking C shared module rosidl_generator_py/find_substring_positions_interfaces/find_substring_positions_interfaces_s__rosidl_typesupport_fastrtps_c.so[0m
[4.934s] [ 97%] [32m[1mLinking C shared module rosidl_generator_py/find_substring_positions_interfaces/find_substring_positions_interfaces_s__rosidl_typesupport_c.so[0m
[4.935s] [100%] [32m[1mLinking C shared module rosidl_generator_py/find_substring_positions_interfaces/find_substring_positions_interfaces_s__rosidl_typesupport_introspection_c.so[0m
[4.962s] [100%] Built target find_substring_positions_interfaces_s__rosidl_typesupport_introspection_c
[4.962s] [100%] Built target find_substring_positions_interfaces_s__rosidl_typesupport_c
[4.962s] [100%] Built target find_substring_positions_interfaces_s__rosidl_typesupport_fastrtps_c
[4.976s] Invoked command in '/home/li/Downloads/hw4/hw4/build/find_substring_positions_interfaces' returned '0': CMAKE_PREFIX_PATH=${CMAKE_PREFIX_PATH}:/opt/ros/jazzy DEBUGINFOD_URLS=https://debuginfod.ubuntu.com /usr/bin/cmake --build /home/li/Downloads/hw4/hw4/build/find_substring_positions_interfaces -- -j5 -l5
[4.983s] Invoking command in '/home/li/Downloads/hw4/hw4/build/find_substring_positions_interfaces': CMAKE_PREFIX_PATH=${CMAKE_PREFIX_PATH}:/opt/ros/jazzy DEBUGINFOD_URLS=https://debuginfod.ubuntu.com /usr/bin/cmake --install /home/li/Downloads/hw4/hw4/build/find_substring_positions_interfaces
[4.988s] -- Install configuration: ""
[4.989s] -- Execute custom install script
[4.989s] -- Symlinking: /home/li/Downloads/hw4/hw4/install/find_substring_positions_interfaces/share/ament_index/resource_index/rosidl_interfaces/find_substring_positions_interfaces
[4.994s] -- Symlinking: /home/li/Downloads/hw4/hw4/install/find_substring_positions_interfaces/share/find_substring_positions_interfaces/action/FindSubstringPositions.json
[5.000s] -- Symlinking: /home/li/Downloads/hw4/hw4/install/find_substring_positions_interfaces/include/find_substring_positions_interfaces/find_substring_positions_interfaces/action/detail/find_substring_positions__functions.h
[5.004s] -- Symlinking: /home/li/Downloads/hw4/hw4/install/find_substring_positions_interfaces/include/find_substring_positions_interfaces/find_substring_positions_interfaces/action/detail/find_substring_positions__struct.h
[5.011s] -- Symlinking: /home/li/Downloads/hw4/hw4/install/find_substring_positions_interfaces/include/find_substring_positions_interfaces/find_substring_positions_interfaces/action/detail/find_substring_positions__type_support.h
[5.015s] -- Symlinking: /home/li/Downloads/hw4/hw4/install/find_substring_positions_interfaces/include/find_substring_positions_interfaces/find_substring_positions_interfaces/action/find_substring_positions.h
[5.020s] -- Symlinking: /home/li/Downloads/hw4/hw4/install/find_substring_positions_interfaces/include/find_substring_positions_interfaces/find_substring_positions_interfaces/msg/rosidl_generator_c__visibility_control.h
[5.025s] -- Symlinking: /home/li/Downloads/hw4/hw4/install/find_substring_positions_interfaces/share/find_substring_positions_interfaces/environment/library_path.sh
[5.031s] -- Symlinking: /home/li/Downloads/hw4/hw4/install/find_substring_positions_interfaces/share/find_substring_positions_interfaces/environment/library_path.dsv
[5.037s] -- Symlinking: /home/li/Downloads/hw4/hw4/install/find_substring_positions_interfaces/include/find_substring_positions_interfaces/find_substring_positions_interfaces/action/detail/find_substring_positions__rosidl_typesupport_fastrtps_c.h
[5.041s] -- Symlinking: /home/li/Downloads/hw4/hw4/install/find_substring_positions_interfaces/include/find_substring_positions_interfaces/find_substring_positions_interfaces/msg/rosidl_typesupport_fastrtps_c__visibility_control.h
[5.046s] -- Symlinking: /home/li/Downloads/hw4/hw4/install/find_substring_positions_interfaces/include/find_substring_positions_interfaces/find_substring_positions_interfaces/action/detail/find_substring_positions__rosidl_typesupport_introspection_c.h
[5.051s] -- Symlinking: /home/li/Downloads/hw4/hw4/install/find_substring_positions_interfaces/include/find_substring_positions_interfaces/find_substring_positions_interfaces/msg/rosidl_typesupport_introspection_c__visibility_control.h
[5.056s] -- Symlinking: /home/li/Downloads/hw4/hw4/install/find_substring_positions_interfaces/include/find_substring_positions_interfaces/find_substring_positions_interfaces/action/detail/find_substring_positions__builder.hpp
[5.061s] -- Symlinking: /home/li/Downloads/hw4/hw4/install/find_substring_positions_interfaces/include/find_substring_positions_interfaces/find_substring_positions_interfaces/action/detail/find_substring_positions__struct.hpp
[5.069s] -- Symlinking: /home/li/Downloads/hw4/hw4/install/find_substring_positions_interfaces/include/find_substring_positions_interfaces/find_substring_positions_interfaces/action/detail/find_substring_positions__traits.hpp
[5.074s] -- Symlinking: /home/li/Downloads/hw4/hw4/install/find_substring_positions_interfaces/include/find_substring_positions_interfaces/find_substring_positions_interfaces/action/detail/find_substring_positions__type_support.hpp
[5.079s] -- Symlinking: /home/li/Downloads/hw4/hw4/install/find_substring_positions_interfaces/include/find_substring_positions_interfaces/find_substring_positions_interfaces/action/find_substring_positions.hpp
[5.084s] -- Symlinking: /home/li/Downloads/hw4/hw4/install/find_substring_positions_interfaces/include/find_substring_positions_interfaces/find_substring_positions_interfaces/msg/rosidl_generator_cpp__visibility_control.hpp
[5.090s] -- Symlinking: /home/li/Downloads/hw4/hw4/install/find_substring_positions_interfaces/include/find_substring_positions_interfaces/find_substring_positions_interfaces/action/detail/find_substring_positions__rosidl_typesupport_fastrtps_cpp.hpp
[5.096s] -- Symlinking: /home/li/Downloads/hw4/hw4/install/find_substring_positions_interfaces/include/find_substring_positions_interfaces/find_substring_positions_interfaces/msg/rosidl_typesupport_fastrtps_cpp__visibility_control.h
[5.101s] -- Symlinking: /home/li/Downloads/hw4/hw4/install/find_substring_positions_interfaces/include/find_substring_positions_interfaces/find_substring_positions_interfaces/action/detail/find_substring_positions__rosidl_typesupport_introspection_cpp.hpp
[5.106s] -- Symlinking: /home/li/Downloads/hw4/hw4/install/find_substring_positions_interfaces/share/find_substring_positions_interfaces/environment/pythonpath.sh
[5.111s] -- Symlinking: /home/li/Downloads/hw4/hw4/install/find_substring_positions_interfaces/share/find_substring_positions_interfaces/environment/pythonpath.dsv
[5.116s] -- Symlinking: /home/li/Downloads/hw4/hw4/install/find_substring_positions_interfaces/lib/python3.12/site-packages/find_substring_positions_interfaces-0.0.1-py3.12.egg-info/PKG-INFO
[5.120s] -- Symlinking: /home/li/Downloads/hw4/hw4/install/find_substring_positions_interfaces/lib/python3.12/site-packages/find_substring_positions_interfaces-0.0.1-py3.12.egg-info/SOURCES.txt
[5.125s] -- Symlinking: /home/li/Downloads/hw4/hw4/install/find_substring_positions_interfaces/lib/python3.12/site-packages/find_substring_positions_interfaces-0.0.1-py3.12.egg-info/dependency_links.txt
[5.131s] -- Symlinking: /home/li/Downloads/hw4/hw4/install/find_substring_positions_interfaces/lib/python3.12/site-packages/find_substring_positions_interfaces-0.0.1-py3.12.egg-info/top_level.txt
[5.136s] -- Symlinking: /home/li/Downloads/hw4/hw4/install/find_substring_positions_interfaces/lib/python3.12/site-packages/find_substring_positions_interfaces/__init__.py
[5.141s] -- Symlinking: /home/li/Downloads/hw4/hw4/install/find_substring_positions_interfaces/lib/python3.12/site-packages/find_substring_positions_interfaces/_find_substring_positions_interfaces_s.ep.rosidl_typesupport_c.c
[5.145s] -- Symlinking: /home/li/Downloads/hw4/hw4/install/find_substring_positions_interfaces/lib/python3.12/site-packages/find_substring_positions_interfaces/_find_substring_positions_interfaces_s.ep.rosidl_typesupport_fastrtps_c.c
[5.149s] -- Symlinking: /home/li/Downloads/hw4/hw4/install/find_substring_positions_interfaces/lib/python3.12/site-packages/find_substring_positions_interfaces/_find_substring_positions_interfaces_s.ep.rosidl_typesupport_introspection_c.c
[5.155s] -- Symlinking: /home/li/Downloads/hw4/hw4/install/find_substring_positions_interfaces/lib/python3.12/site-packages/find_substring_positions_interfaces/action/__init__.py
[5.161s] -- Symlinking: /home/li/Downloads/hw4/hw4/install/find_substring_positions_interfaces/lib/python3.12/site-packages/find_substring_positions_interfaces/action/_find_substring_positions.py
[5.166s] -- Symlinking: /home/li/Downloads/hw4/hw4/install/find_substring_positions_interfaces/lib/python3.12/site-packages/find_substring_positions_interfaces/action/_find_substring_positions_s.c
[5.171s] -- Symlinking: /home/li/Downloads/hw4/hw4/install/find_substring_positions_interfaces/lib/python3.12/site-packages/find_substring_positions_interfaces/find_substring_positions_interfaces_s__rosidl_typesupport_c.so
[5.176s] -- Symlinking: /home/li/Downloads/hw4/hw4/install/find_substring_positions_interfaces/lib/python3.12/site-packages/find_substring_positions_interfaces/find_substring_positions_interfaces_s__rosidl_typesupport_fastrtps_c.so
[5.180s] -- Symlinking: /home/li/Downloads/hw4/hw4/install/find_substring_positions_interfaces/lib/python3.12/site-packages/find_substring_positions_interfaces/find_substring_positions_interfaces_s__rosidl_typesupport_introspection_c.so
[5.185s] -- Up-to-date symlink: /home/li/Downloads/hw4/hw4/install/find_substring_positions_interfaces/lib/python3.12/site-packages/find_substring_positions_interfaces/find_substring_positions_interfaces_s__rosidl_typesupport_fastrtps_c.so
[5.185s] -- Up-to-date symlink: /home/li/Downloads/hw4/hw4/install/find_substring_positions_interfaces/lib/python3.12/site-packages/find_substring_positions_interfaces/find_substring_positions_interfaces_s__rosidl_typesupport_introspection_c.so
[5.186s] -- Up-to-date symlink: /home/li/Downloads/hw4/hw4/install/find_substring_positions_interfaces/lib/python3.12/site-packages/find_substring_positions_interfaces/find_substring_positions_interfaces_s__rosidl_typesupport_c.so
[5.186s] -- Symlinking: /home/li/Downloads/hw4/hw4/install/find_substring_positions_interfaces/share/find_substring_positions_interfaces/action/FindSubstringPositions.idl
[5.191s] -- Symlinking: /home/li/Downloads/hw4/hw4/install/find_substring_positions_interfaces/share/find_substring_positions_interfaces/action/FindSubstringPositions.action
[5.196s] -- Symlinking: /home/li/Downloads/hw4/hw4/install/find_substring_positions_interfaces/share/ament_index/resource_index/package_run_dependencies/find_substring_positions_interfaces
[5.200s] -- Symlinking: /home/li/Downloads/hw4/hw4/install/find_substring_positions_interfaces/share/ament_index/resource_index/parent_prefix_path/find_substring_positions_interfaces
[5.205s] -- Symlinking: /home/li/Downloads/hw4/hw4/install/find_substring_positions_interfaces/share/find_substring_positions_interfaces/environment/ament_prefix_path.sh
[5.210s] -- Symlinking: /home/li/Downloads/hw4/hw4/install/find_substring_positions_interfaces/share/find_substring_positions_interfaces/environment/ament_prefix_path.dsv
[5.215s] -- Symlinking: /home/li/Downloads/hw4/hw4/install/find_substring_positions_interfaces/share/find_substring_positions_interfaces/environment/path.sh
[5.219s] -- Symlinking: /home/li/Downloads/hw4/hw4/install/find_substring_positions_interfaces/share/find_substring_positions_interfaces/environment/path.dsv
[5.224s] -- Symlinking: /home/li/Downloads/hw4/hw4/install/find_substring_positions_interfaces/share/find_substring_positions_interfaces/local_setup.bash
[5.230s] -- Symlinking: /home/li/Downloads/hw4/hw4/install/find_substring_positions_interfaces/share/find_substring_positions_interfaces/local_setup.sh
[5.235s] -- Symlinking: /home/li/Downloads/hw4/hw4/install/find_substring_positions_interfaces/share/find_substring_positions_interfaces/local_setup.zsh
[5.240s] -- Symlinking: /home/li/Downloads/hw4/hw4/install/find_substring_positions_interfaces/share/find_substring_positions_interfaces/local_setup.dsv
[5.245s] -- Symlinking: /home/li/Downloads/hw4/hw4/install/find_substring_positions_interfaces/share/find_substring_positions_interfaces/package.dsv
[5.250s] -- Symlinking: /home/li/Downloads/hw4/hw4/install/find_substring_positions_interfaces/share/ament_index/resource_index/packages/find_substring_positions_interfaces
[5.254s] -- Symlinking: /home/li/Downloads/hw4/hw4/install/find_substring_positions_interfaces/share/find_substring_positions_interfaces/cmake/rosidl_cmake-extras.cmake
[5.259s] -- Symlinking: /home/li/Downloads/hw4/hw4/install/find_substring_positions_interfaces/share/find_substring_positions_interfaces/cmake/ament_cmake_export_dependencies-extras.cmake
[5.265s] -- Symlinking: /home/li/Downloads/hw4/hw4/install/find_substring_positions_interfaces/share/find_substring_positions_interfaces/cmake/ament_cmake_export_include_directories-extras.cmake
[5.270s] -- Symlinking: /home/li/Downloads/hw4/hw4/install/find_substring_positions_interfaces/share/find_substring_positions_interfaces/cmake/ament_cmake_export_libraries-extras.cmake
[5.275s] -- Symlinking: /home/li/Downloads/hw4/hw4/install/find_substring_positions_interfaces/share/find_substring_positions_interfaces/cmake/ament_cmake_export_targets-extras.cmake
[5.280s] -- Symlinking: /home/li/Downloads/hw4/hw4/install/find_substring_positions_interfaces/share/find_substring_positions_interfaces/cmake/rosidl_cmake_export_typesupport_targets-extras.cmake
[5.285s] -- Symlinking: /home/li/Downloads/hw4/hw4/install/find_substring_positions_interfaces/share/find_substring_positions_interfaces/cmake/rosidl_cmake_export_typesupport_libraries-extras.cmake
[5.291s] -- Symlinking: /home/li/Downloads/hw4/hw4/install/find_substring_positions_interfaces/share/find_substring_positions_interfaces/cmake/find_substring_positions_interfacesConfig.cmake
[5.295s] -- Symlinking: /home/li/Downloads/hw4/hw4/install/find_substring_positions_interfaces/share/find_substring_positions_interfaces/cmake/find_substring_positions_interfacesConfig-version.cmake
[5.300s] -- Symlinking: /home/li/Downloads/hw4/hw4/install/find_substring_positions_interfaces/share/find_substring_positions_interfaces/package.xml
[5.305s] -- Installing: /home/li/Downloads/hw4/hw4/install/find_substring_positions_interfaces/lib/libfind_substring_positions_interfaces__rosidl_generator_c.so
[5.305s] -- Set non-toolchain portion of runtime path of "/home/li/Downloads/hw4/hw4/install/find_substring_positions_interfaces/lib/libfind_substring_positions_interfaces__rosidl_generator_c.so" to ""
[5.306s] -- Installing: /home/li/Downloads/hw4/hw4/install/find_substring_positions_interfaces/lib/libfind_substring_positions_interfaces__rosidl_typesupport_fastrtps_c.so
[5.306s] -- Set non-toolchain portion of runtime path of "/home/li/Downloads/hw4/hw4/install/find_substring_positions_interfaces/lib/libfind_substring_positions_interfaces__rosidl_typesupport_fastrtps_c.so" to ""
[5.306s] -- Installing: /home/li/Downloads/hw4/hw4/install/find_substring_positions_interfaces/lib/libfind_substring_positions_interfaces__rosidl_typesupport_introspection_c.so
[5.306s] -- Set non-toolchain portion of runtime path of "/home/li/Downloads/hw4/hw4/install/find_substring_positions_interfaces/lib/libfind_substring_positions_interfaces__rosidl_typesupport_introspection_c.so" to ""
[5.306s] -- Installing: /home/li/Downloads/hw4/hw4/install/find_substring_positions_interfaces/lib/libfind_substring_positions_interfaces__rosidl_typesupport_c.so
[5.306s] -- Set non-toolchain portion of runtime path of "/home/li/Downloads/hw4/hw4/install/find_substring_positions_interfaces/lib/libfind_substring_positions_interfaces__rosidl_typesupport_c.so" to ""
[5.307s] -- Installing: /home/li/Downloads/hw4/hw4/install/find_substring_positions_interfaces/lib/libfind_substring_positions_interfaces__rosidl_typesupport_fastrtps_cpp.so
[5.307s] -- Set non-toolchain portion of runtime path of "/home/li/Downloads/hw4/hw4/install/find_substring_positions_interfaces/lib/libfind_substring_positions_interfaces__rosidl_typesupport_fastrtps_cpp.so" to ""
[5.307s] -- Installing: /home/li/Downloads/hw4/hw4/install/find_substring_positions_interfaces/lib/libfind_substring_positions_interfaces__rosidl_typesupport_introspection_cpp.so
[5.307s] -- Set non-toolchain portion of runtime path of "/home/li/Downloads/hw4/hw4/install/find_substring_positions_interfaces/lib/libfind_substring_positions_interfaces__rosidl_typesupport_introspection_cpp.so" to ""
[5.307s] -- Installing: /home/li/Downloads/hw4/hw4/install/find_substring_positions_interfaces/lib/libfind_substring_positions_interfaces__rosidl_typesupport_cpp.so
[5.308s] -- Set non-toolchain portion of runtime path of "/home/li/Downloads/hw4/hw4/install/find_substring_positions_interfaces/lib/libfind_substring_positions_interfaces__rosidl_typesupport_cpp.so" to ""
[5.338s] Listing '/home/li/Downloads/hw4/hw4/install/find_substring_positions_interfaces/lib/python3.12/site-packages/find_substring_positions_interfaces'...
[5.338s] Compiling '/home/li/Downloads/hw4/hw4/install/find_substring_positions_interfaces/lib/python3.12/site-packages/find_substring_positions_interfaces/__init__.py'...
[5.338s] Listing '/home/li/Downloads/hw4/hw4/install/find_substring_positions_interfaces/lib/python3.12/site-packages/find_substring_positions_interfaces/action'...
[5.338s] Compiling '/home/li/Downloads/hw4/hw4/install/find_substring_positions_interfaces/lib/python3.12/site-packages/find_substring_positions_interfaces/action/__init__.py'...
[5.338s] Compiling '/home/li/Downloads/hw4/hw4/install/find_substring_positions_interfaces/lib/python3.12/site-packages/find_substring_positions_interfaces/action/_find_substring_positions.py'...
[5.341s] -- Installing: /home/li/Downloads/hw4/hw4/install/find_substring_positions_interfaces/lib/libfind_substring_positions_interfaces__rosidl_generator_py.so
[5.342s] -- Set non-toolchain portion of runtime path of "/home/li/Downloads/hw4/hw4/install/find_substring_positions_interfaces/lib/libfind_substring_positions_interfaces__rosidl_generator_py.so" to ""
[5.342s] -- Installing: /home/li/Downloads/hw4/hw4/install/find_substring_positions_interfaces/share/find_substring_positions_interfaces/cmake/export_find_substring_positions_interfaces__rosidl_generator_cExport.cmake
[5.343s] -- Installing: /home/li/Downloads/hw4/hw4/install/find_substring_positions_interfaces/share/find_substring_positions_interfaces/cmake/export_find_substring_positions_interfaces__rosidl_generator_cExport-noconfig.cmake
[5.343s] -- Installing: /home/li/Downloads/hw4/hw4/install/find_substring_positions_interfaces/share/find_substring_positions_interfaces/cmake/export_find_substring_positions_interfaces__rosidl_typesupport_fastrtps_cExport.cmake
[5.343s] -- Installing: /home/li/Downloads/hw4/hw4/install/find_substring_positions_interfaces/share/find_substring_positions_interfaces/cmake/export_find_substring_positions_interfaces__rosidl_typesupport_fastrtps_cExport-noconfig.cmake
[5.343s] -- Installing: /home/li/Downloads/hw4/hw4/install/find_substring_positions_interfaces/share/find_substring_positions_interfaces/cmake/find_substring_positions_interfaces__rosidl_typesupport_introspection_cExport.cmake
[5.344s] -- Installing: /home/li/Downloads/hw4/hw4/install/find_substring_positions_interfaces/share/find_substring_positions_interfaces/cmake/find_substring_positions_interfaces__rosidl_typesupport_introspection_cExport-noconfig.cmake
[5.344s] -- Installing: /home/li/Downloads/hw4/hw4/install/find_substring_positions_interfaces/share/find_substring_positions_interfaces/cmake/find_substring_positions_interfaces__rosidl_typesupport_cExport.cmake
[5.344s] -- Installing: /home/li/Downloads/hw4/hw4/install/find_substring_positions_interfaces/share/find_substring_positions_interfaces/cmake/find_substring_positions_interfaces__rosidl_typesupport_cExport-noconfig.cmake
[5.344s] -- Installing: /home/li/Downloads/hw4/hw4/install/find_substring_positions_interfaces/share/find_substring_positions_interfaces/cmake/export_find_substring_positions_interfaces__rosidl_generator_cppExport.cmake
[5.344s] -- Installing: /home/li/Downloads/hw4/hw4/install/find_substring_positions_interfaces/share/find_substring_positions_interfaces/cmake/export_find_substring_positions_interfaces__rosidl_typesupport_fastrtps_cppExport.cmake
[5.344s] -- Installing: /home/li/Downloads/hw4/hw4/install/find_substring_positions_interfaces/share/find_substring_positions_interfaces/cmake/export_find_substring_positions_interfaces__rosidl_typesupport_fastrtps_cppExport-noconfig.cmake
[5.344s] -- Installing: /home/li/Downloads/hw4/hw4/install/find_substring_positions_interfaces/share/find_substring_positions_interfaces/cmake/find_substring_positions_interfaces__rosidl_typesupport_introspection_cppExport.cmake
[5.344s] -- Installing: /home/li/Downloads/hw4/hw4/install/find_substring_positions_interfaces/share/find_substring_positions_interfaces/cmake/find_substring_positions_interfaces__rosidl_typesupport_introspection_cppExport-noconfig.cmake
[5.345s] -- Installing: /home/li/Downloads/hw4/hw4/install/find_substring_positions_interfaces/share/find_substring_positions_interfaces/cmake/find_substring_positions_interfaces__rosidl_typesupport_cppExport.cmake
[5.345s] -- Installing: /home/li/Downloads/hw4/hw4/install/find_substring_positions_interfaces/share/find_substring_positions_interfaces/cmake/find_substring_positions_interfaces__rosidl_typesupport_cppExport-noconfig.cmake
[5.345s] -- Installing: /home/li/Downloads/hw4/hw4/install/find_substring_positions_interfaces/share/find_substring_positions_interfaces/cmake/export_find_substring_positions_interfaces__rosidl_generator_pyExport.cmake
[5.345s] -- Installing: /home/li/Downloads/hw4/hw4/install/find_substring_positions_interfaces/share/find_substring_positions_interfaces/cmake/export_find_substring_positions_interfaces__rosidl_generator_pyExport-noconfig.cmake
[5.355s] Invoked command in '/home/li/Downloads/hw4/hw4/build/find_substring_positions_interfaces' returned '0': CMAKE_PREFIX_PATH=${CMAKE_PREFIX_PATH}:/opt/ros/jazzy DEBUGINFOD_URLS=https://debuginfod.ubuntu.com /usr/bin/cmake --install /home/li/Downloads/hw4/hw4/build/find_substring_positions_interfaces
