running develop
running egg_info
creating find_substring_positions_nodes.egg-info
writing find_substring_positions_nodes.egg-info/PKG-INFO
writing dependency_links to find_substring_positions_nodes.egg-info/dependency_links.txt
writing entry points to find_substring_positions_nodes.egg-info/entry_points.txt
writing requirements to find_substring_positions_nodes.egg-info/requires.txt
writing top-level names to find_substring_positions_nodes.egg-info/top_level.txt
writing manifest file 'find_substring_positions_nodes.egg-info/SOURCES.txt'
reading manifest file 'find_substring_positions_nodes.egg-info/SOURCES.txt'
writing manifest file 'find_substring_positions_nodes.egg-info/SOURCES.txt'
running build_ext
Creating /home/li/Downloads/hw4/hw4/install/find_substring_positions_nodes/lib/python3.12/site-packages/find-substring-positions-nodes.egg-link (link to .)
Installing find_substring_positions_client script to /home/li/Downloads/hw4/hw4/install/find_substring_positions_nodes/lib/find_substring_positions_nodes
Installing find_substring_positions_server script to /home/li/Downloads/hw4/hw4/install/find_substring_positions_nodes/lib/find_substring_positions_nodes

Installed /home/li/Downloads/hw4/hw4/build/find_substring_positions_nodes
running symlink_data
creating /home/li/Downloads/hw4/hw4/install/find_substring_positions_nodes/share/ament_index
creating /home/li/Downloads/hw4/hw4/install/find_substring_positions_nodes/share/ament_index/resource_index
creating /home/li/Downloads/hw4/hw4/install/find_substring_positions_nodes/share/ament_index/resource_index/packages
symbolically linking /home/li/Downloads/hw4/hw4/build/find_substring_positions_nodes/resource/find_substring_positions_nodes -> /home/li/Downloads/hw4/hw4/install/find_substring_positions_nodes/share/ament_index/resource_index/packages
symbolically linking /home/li/Downloads/hw4/hw4/build/find_substring_positions_nodes/package.xml -> /home/li/Downloads/hw4/hw4/install/find_substring_positions_nodes/share/find_substring_positions_nodes
