-- Found ament_cmake: 2.5.5 (/opt/ros/jazzy/share/ament_cmake/cmake)
-- Found Python3: /usr/bin/python3 (found version "3.12.3") found components: Interpreter 
-- Found rosidl_default_generators: 1.6.0 (/opt/ros/jazzy/share/rosidl_default_generators/cmake)
-- Using all available rosidl_typesupport_c: rosidl_typesupport_fastrtps_c;rosidl_typesupport_introspection_c
-- Using all available rosidl_typesupport_cpp: rosidl_typesupport_fastrtps_cpp;rosidl_typesupport_introspection_cpp
-- Found rosidl_adapter: 4.6.7 (/opt/ros/jazzy/share/rosidl_adapter/cmake)
-- Found ament_cmake_ros: 0.12.0 (/opt/ros/jazzy/share/ament_cmake_ros/cmake)
-- Using all available rosidl_typesupport_c: rosidl_typesupport_fastrtps_c;rosidl_typesupport_introspection_c
-- Using all available rosidl_typesupport_cpp: rosidl_typesupport_fastrtps_cpp;rosidl_typesupport_introspection_cpp
-- Found python_cmake_module: 0.11.1 (/opt/ros/jazzy/share/python_cmake_module/cmake)
-- Found Python3: /usr/bin/python3 (found version "3.12.3") found components: Interpreter Development NumPy Development.Module Development.Embed 
-- Configuring done (0.7s)
-- Generating done (0.0s)
-- Build files have been written to: /home/li/ros2_hw2/build/number_converter
[  2%] [34m[1mGenerating type hashes for ROS interfaces[0m
[  2%] Built target ament_cmake_python_copy_number_converter
[  2%] Built target number_converter__rosidl_generator_type_description
[  5%] [34m[1mGenerating C code for ROS interfaces[0m
[  8%] [34m[1mGenerating C++ code for ROS interfaces[0m
running egg_info
writing number_converter.egg-info/PKG-INFO
writing dependency_links to number_converter.egg-info/dependency_links.txt
writing top-level names to number_converter.egg-info/top_level.txt
reading manifest file 'number_converter.egg-info/SOURCES.txt'
writing manifest file 'number_converter.egg-info/SOURCES.txt'
[  8%] Built target ament_cmake_python_build_number_converter_egg
[  8%] Built target number_converter__cpp
[ 17%] [32mBuilding C object CMakeFiles/number_converter__rosidl_generator_c.dir/rosidl_generator_c/number_converter/srv/detail/roman_to_decimal__type_support.c.o[0m
[ 17%] [32mBuilding C object CMakeFiles/number_converter__rosidl_generator_c.dir/rosidl_generator_c/number_converter/srv/detail/roman_to_decimal__description.c.o[0m
[ 17%] [32mBuilding C object CMakeFiles/number_converter__rosidl_generator_c.dir/rosidl_generator_c/number_converter/srv/detail/roman_to_decimal__functions.c.o[0m
[ 20%] [32m[1mLinking C shared library libnumber_converter__rosidl_generator_c.so[0m
[ 20%] Built target number_converter__rosidl_generator_c
[ 23%] [34m[1mGenerating C type support for eProsima Fast-RTPS[0m
[ 26%] [34m[1mGenerating C++ introspection for ROS interfaces[0m
[ 29%] [34m[1mGenerating C++ type support for eProsima Fast-RTPS[0m
[ 32%] [34m[1mGenerating C introspection for ROS interfaces[0m
[ 35%] [34m[1mGenerating C++ type support dispatch for ROS interfaces[0m
[ 38%] [32mBuilding CXX object CMakeFiles/number_converter__rosidl_typesupport_cpp.dir/rosidl_typesupport_cpp/number_converter/srv/roman_to_decimal__type_support.cpp.o[0m
[ 41%] [32mBuilding CXX object CMakeFiles/number_converter__rosidl_typesupport_introspection_cpp.dir/rosidl_typesupport_introspection_cpp/number_converter/srv/detail/roman_to_decimal__type_support.cpp.o[0m
[ 44%] [32mBuilding C object CMakeFiles/number_converter__rosidl_typesupport_introspection_c.dir/rosidl_typesupport_introspection_c/number_converter/srv/detail/roman_to_decimal__type_support.c.o[0m
[ 47%] [32mBuilding CXX object CMakeFiles/number_converter__rosidl_typesupport_fastrtps_cpp.dir/rosidl_typesupport_fastrtps_cpp/number_converter/srv/detail/dds_fastrtps/roman_to_decimal__type_support.cpp.o[0m
[ 50%] [32mBuilding CXX object CMakeFiles/number_converter__rosidl_typesupport_fastrtps_c.dir/rosidl_typesupport_fastrtps_c/number_converter/srv/detail/roman_to_decimal__type_support_c.cpp.o[0m
[ 52%] [32m[1mLinking C shared library libnumber_converter__rosidl_typesupport_introspection_c.so[0m
[ 52%] Built target number_converter__rosidl_typesupport_introspection_c
[ 55%] [34m[1mGenerating C type support dispatch for ROS interfaces[0m
[ 58%] [32mBuilding CXX object CMakeFiles/number_converter__rosidl_typesupport_c.dir/rosidl_typesupport_c/number_converter/srv/roman_to_decimal__type_support.cpp.o[0m
[ 61%] [32m[1mLinking CXX shared library libnumber_converter__rosidl_typesupport_c.so[0m
[ 61%] Built target number_converter__rosidl_typesupport_c
[ 64%] [32m[1mLinking CXX shared library libnumber_converter__rosidl_typesupport_cpp.so[0m
[ 64%] Built target number_converter__rosidl_typesupport_cpp
[ 67%] [32m[1mLinking CXX shared library libnumber_converter__rosidl_typesupport_introspection_cpp.so[0m
[ 70%] [32m[1mLinking CXX shared library libnumber_converter__rosidl_typesupport_fastrtps_c.so[0m
[ 70%] Built target number_converter__rosidl_typesupport_introspection_cpp
[ 73%] [32m[1mLinking CXX shared library libnumber_converter__rosidl_typesupport_fastrtps_cpp.so[0m
[ 73%] Built target number_converter__rosidl_typesupport_fastrtps_c
[ 73%] Built target number_converter__rosidl_typesupport_fastrtps_cpp
[ 73%] Built target number_converter
[ 76%] [34m[1mGenerating Python code for ROS interfaces[0m
[ 76%] Built target number_converter__py
[ 79%] [32mBuilding C object CMakeFiles/number_converter__rosidl_generator_py.dir/rosidl_generator_py/number_converter/srv/_roman_to_decimal_s.c.o[0m
[ 82%] [32m[1mLinking C shared library libnumber_converter__rosidl_generator_py.so[0m
[ 82%] Built target number_converter__rosidl_generator_py
[ 88%] [32mBuilding C object CMakeFiles/number_converter_s__rosidl_typesupport_c.dir/rosidl_generator_py/number_converter/_number_converter_s.ep.rosidl_typesupport_c.c.o[0m
[ 88%] [32mBuilding C object CMakeFiles/number_converter_s__rosidl_typesupport_fastrtps_c.dir/rosidl_generator_py/number_converter/_number_converter_s.ep.rosidl_typesupport_fastrtps_c.c.o[0m
[ 91%] [32mBuilding C object CMakeFiles/number_converter_s__rosidl_typesupport_introspection_c.dir/rosidl_generator_py/number_converter/_number_converter_s.ep.rosidl_typesupport_introspection_c.c.o[0m
[ 97%] [32m[1mLinking C shared module rosidl_generator_py/number_converter/number_converter_s__rosidl_typesupport_c.so[0m
[ 97%] [32m[1mLinking C shared module rosidl_generator_py/number_converter/number_converter_s__rosidl_typesupport_introspection_c.so[0m
[100%] [32m[1mLinking C shared module rosidl_generator_py/number_converter/number_converter_s__rosidl_typesupport_fastrtps_c.so[0m
[100%] Built target number_converter_s__rosidl_typesupport_introspection_c
[100%] Built target number_converter_s__rosidl_typesupport_c
[100%] Built target number_converter_s__rosidl_typesupport_fastrtps_c
-- Install configuration: ""
-- Up-to-date: /home/li/ros2_hw2/install/number_converter/share/ament_index/resource_index/rosidl_interfaces/number_converter
-- Installing: /home/li/ros2_hw2/install/number_converter/share/number_converter/srv/RomanToDecimal.json
-- Up-to-date: /home/li/ros2_hw2/install/number_converter/include/number_converter/number_converter
-- Up-to-date: /home/li/ros2_hw2/install/number_converter/include/number_converter/number_converter/srv
-- Up-to-date: /home/li/ros2_hw2/install/number_converter/include/number_converter/number_converter/srv/detail
-- Installing: /home/li/ros2_hw2/install/number_converter/include/number_converter/number_converter/srv/detail/roman_to_decimal__description.c
-- Installing: /home/li/ros2_hw2/install/number_converter/include/number_converter/number_converter/srv/detail/roman_to_decimal__functions.c
-- Installing: /home/li/ros2_hw2/install/number_converter/include/number_converter/number_converter/srv/detail/roman_to_decimal__type_support.c
-- Installing: /home/li/ros2_hw2/install/number_converter/include/number_converter/number_converter/srv/detail/roman_to_decimal__functions.h
-- Installing: /home/li/ros2_hw2/install/number_converter/include/number_converter/number_converter/srv/detail/roman_to_decimal__type_support.h
-- Installing: /home/li/ros2_hw2/install/number_converter/include/number_converter/number_converter/srv/detail/roman_to_decimal__struct.h
-- Installing: /home/li/ros2_hw2/install/number_converter/include/number_converter/number_converter/srv/roman_to_decimal.h
-- Up-to-date: /home/li/ros2_hw2/install/number_converter/include/number_converter/number_converter/msg
-- Up-to-date: /home/li/ros2_hw2/install/number_converter/include/number_converter/number_converter/msg/rosidl_generator_c__visibility_control.h
-- Up-to-date: /home/li/ros2_hw2/install/number_converter/share/number_converter/environment/library_path.sh
-- Up-to-date: /home/li/ros2_hw2/install/number_converter/share/number_converter/environment/library_path.dsv
-- Installing: /home/li/ros2_hw2/install/number_converter/lib/libnumber_converter__rosidl_generator_c.so
-- Set non-toolchain portion of runtime path of "/home/li/ros2_hw2/install/number_converter/lib/libnumber_converter__rosidl_generator_c.so" to ""
-- Up-to-date: /home/li/ros2_hw2/install/number_converter/include/number_converter/number_converter
-- Up-to-date: /home/li/ros2_hw2/install/number_converter/include/number_converter/number_converter/srv
-- Up-to-date: /home/li/ros2_hw2/install/number_converter/include/number_converter/number_converter/srv/detail
-- Installing: /home/li/ros2_hw2/install/number_converter/include/number_converter/number_converter/srv/detail/roman_to_decimal__rosidl_typesupport_fastrtps_c.h
-- Up-to-date: /home/li/ros2_hw2/install/number_converter/include/number_converter/number_converter/msg
-- Up-to-date: /home/li/ros2_hw2/install/number_converter/include/number_converter/number_converter/msg/rosidl_typesupport_fastrtps_c__visibility_control.h
-- Installing: /home/li/ros2_hw2/install/number_converter/lib/libnumber_converter__rosidl_typesupport_fastrtps_c.so
-- Set non-toolchain portion of runtime path of "/home/li/ros2_hw2/install/number_converter/lib/libnumber_converter__rosidl_typesupport_fastrtps_c.so" to ""
-- Up-to-date: /home/li/ros2_hw2/install/number_converter/include/number_converter/number_converter
-- Up-to-date: /home/li/ros2_hw2/install/number_converter/include/number_converter/number_converter/srv
-- Up-to-date: /home/li/ros2_hw2/install/number_converter/include/number_converter/number_converter/srv/detail
-- Installing: /home/li/ros2_hw2/install/number_converter/include/number_converter/number_converter/srv/detail/roman_to_decimal__type_support.c
-- Installing: /home/li/ros2_hw2/install/number_converter/include/number_converter/number_converter/srv/detail/roman_to_decimal__rosidl_typesupport_introspection_c.h
-- Up-to-date: /home/li/ros2_hw2/install/number_converter/include/number_converter/number_converter/msg
-- Up-to-date: /home/li/ros2_hw2/install/number_converter/include/number_converter/number_converter/msg/rosidl_typesupport_introspection_c__visibility_control.h
-- Installing: /home/li/ros2_hw2/install/number_converter/lib/libnumber_converter__rosidl_typesupport_introspection_c.so
-- Set non-toolchain portion of runtime path of "/home/li/ros2_hw2/install/number_converter/lib/libnumber_converter__rosidl_typesupport_introspection_c.so" to ""
-- Installing: /home/li/ros2_hw2/install/number_converter/lib/libnumber_converter__rosidl_typesupport_c.so
-- Set non-toolchain portion of runtime path of "/home/li/ros2_hw2/install/number_converter/lib/libnumber_converter__rosidl_typesupport_c.so" to ""
-- Up-to-date: /home/li/ros2_hw2/install/number_converter/include/number_converter/number_converter
-- Up-to-date: /home/li/ros2_hw2/install/number_converter/include/number_converter/number_converter/srv
-- Installing: /home/li/ros2_hw2/install/number_converter/include/number_converter/number_converter/srv/roman_to_decimal.hpp
-- Up-to-date: /home/li/ros2_hw2/install/number_converter/include/number_converter/number_converter/srv/detail
-- Installing: /home/li/ros2_hw2/install/number_converter/include/number_converter/number_converter/srv/detail/roman_to_decimal__struct.hpp
-- Installing: /home/li/ros2_hw2/install/number_converter/include/number_converter/number_converter/srv/detail/roman_to_decimal__traits.hpp
-- Installing: /home/li/ros2_hw2/install/number_converter/include/number_converter/number_converter/srv/detail/roman_to_decimal__type_support.hpp
-- Installing: /home/li/ros2_hw2/install/number_converter/include/number_converter/number_converter/srv/detail/roman_to_decimal__builder.hpp
-- Up-to-date: /home/li/ros2_hw2/install/number_converter/include/number_converter/number_converter/msg
-- Installing: /home/li/ros2_hw2/install/number_converter/include/number_converter/number_converter/msg/rosidl_generator_cpp__visibility_control.hpp
-- Up-to-date: /home/li/ros2_hw2/install/number_converter/include/number_converter/number_converter
-- Up-to-date: /home/li/ros2_hw2/install/number_converter/include/number_converter/number_converter/srv
-- Up-to-date: /home/li/ros2_hw2/install/number_converter/include/number_converter/number_converter/srv/detail
-- Up-to-date: /home/li/ros2_hw2/install/number_converter/include/number_converter/number_converter/srv/detail/dds_fastrtps
-- Installing: /home/li/ros2_hw2/install/number_converter/include/number_converter/number_converter/srv/detail/roman_to_decimal__rosidl_typesupport_fastrtps_cpp.hpp
-- Up-to-date: /home/li/ros2_hw2/install/number_converter/include/number_converter/number_converter/msg
-- Up-to-date: /home/li/ros2_hw2/install/number_converter/include/number_converter/number_converter/msg/rosidl_typesupport_fastrtps_cpp__visibility_control.h
-- Installing: /home/li/ros2_hw2/install/number_converter/lib/libnumber_converter__rosidl_typesupport_fastrtps_cpp.so
-- Set non-toolchain portion of runtime path of "/home/li/ros2_hw2/install/number_converter/lib/libnumber_converter__rosidl_typesupport_fastrtps_cpp.so" to ""
-- Up-to-date: /home/li/ros2_hw2/install/number_converter/include/number_converter/number_converter
-- Up-to-date: /home/li/ros2_hw2/install/number_converter/include/number_converter/number_converter/srv
-- Up-to-date: /home/li/ros2_hw2/install/number_converter/include/number_converter/number_converter/srv/detail
-- Installing: /home/li/ros2_hw2/install/number_converter/include/number_converter/number_converter/srv/detail/roman_to_decimal__rosidl_typesupport_introspection_cpp.hpp
-- Installing: /home/li/ros2_hw2/install/number_converter/include/number_converter/number_converter/srv/detail/roman_to_decimal__type_support.cpp
-- Installing: /home/li/ros2_hw2/install/number_converter/lib/libnumber_converter__rosidl_typesupport_introspection_cpp.so
-- Set non-toolchain portion of runtime path of "/home/li/ros2_hw2/install/number_converter/lib/libnumber_converter__rosidl_typesupport_introspection_cpp.so" to ""
-- Installing: /home/li/ros2_hw2/install/number_converter/lib/libnumber_converter__rosidl_typesupport_cpp.so
-- Set non-toolchain portion of runtime path of "/home/li/ros2_hw2/install/number_converter/lib/libnumber_converter__rosidl_typesupport_cpp.so" to ""
-- Up-to-date: /home/li/ros2_hw2/install/number_converter/share/number_converter/environment/pythonpath.sh
-- Up-to-date: /home/li/ros2_hw2/install/number_converter/share/number_converter/environment/pythonpath.dsv
-- Up-to-date: /home/li/ros2_hw2/install/number_converter/lib/python3.12/site-packages/number_converter-0.0.0-py3.12.egg-info
-- Installing: /home/li/ros2_hw2/install/number_converter/lib/python3.12/site-packages/number_converter-0.0.0-py3.12.egg-info/SOURCES.txt
-- Installing: /home/li/ros2_hw2/install/number_converter/lib/python3.12/site-packages/number_converter-0.0.0-py3.12.egg-info/PKG-INFO
-- Installing: /home/li/ros2_hw2/install/number_converter/lib/python3.12/site-packages/number_converter-0.0.0-py3.12.egg-info/dependency_links.txt
-- Installing: /home/li/ros2_hw2/install/number_converter/lib/python3.12/site-packages/number_converter-0.0.0-py3.12.egg-info/top_level.txt
-- Up-to-date: /home/li/ros2_hw2/install/number_converter/lib/python3.12/site-packages/number_converter
-- Up-to-date: /home/li/ros2_hw2/install/number_converter/lib/python3.12/site-packages/number_converter/srv
-- Installing: /home/li/ros2_hw2/install/number_converter/lib/python3.12/site-packages/number_converter/srv/_roman_to_decimal_s.c
-- Installing: /home/li/ros2_hw2/install/number_converter/lib/python3.12/site-packages/number_converter/srv/__init__.py
-- Installing: /home/li/ros2_hw2/install/number_converter/lib/python3.12/site-packages/number_converter/srv/_roman_to_decimal.py
-- Installing: /home/li/ros2_hw2/install/number_converter/lib/python3.12/site-packages/number_converter/number_converter_s__rosidl_typesupport_introspection_c.so
-- Installing: /home/li/ros2_hw2/install/number_converter/lib/python3.12/site-packages/number_converter/_number_converter_s.ep.rosidl_typesupport_introspection_c.c
-- Installing: /home/li/ros2_hw2/install/number_converter/lib/python3.12/site-packages/number_converter/_number_converter_s.ep.rosidl_typesupport_fastrtps_c.c
-- Installing: /home/li/ros2_hw2/install/number_converter/lib/python3.12/site-packages/number_converter/_number_converter_s.ep.rosidl_typesupport_c.c
-- Installing: /home/li/ros2_hw2/install/number_converter/lib/python3.12/site-packages/number_converter/number_converter_s__rosidl_typesupport_fastrtps_c.so
-- Installing: /home/li/ros2_hw2/install/number_converter/lib/python3.12/site-packages/number_converter/number_converter_s__rosidl_typesupport_c.so
-- Installing: /home/li/ros2_hw2/install/number_converter/lib/python3.12/site-packages/number_converter/__init__.py
Listing '/home/li/ros2_hw2/install/number_converter/lib/python3.12/site-packages/number_converter'...
Compiling '/home/li/ros2_hw2/install/number_converter/lib/python3.12/site-packages/number_converter/__init__.py'...
Listing '/home/li/ros2_hw2/install/number_converter/lib/python3.12/site-packages/number_converter/srv'...
Compiling '/home/li/ros2_hw2/install/number_converter/lib/python3.12/site-packages/number_converter/srv/__init__.py'...
Compiling '/home/li/ros2_hw2/install/number_converter/lib/python3.12/site-packages/number_converter/srv/_roman_to_decimal.py'...
-- Installing: /home/li/ros2_hw2/install/number_converter/lib/python3.12/site-packages/number_converter/number_converter_s__rosidl_typesupport_fastrtps_c.so
-- Set non-toolchain portion of runtime path of "/home/li/ros2_hw2/install/number_converter/lib/python3.12/site-packages/number_converter/number_converter_s__rosidl_typesupport_fastrtps_c.so" to ""
-- Installing: /home/li/ros2_hw2/install/number_converter/lib/python3.12/site-packages/number_converter/number_converter_s__rosidl_typesupport_introspection_c.so
-- Set non-toolchain portion of runtime path of "/home/li/ros2_hw2/install/number_converter/lib/python3.12/site-packages/number_converter/number_converter_s__rosidl_typesupport_introspection_c.so" to ""
-- Installing: /home/li/ros2_hw2/install/number_converter/lib/python3.12/site-packages/number_converter/number_converter_s__rosidl_typesupport_c.so
-- Set non-toolchain portion of runtime path of "/home/li/ros2_hw2/install/number_converter/lib/python3.12/site-packages/number_converter/number_converter_s__rosidl_typesupport_c.so" to ""
-- Installing: /home/li/ros2_hw2/install/number_converter/lib/libnumber_converter__rosidl_generator_py.so
-- Set non-toolchain portion of runtime path of "/home/li/ros2_hw2/install/number_converter/lib/libnumber_converter__rosidl_generator_py.so" to ""
-- Installing: /home/li/ros2_hw2/install/number_converter/share/number_converter/srv/RomanToDecimal.idl
-- Installing: /home/li/ros2_hw2/install/number_converter/share/number_converter/srv/RomanToDecimal.srv
-- Up-to-date: /home/li/ros2_hw2/install/number_converter/share/ament_index/resource_index/package_run_dependencies/number_converter
-- Installing: /home/li/ros2_hw2/install/number_converter/share/ament_index/resource_index/parent_prefix_path/number_converter
-- Up-to-date: /home/li/ros2_hw2/install/number_converter/share/number_converter/environment/ament_prefix_path.sh
-- Up-to-date: /home/li/ros2_hw2/install/number_converter/share/number_converter/environment/ament_prefix_path.dsv
-- Up-to-date: /home/li/ros2_hw2/install/number_converter/share/number_converter/environment/path.sh
-- Up-to-date: /home/li/ros2_hw2/install/number_converter/share/number_converter/environment/path.dsv
-- Up-to-date: /home/li/ros2_hw2/install/number_converter/share/number_converter/local_setup.bash
-- Up-to-date: /home/li/ros2_hw2/install/number_converter/share/number_converter/local_setup.sh
-- Up-to-date: /home/li/ros2_hw2/install/number_converter/share/number_converter/local_setup.zsh
-- Up-to-date: /home/li/ros2_hw2/install/number_converter/share/number_converter/local_setup.dsv
-- Installing: /home/li/ros2_hw2/install/number_converter/share/number_converter/package.dsv
-- Up-to-date: /home/li/ros2_hw2/install/number_converter/share/ament_index/resource_index/packages/number_converter
-- Up-to-date: /home/li/ros2_hw2/install/number_converter/share/number_converter/cmake/export_number_converter__rosidl_generator_cExport.cmake
-- Up-to-date: /home/li/ros2_hw2/install/number_converter/share/number_converter/cmake/export_number_converter__rosidl_generator_cExport-noconfig.cmake
-- Up-to-date: /home/li/ros2_hw2/install/number_converter/share/number_converter/cmake/export_number_converter__rosidl_typesupport_fastrtps_cExport.cmake
-- Up-to-date: /home/li/ros2_hw2/install/number_converter/share/number_converter/cmake/export_number_converter__rosidl_typesupport_fastrtps_cExport-noconfig.cmake
-- Up-to-date: /home/li/ros2_hw2/install/number_converter/share/number_converter/cmake/number_converter__rosidl_typesupport_introspection_cExport.cmake
-- Up-to-date: /home/li/ros2_hw2/install/number_converter/share/number_converter/cmake/number_converter__rosidl_typesupport_introspection_cExport-noconfig.cmake
-- Up-to-date: /home/li/ros2_hw2/install/number_converter/share/number_converter/cmake/number_converter__rosidl_typesupport_cExport.cmake
-- Up-to-date: /home/li/ros2_hw2/install/number_converter/share/number_converter/cmake/number_converter__rosidl_typesupport_cExport-noconfig.cmake
-- Up-to-date: /home/li/ros2_hw2/install/number_converter/share/number_converter/cmake/export_number_converter__rosidl_generator_cppExport.cmake
-- Up-to-date: /home/li/ros2_hw2/install/number_converter/share/number_converter/cmake/export_number_converter__rosidl_typesupport_fastrtps_cppExport.cmake
-- Up-to-date: /home/li/ros2_hw2/install/number_converter/share/number_converter/cmake/export_number_converter__rosidl_typesupport_fastrtps_cppExport-noconfig.cmake
-- Up-to-date: /home/li/ros2_hw2/install/number_converter/share/number_converter/cmake/number_converter__rosidl_typesupport_introspection_cppExport.cmake
-- Up-to-date: /home/li/ros2_hw2/install/number_converter/share/number_converter/cmake/number_converter__rosidl_typesupport_introspection_cppExport-noconfig.cmake
-- Up-to-date: /home/li/ros2_hw2/install/number_converter/share/number_converter/cmake/number_converter__rosidl_typesupport_cppExport.cmake
-- Up-to-date: /home/li/ros2_hw2/install/number_converter/share/number_converter/cmake/number_converter__rosidl_typesupport_cppExport-noconfig.cmake
-- Up-to-date: /home/li/ros2_hw2/install/number_converter/share/number_converter/cmake/export_number_converter__rosidl_generator_pyExport.cmake
-- Up-to-date: /home/li/ros2_hw2/install/number_converter/share/number_converter/cmake/export_number_converter__rosidl_generator_pyExport-noconfig.cmake
-- Up-to-date: /home/li/ros2_hw2/install/number_converter/share/number_converter/cmake/rosidl_cmake-extras.cmake
-- Up-to-date: /home/li/ros2_hw2/install/number_converter/share/number_converter/cmake/ament_cmake_export_dependencies-extras.cmake
-- Up-to-date: /home/li/ros2_hw2/install/number_converter/share/number_converter/cmake/ament_cmake_export_include_directories-extras.cmake
-- Up-to-date: /home/li/ros2_hw2/install/number_converter/share/number_converter/cmake/ament_cmake_export_libraries-extras.cmake
-- Up-to-date: /home/li/ros2_hw2/install/number_converter/share/number_converter/cmake/ament_cmake_export_targets-extras.cmake
-- Up-to-date: /home/li/ros2_hw2/install/number_converter/share/number_converter/cmake/rosidl_cmake_export_typesupport_targets-extras.cmake
-- Up-to-date: /home/li/ros2_hw2/install/number_converter/share/number_converter/cmake/rosidl_cmake_export_typesupport_libraries-extras.cmake
-- Up-to-date: /home/li/ros2_hw2/install/number_converter/share/number_converter/cmake/number_converterConfig.cmake
-- Up-to-date: /home/li/ros2_hw2/install/number_converter/share/number_converter/cmake/number_converterConfig-version.cmake
-- Up-to-date: /home/li/ros2_hw2/install/number_converter/share/number_converter/package.xml
