[0.010s] Invoking command in '/home/li/ros2_hw2/build/number_converter': CMAKE_PREFIX_PATH=${CMAKE_PREFIX_PATH}:/home/li/ros2_hw2/install/number_converter_py:/opt/ros/jazzy DEBUGINFOD_URLS=https://debuginfod.ubuntu.com /usr/bin/cmake --build /home/li/ros2_hw2/build/number_converter -- -j5 -l5
[0.043s] -- Found ament_cmake: 2.5.5 (/opt/ros/jazzy/share/ament_cmake/cmake)
[0.062s] -- Found Python3: /usr/bin/python3 (found version "3.12.3") found components: Interpreter 
[0.115s] -- Found rosidl_default_generators: 1.6.0 (/opt/ros/jazzy/share/rosidl_default_generators/cmake)
[0.117s] -- Using all available rosidl_typesupport_c: rosidl_typesupport_fastrtps_c;rosidl_typesupport_introspection_c
[0.147s] -- Using all available rosidl_typesupport_cpp: rosidl_typesupport_fastrtps_cpp;rosidl_typesupport_introspection_cpp
[0.169s] -- Found rosidl_adapter: 4.6.7 (/opt/ros/jazzy/share/rosidl_adapter/cmake)
[0.367s] -- Found ament_cmake_ros: 0.12.0 (/opt/ros/jazzy/share/ament_cmake_ros/cmake)
[0.437s] -- Using all available rosidl_typesupport_c: rosidl_typesupport_fastrtps_c;rosidl_typesupport_introspection_c
[0.520s] -- Using all available rosidl_typesupport_cpp: rosidl_typesupport_fastrtps_cpp;rosidl_typesupport_introspection_cpp
[0.521s] -- Found python_cmake_module: 0.11.1 (/opt/ros/jazzy/share/python_cmake_module/cmake)
[0.698s] -- Found Python3: /usr/bin/python3 (found version "3.12.3") found components: Interpreter Development NumPy Development.Module Development.Embed 
[0.712s] -- Configuring done (0.7s)
[0.746s] -- Generating done (0.0s)
[0.757s] -- Build files have been written to: /home/li/ros2_hw2/build/number_converter
[0.784s] [  2%] [34m[1mGenerating type hashes for ROS interfaces[0m
[0.792s] [  2%] Built target ament_cmake_python_copy_number_converter
[0.913s] [  2%] Built target number_converter__rosidl_generator_type_description
[0.919s] [  5%] [34m[1mGenerating C code for ROS interfaces[0m
[0.926s] [  8%] [34m[1mGenerating C++ code for ROS interfaces[0m
[1.011s] running egg_info
[1.020s] writing number_converter.egg-info/PKG-INFO
[1.021s] writing dependency_links to number_converter.egg-info/dependency_links.txt
[1.021s] writing top-level names to number_converter.egg-info/top_level.txt
[1.052s] reading manifest file 'number_converter.egg-info/SOURCES.txt'
[1.053s] writing manifest file 'number_converter.egg-info/SOURCES.txt'
[1.071s] [  8%] Built target ament_cmake_python_build_number_converter_egg
[1.106s] [  8%] Built target number_converter__cpp
[1.118s] [ 17%] [32mBuilding C object CMakeFiles/number_converter__rosidl_generator_c.dir/rosidl_generator_c/number_converter/srv/detail/roman_to_decimal__type_support.c.o[0m
[1.119s] [ 17%] [32mBuilding C object CMakeFiles/number_converter__rosidl_generator_c.dir/rosidl_generator_c/number_converter/srv/detail/roman_to_decimal__description.c.o[0m
[1.119s] [ 17%] [32mBuilding C object CMakeFiles/number_converter__rosidl_generator_c.dir/rosidl_generator_c/number_converter/srv/detail/roman_to_decimal__functions.c.o[0m
[1.217s] [ 20%] [32m[1mLinking C shared library libnumber_converter__rosidl_generator_c.so[0m
[1.245s] [ 20%] Built target number_converter__rosidl_generator_c
[1.253s] [ 23%] [34m[1mGenerating C type support for eProsima Fast-RTPS[0m
[1.253s] [ 26%] [34m[1mGenerating C++ introspection for ROS interfaces[0m
[1.253s] [ 29%] [34m[1mGenerating C++ type support for eProsima Fast-RTPS[0m
[1.253s] [ 32%] [34m[1mGenerating C introspection for ROS interfaces[0m
[1.255s] [ 35%] [34m[1mGenerating C++ type support dispatch for ROS interfaces[0m
[1.438s] [ 38%] [32mBuilding CXX object CMakeFiles/number_converter__rosidl_typesupport_cpp.dir/rosidl_typesupport_cpp/number_converter/srv/roman_to_decimal__type_support.cpp.o[0m
[1.457s] [ 41%] [32mBuilding CXX object CMakeFiles/number_converter__rosidl_typesupport_introspection_cpp.dir/rosidl_typesupport_introspection_cpp/number_converter/srv/detail/roman_to_decimal__type_support.cpp.o[0m
[1.474s] [ 44%] [32mBuilding C object CMakeFiles/number_converter__rosidl_typesupport_introspection_c.dir/rosidl_typesupport_introspection_c/number_converter/srv/detail/roman_to_decimal__type_support.c.o[0m
[1.495s] [ 47%] [32mBuilding CXX object CMakeFiles/number_converter__rosidl_typesupport_fastrtps_cpp.dir/rosidl_typesupport_fastrtps_cpp/number_converter/srv/detail/dds_fastrtps/roman_to_decimal__type_support.cpp.o[0m
[1.510s] [ 50%] [32mBuilding CXX object CMakeFiles/number_converter__rosidl_typesupport_fastrtps_c.dir/rosidl_typesupport_fastrtps_c/number_converter/srv/detail/roman_to_decimal__type_support_c.cpp.o[0m
[1.528s] [ 52%] [32m[1mLinking C shared library libnumber_converter__rosidl_typesupport_introspection_c.so[0m
[1.554s] [ 52%] Built target number_converter__rosidl_typesupport_introspection_c
[1.560s] [ 55%] [34m[1mGenerating C type support dispatch for ROS interfaces[0m
[1.771s] [ 58%] [32mBuilding CXX object CMakeFiles/number_converter__rosidl_typesupport_c.dir/rosidl_typesupport_c/number_converter/srv/roman_to_decimal__type_support.cpp.o[0m
[1.817s] [ 61%] [32m[1mLinking CXX shared library libnumber_converter__rosidl_typesupport_c.so[0m
[1.859s] [ 61%] Built target number_converter__rosidl_typesupport_c
[1.875s] [ 64%] [32m[1mLinking CXX shared library libnumber_converter__rosidl_typesupport_cpp.so[0m
[1.943s] [ 64%] Built target number_converter__rosidl_typesupport_cpp
[2.020s] [ 67%] [32m[1mLinking CXX shared library libnumber_converter__rosidl_typesupport_introspection_cpp.so[0m
[2.021s] [ 70%] [32m[1mLinking CXX shared library libnumber_converter__rosidl_typesupport_fastrtps_c.so[0m
[2.076s] [ 70%] Built target number_converter__rosidl_typesupport_introspection_cpp
[2.081s] [ 73%] [32m[1mLinking CXX shared library libnumber_converter__rosidl_typesupport_fastrtps_cpp.so[0m
[2.081s] [ 73%] Built target number_converter__rosidl_typesupport_fastrtps_c
[2.129s] [ 73%] Built target number_converter__rosidl_typesupport_fastrtps_cpp
[2.141s] [ 73%] Built target number_converter
[2.153s] [ 76%] [34m[1mGenerating Python code for ROS interfaces[0m
[2.361s] [ 76%] Built target number_converter__py
[2.375s] [ 79%] [32mBuilding C object CMakeFiles/number_converter__rosidl_generator_py.dir/rosidl_generator_py/number_converter/srv/_roman_to_decimal_s.c.o[0m
[2.466s] [ 82%] [32m[1mLinking C shared library libnumber_converter__rosidl_generator_py.so[0m
[2.494s] [ 82%] Built target number_converter__rosidl_generator_py
[2.512s] [ 88%] [32mBuilding C object CMakeFiles/number_converter_s__rosidl_typesupport_c.dir/rosidl_generator_py/number_converter/_number_converter_s.ep.rosidl_typesupport_c.c.o[0m
[2.512s] [ 88%] [32mBuilding C object CMakeFiles/number_converter_s__rosidl_typesupport_fastrtps_c.dir/rosidl_generator_py/number_converter/_number_converter_s.ep.rosidl_typesupport_fastrtps_c.c.o[0m
[2.512s] [ 91%] [32mBuilding C object CMakeFiles/number_converter_s__rosidl_typesupport_introspection_c.dir/rosidl_generator_py/number_converter/_number_converter_s.ep.rosidl_typesupport_introspection_c.c.o[0m
[2.586s] [ 97%] [32m[1mLinking C shared module rosidl_generator_py/number_converter/number_converter_s__rosidl_typesupport_c.so[0m
[2.586s] [ 97%] [32m[1mLinking C shared module rosidl_generator_py/number_converter/number_converter_s__rosidl_typesupport_introspection_c.so[0m
[2.591s] [100%] [32m[1mLinking C shared module rosidl_generator_py/number_converter/number_converter_s__rosidl_typesupport_fastrtps_c.so[0m
[2.605s] [100%] Built target number_converter_s__rosidl_typesupport_introspection_c
[2.606s] [100%] Built target number_converter_s__rosidl_typesupport_c
[2.611s] [100%] Built target number_converter_s__rosidl_typesupport_fastrtps_c
[2.620s] Invoked command in '/home/li/ros2_hw2/build/number_converter' returned '0': CMAKE_PREFIX_PATH=${CMAKE_PREFIX_PATH}:/home/li/ros2_hw2/install/number_converter_py:/opt/ros/jazzy DEBUGINFOD_URLS=https://debuginfod.ubuntu.com /usr/bin/cmake --build /home/li/ros2_hw2/build/number_converter -- -j5 -l5
[2.626s] Invoking command in '/home/li/ros2_hw2/build/number_converter': CMAKE_PREFIX_PATH=${CMAKE_PREFIX_PATH}:/home/li/ros2_hw2/install/number_converter_py:/opt/ros/jazzy DEBUGINFOD_URLS=https://debuginfod.ubuntu.com /usr/bin/cmake --install /home/li/ros2_hw2/build/number_converter
[2.631s] -- Install configuration: ""
[2.631s] -- Up-to-date: /home/li/ros2_hw2/install/number_converter/share/ament_index/resource_index/rosidl_interfaces/number_converter
[2.631s] -- Installing: /home/li/ros2_hw2/install/number_converter/share/number_converter/srv/RomanToDecimal.json
[2.631s] -- Up-to-date: /home/li/ros2_hw2/install/number_converter/include/number_converter/number_converter
[2.631s] -- Up-to-date: /home/li/ros2_hw2/install/number_converter/include/number_converter/number_converter/srv
[2.632s] -- Up-to-date: /home/li/ros2_hw2/install/number_converter/include/number_converter/number_converter/srv/detail
[2.632s] -- Installing: /home/li/ros2_hw2/install/number_converter/include/number_converter/number_converter/srv/detail/roman_to_decimal__description.c
[2.632s] -- Installing: /home/li/ros2_hw2/install/number_converter/include/number_converter/number_converter/srv/detail/roman_to_decimal__functions.c
[2.632s] -- Installing: /home/li/ros2_hw2/install/number_converter/include/number_converter/number_converter/srv/detail/roman_to_decimal__type_support.c
[2.632s] -- Installing: /home/li/ros2_hw2/install/number_converter/include/number_converter/number_converter/srv/detail/roman_to_decimal__functions.h
[2.632s] -- Installing: /home/li/ros2_hw2/install/number_converter/include/number_converter/number_converter/srv/detail/roman_to_decimal__type_support.h
[2.632s] -- Installing: /home/li/ros2_hw2/install/number_converter/include/number_converter/number_converter/srv/detail/roman_to_decimal__struct.h
[2.632s] -- Installing: /home/li/ros2_hw2/install/number_converter/include/number_converter/number_converter/srv/roman_to_decimal.h
[2.632s] -- Up-to-date: /home/li/ros2_hw2/install/number_converter/include/number_converter/number_converter/msg
[2.632s] -- Up-to-date: /home/li/ros2_hw2/install/number_converter/include/number_converter/number_converter/msg/rosidl_generator_c__visibility_control.h
[2.632s] -- Up-to-date: /home/li/ros2_hw2/install/number_converter/share/number_converter/environment/library_path.sh
[2.632s] -- Up-to-date: /home/li/ros2_hw2/install/number_converter/share/number_converter/environment/library_path.dsv
[2.632s] -- Installing: /home/li/ros2_hw2/install/number_converter/lib/libnumber_converter__rosidl_generator_c.so
[2.632s] -- Set non-toolchain portion of runtime path of "/home/li/ros2_hw2/install/number_converter/lib/libnumber_converter__rosidl_generator_c.so" to ""
[2.632s] -- Up-to-date: /home/li/ros2_hw2/install/number_converter/include/number_converter/number_converter
[2.633s] -- Up-to-date: /home/li/ros2_hw2/install/number_converter/include/number_converter/number_converter/srv
[2.633s] -- Up-to-date: /home/li/ros2_hw2/install/number_converter/include/number_converter/number_converter/srv/detail
[2.633s] -- Installing: /home/li/ros2_hw2/install/number_converter/include/number_converter/number_converter/srv/detail/roman_to_decimal__rosidl_typesupport_fastrtps_c.h
[2.633s] -- Up-to-date: /home/li/ros2_hw2/install/number_converter/include/number_converter/number_converter/msg
[2.633s] -- Up-to-date: /home/li/ros2_hw2/install/number_converter/include/number_converter/number_converter/msg/rosidl_typesupport_fastrtps_c__visibility_control.h
[2.633s] -- Installing: /home/li/ros2_hw2/install/number_converter/lib/libnumber_converter__rosidl_typesupport_fastrtps_c.so
[2.633s] -- Set non-toolchain portion of runtime path of "/home/li/ros2_hw2/install/number_converter/lib/libnumber_converter__rosidl_typesupport_fastrtps_c.so" to ""
[2.633s] -- Up-to-date: /home/li/ros2_hw2/install/number_converter/include/number_converter/number_converter
[2.633s] -- Up-to-date: /home/li/ros2_hw2/install/number_converter/include/number_converter/number_converter/srv
[2.633s] -- Up-to-date: /home/li/ros2_hw2/install/number_converter/include/number_converter/number_converter/srv/detail
[2.634s] -- Installing: /home/li/ros2_hw2/install/number_converter/include/number_converter/number_converter/srv/detail/roman_to_decimal__type_support.c
[2.634s] -- Installing: /home/li/ros2_hw2/install/number_converter/include/number_converter/number_converter/srv/detail/roman_to_decimal__rosidl_typesupport_introspection_c.h
[2.634s] -- Up-to-date: /home/li/ros2_hw2/install/number_converter/include/number_converter/number_converter/msg
[2.634s] -- Up-to-date: /home/li/ros2_hw2/install/number_converter/include/number_converter/number_converter/msg/rosidl_typesupport_introspection_c__visibility_control.h
[2.634s] -- Installing: /home/li/ros2_hw2/install/number_converter/lib/libnumber_converter__rosidl_typesupport_introspection_c.so
[2.634s] -- Set non-toolchain portion of runtime path of "/home/li/ros2_hw2/install/number_converter/lib/libnumber_converter__rosidl_typesupport_introspection_c.so" to ""
[2.634s] -- Installing: /home/li/ros2_hw2/install/number_converter/lib/libnumber_converter__rosidl_typesupport_c.so
[2.634s] -- Set non-toolchain portion of runtime path of "/home/li/ros2_hw2/install/number_converter/lib/libnumber_converter__rosidl_typesupport_c.so" to ""
[2.634s] -- Up-to-date: /home/li/ros2_hw2/install/number_converter/include/number_converter/number_converter
[2.634s] -- Up-to-date: /home/li/ros2_hw2/install/number_converter/include/number_converter/number_converter/srv
[2.634s] -- Installing: /home/li/ros2_hw2/install/number_converter/include/number_converter/number_converter/srv/roman_to_decimal.hpp
[2.634s] -- Up-to-date: /home/li/ros2_hw2/install/number_converter/include/number_converter/number_converter/srv/detail
[2.635s] -- Installing: /home/li/ros2_hw2/install/number_converter/include/number_converter/number_converter/srv/detail/roman_to_decimal__struct.hpp
[2.635s] -- Installing: /home/li/ros2_hw2/install/number_converter/include/number_converter/number_converter/srv/detail/roman_to_decimal__traits.hpp
[2.635s] -- Installing: /home/li/ros2_hw2/install/number_converter/include/number_converter/number_converter/srv/detail/roman_to_decimal__type_support.hpp
[2.635s] -- Installing: /home/li/ros2_hw2/install/number_converter/include/number_converter/number_converter/srv/detail/roman_to_decimal__builder.hpp
[2.635s] -- Up-to-date: /home/li/ros2_hw2/install/number_converter/include/number_converter/number_converter/msg
[2.635s] -- Installing: /home/li/ros2_hw2/install/number_converter/include/number_converter/number_converter/msg/rosidl_generator_cpp__visibility_control.hpp
[2.635s] -- Up-to-date: /home/li/ros2_hw2/install/number_converter/include/number_converter/number_converter
[2.635s] -- Up-to-date: /home/li/ros2_hw2/install/number_converter/include/number_converter/number_converter/srv
[2.635s] -- Up-to-date: /home/li/ros2_hw2/install/number_converter/include/number_converter/number_converter/srv/detail
[2.635s] -- Up-to-date: /home/li/ros2_hw2/install/number_converter/include/number_converter/number_converter/srv/detail/dds_fastrtps
[2.635s] -- Installing: /home/li/ros2_hw2/install/number_converter/include/number_converter/number_converter/srv/detail/roman_to_decimal__rosidl_typesupport_fastrtps_cpp.hpp
[2.635s] -- Up-to-date: /home/li/ros2_hw2/install/number_converter/include/number_converter/number_converter/msg
[2.635s] -- Up-to-date: /home/li/ros2_hw2/install/number_converter/include/number_converter/number_converter/msg/rosidl_typesupport_fastrtps_cpp__visibility_control.h
[2.636s] -- Installing: /home/li/ros2_hw2/install/number_converter/lib/libnumber_converter__rosidl_typesupport_fastrtps_cpp.so
[2.636s] -- Set non-toolchain portion of runtime path of "/home/li/ros2_hw2/install/number_converter/lib/libnumber_converter__rosidl_typesupport_fastrtps_cpp.so" to ""
[2.636s] -- Up-to-date: /home/li/ros2_hw2/install/number_converter/include/number_converter/number_converter
[2.636s] -- Up-to-date: /home/li/ros2_hw2/install/number_converter/include/number_converter/number_converter/srv
[2.636s] -- Up-to-date: /home/li/ros2_hw2/install/number_converter/include/number_converter/number_converter/srv/detail
[2.636s] -- Installing: /home/li/ros2_hw2/install/number_converter/include/number_converter/number_converter/srv/detail/roman_to_decimal__rosidl_typesupport_introspection_cpp.hpp
[2.636s] -- Installing: /home/li/ros2_hw2/install/number_converter/include/number_converter/number_converter/srv/detail/roman_to_decimal__type_support.cpp
[2.636s] -- Installing: /home/li/ros2_hw2/install/number_converter/lib/libnumber_converter__rosidl_typesupport_introspection_cpp.so
[2.637s] -- Set non-toolchain portion of runtime path of "/home/li/ros2_hw2/install/number_converter/lib/libnumber_converter__rosidl_typesupport_introspection_cpp.so" to ""
[2.637s] -- Installing: /home/li/ros2_hw2/install/number_converter/lib/libnumber_converter__rosidl_typesupport_cpp.so
[2.637s] -- Set non-toolchain portion of runtime path of "/home/li/ros2_hw2/install/number_converter/lib/libnumber_converter__rosidl_typesupport_cpp.so" to ""
[2.637s] -- Up-to-date: /home/li/ros2_hw2/install/number_converter/share/number_converter/environment/pythonpath.sh
[2.637s] -- Up-to-date: /home/li/ros2_hw2/install/number_converter/share/number_converter/environment/pythonpath.dsv
[2.638s] -- Up-to-date: /home/li/ros2_hw2/install/number_converter/lib/python3.12/site-packages/number_converter-0.0.0-py3.12.egg-info
[2.638s] -- Installing: /home/li/ros2_hw2/install/number_converter/lib/python3.12/site-packages/number_converter-0.0.0-py3.12.egg-info/SOURCES.txt
[2.638s] -- Installing: /home/li/ros2_hw2/install/number_converter/lib/python3.12/site-packages/number_converter-0.0.0-py3.12.egg-info/PKG-INFO
[2.638s] -- Installing: /home/li/ros2_hw2/install/number_converter/lib/python3.12/site-packages/number_converter-0.0.0-py3.12.egg-info/dependency_links.txt
[2.638s] -- Installing: /home/li/ros2_hw2/install/number_converter/lib/python3.12/site-packages/number_converter-0.0.0-py3.12.egg-info/top_level.txt
[2.638s] -- Up-to-date: /home/li/ros2_hw2/install/number_converter/lib/python3.12/site-packages/number_converter
[2.638s] -- Up-to-date: /home/li/ros2_hw2/install/number_converter/lib/python3.12/site-packages/number_converter/srv
[2.638s] -- Installing: /home/li/ros2_hw2/install/number_converter/lib/python3.12/site-packages/number_converter/srv/_roman_to_decimal_s.c
[2.638s] -- Installing: /home/li/ros2_hw2/install/number_converter/lib/python3.12/site-packages/number_converter/srv/__init__.py
[2.638s] -- Installing: /home/li/ros2_hw2/install/number_converter/lib/python3.12/site-packages/number_converter/srv/_roman_to_decimal.py
[2.638s] -- Installing: /home/li/ros2_hw2/install/number_converter/lib/python3.12/site-packages/number_converter/number_converter_s__rosidl_typesupport_introspection_c.so
[2.638s] -- Installing: /home/li/ros2_hw2/install/number_converter/lib/python3.12/site-packages/number_converter/_number_converter_s.ep.rosidl_typesupport_introspection_c.c
[2.638s] -- Installing: /home/li/ros2_hw2/install/number_converter/lib/python3.12/site-packages/number_converter/_number_converter_s.ep.rosidl_typesupport_fastrtps_c.c
[2.638s] -- Installing: /home/li/ros2_hw2/install/number_converter/lib/python3.12/site-packages/number_converter/_number_converter_s.ep.rosidl_typesupport_c.c
[2.638s] -- Installing: /home/li/ros2_hw2/install/number_converter/lib/python3.12/site-packages/number_converter/number_converter_s__rosidl_typesupport_fastrtps_c.so
[2.639s] -- Installing: /home/li/ros2_hw2/install/number_converter/lib/python3.12/site-packages/number_converter/number_converter_s__rosidl_typesupport_c.so
[2.639s] -- Installing: /home/li/ros2_hw2/install/number_converter/lib/python3.12/site-packages/number_converter/__init__.py
[2.665s] Listing '/home/li/ros2_hw2/install/number_converter/lib/python3.12/site-packages/number_converter'...
[2.665s] Compiling '/home/li/ros2_hw2/install/number_converter/lib/python3.12/site-packages/number_converter/__init__.py'...
[2.665s] Listing '/home/li/ros2_hw2/install/number_converter/lib/python3.12/site-packages/number_converter/srv'...
[2.665s] Compiling '/home/li/ros2_hw2/install/number_converter/lib/python3.12/site-packages/number_converter/srv/__init__.py'...
[2.665s] Compiling '/home/li/ros2_hw2/install/number_converter/lib/python3.12/site-packages/number_converter/srv/_roman_to_decimal.py'...
[2.668s] -- Installing: /home/li/ros2_hw2/install/number_converter/lib/python3.12/site-packages/number_converter/number_converter_s__rosidl_typesupport_fastrtps_c.so
[2.668s] -- Set non-toolchain portion of runtime path of "/home/li/ros2_hw2/install/number_converter/lib/python3.12/site-packages/number_converter/number_converter_s__rosidl_typesupport_fastrtps_c.so" to ""
[2.668s] -- Installing: /home/li/ros2_hw2/install/number_converter/lib/python3.12/site-packages/number_converter/number_converter_s__rosidl_typesupport_introspection_c.so
[2.669s] -- Set non-toolchain portion of runtime path of "/home/li/ros2_hw2/install/number_converter/lib/python3.12/site-packages/number_converter/number_converter_s__rosidl_typesupport_introspection_c.so" to ""
[2.669s] -- Installing: /home/li/ros2_hw2/install/number_converter/lib/python3.12/site-packages/number_converter/number_converter_s__rosidl_typesupport_c.so
[2.669s] -- Set non-toolchain portion of runtime path of "/home/li/ros2_hw2/install/number_converter/lib/python3.12/site-packages/number_converter/number_converter_s__rosidl_typesupport_c.so" to ""
[2.669s] -- Installing: /home/li/ros2_hw2/install/number_converter/lib/libnumber_converter__rosidl_generator_py.so
[2.669s] -- Set non-toolchain portion of runtime path of "/home/li/ros2_hw2/install/number_converter/lib/libnumber_converter__rosidl_generator_py.so" to ""
[2.670s] -- Installing: /home/li/ros2_hw2/install/number_converter/share/number_converter/srv/RomanToDecimal.idl
[2.670s] -- Installing: /home/li/ros2_hw2/install/number_converter/share/number_converter/srv/RomanToDecimal.srv
[2.670s] -- Up-to-date: /home/li/ros2_hw2/install/number_converter/share/ament_index/resource_index/package_run_dependencies/number_converter
[2.670s] -- Installing: /home/li/ros2_hw2/install/number_converter/share/ament_index/resource_index/parent_prefix_path/number_converter
[2.670s] -- Up-to-date: /home/li/ros2_hw2/install/number_converter/share/number_converter/environment/ament_prefix_path.sh
[2.670s] -- Up-to-date: /home/li/ros2_hw2/install/number_converter/share/number_converter/environment/ament_prefix_path.dsv
[2.670s] -- Up-to-date: /home/li/ros2_hw2/install/number_converter/share/number_converter/environment/path.sh
[2.670s] -- Up-to-date: /home/li/ros2_hw2/install/number_converter/share/number_converter/environment/path.dsv
[2.670s] -- Up-to-date: /home/li/ros2_hw2/install/number_converter/share/number_converter/local_setup.bash
[2.670s] -- Up-to-date: /home/li/ros2_hw2/install/number_converter/share/number_converter/local_setup.sh
[2.670s] -- Up-to-date: /home/li/ros2_hw2/install/number_converter/share/number_converter/local_setup.zsh
[2.670s] -- Up-to-date: /home/li/ros2_hw2/install/number_converter/share/number_converter/local_setup.dsv
[2.670s] -- Installing: /home/li/ros2_hw2/install/number_converter/share/number_converter/package.dsv
[2.671s] -- Up-to-date: /home/li/ros2_hw2/install/number_converter/share/ament_index/resource_index/packages/number_converter
[2.671s] -- Up-to-date: /home/li/ros2_hw2/install/number_converter/share/number_converter/cmake/export_number_converter__rosidl_generator_cExport.cmake
[2.671s] -- Up-to-date: /home/li/ros2_hw2/install/number_converter/share/number_converter/cmake/export_number_converter__rosidl_generator_cExport-noconfig.cmake
[2.671s] -- Up-to-date: /home/li/ros2_hw2/install/number_converter/share/number_converter/cmake/export_number_converter__rosidl_typesupport_fastrtps_cExport.cmake
[2.671s] -- Up-to-date: /home/li/ros2_hw2/install/number_converter/share/number_converter/cmake/export_number_converter__rosidl_typesupport_fastrtps_cExport-noconfig.cmake
[2.671s] -- Up-to-date: /home/li/ros2_hw2/install/number_converter/share/number_converter/cmake/number_converter__rosidl_typesupport_introspection_cExport.cmake
[2.671s] -- Up-to-date: /home/li/ros2_hw2/install/number_converter/share/number_converter/cmake/number_converter__rosidl_typesupport_introspection_cExport-noconfig.cmake
[2.671s] -- Up-to-date: /home/li/ros2_hw2/install/number_converter/share/number_converter/cmake/number_converter__rosidl_typesupport_cExport.cmake
[2.671s] -- Up-to-date: /home/li/ros2_hw2/install/number_converter/share/number_converter/cmake/number_converter__rosidl_typesupport_cExport-noconfig.cmake
[2.672s] -- Up-to-date: /home/li/ros2_hw2/install/number_converter/share/number_converter/cmake/export_number_converter__rosidl_generator_cppExport.cmake
[2.672s] -- Up-to-date: /home/li/ros2_hw2/install/number_converter/share/number_converter/cmake/export_number_converter__rosidl_typesupport_fastrtps_cppExport.cmake
[2.672s] -- Up-to-date: /home/li/ros2_hw2/install/number_converter/share/number_converter/cmake/export_number_converter__rosidl_typesupport_fastrtps_cppExport-noconfig.cmake
[2.672s] -- Up-to-date: /home/li/ros2_hw2/install/number_converter/share/number_converter/cmake/number_converter__rosidl_typesupport_introspection_cppExport.cmake
[2.672s] -- Up-to-date: /home/li/ros2_hw2/install/number_converter/share/number_converter/cmake/number_converter__rosidl_typesupport_introspection_cppExport-noconfig.cmake
[2.672s] -- Up-to-date: /home/li/ros2_hw2/install/number_converter/share/number_converter/cmake/number_converter__rosidl_typesupport_cppExport.cmake
[2.672s] -- Up-to-date: /home/li/ros2_hw2/install/number_converter/share/number_converter/cmake/number_converter__rosidl_typesupport_cppExport-noconfig.cmake
[2.672s] -- Up-to-date: /home/li/ros2_hw2/install/number_converter/share/number_converter/cmake/export_number_converter__rosidl_generator_pyExport.cmake
[2.672s] -- Up-to-date: /home/li/ros2_hw2/install/number_converter/share/number_converter/cmake/export_number_converter__rosidl_generator_pyExport-noconfig.cmake
[2.673s] -- Up-to-date: /home/li/ros2_hw2/install/number_converter/share/number_converter/cmake/rosidl_cmake-extras.cmake
[2.673s] -- Up-to-date: /home/li/ros2_hw2/install/number_converter/share/number_converter/cmake/ament_cmake_export_dependencies-extras.cmake
[2.673s] -- Up-to-date: /home/li/ros2_hw2/install/number_converter/share/number_converter/cmake/ament_cmake_export_include_directories-extras.cmake
[2.673s] -- Up-to-date: /home/li/ros2_hw2/install/number_converter/share/number_converter/cmake/ament_cmake_export_libraries-extras.cmake
[2.673s] -- Up-to-date: /home/li/ros2_hw2/install/number_converter/share/number_converter/cmake/ament_cmake_export_targets-extras.cmake
[2.673s] -- Up-to-date: /home/li/ros2_hw2/install/number_converter/share/number_converter/cmake/rosidl_cmake_export_typesupport_targets-extras.cmake
[2.673s] -- Up-to-date: /home/li/ros2_hw2/install/number_converter/share/number_converter/cmake/rosidl_cmake_export_typesupport_libraries-extras.cmake
[2.674s] -- Up-to-date: /home/li/ros2_hw2/install/number_converter/share/number_converter/cmake/number_converterConfig.cmake
[2.674s] -- Up-to-date: /home/li/ros2_hw2/install/number_converter/share/number_converter/cmake/number_converterConfig-version.cmake
[2.674s] -- Up-to-date: /home/li/ros2_hw2/install/number_converter/share/number_converter/package.xml
[2.676s] Invoked command in '/home/li/ros2_hw2/build/number_converter' returned '0': CMAKE_PREFIX_PATH=${CMAKE_PREFIX_PATH}:/home/li/ros2_hw2/install/number_converter_py:/opt/ros/jazzy DEBUGINFOD_URLS=https://debuginfod.ubuntu.com /usr/bin/cmake --install /home/li/ros2_hw2/build/number_converter
