running egg_info
creating ../../build/hw1_pkg/hw1_pkg.egg-info
writing ../../build/hw1_pkg/hw1_pkg.egg-info/PKG-INFO
writing dependency_links to ../../build/hw1_pkg/hw1_pkg.egg-info/dependency_links.txt
writing entry points to ../../build/hw1_pkg/hw1_pkg.egg-info/entry_points.txt
writing requirements to ../../build/hw1_pkg/hw1_pkg.egg-info/requires.txt
writing top-level names to ../../build/hw1_pkg/hw1_pkg.egg-info/top_level.txt
writing manifest file '../../build/hw1_pkg/hw1_pkg.egg-info/SOURCES.txt'
reading manifest file '../../build/hw1_pkg/hw1_pkg.egg-info/SOURCES.txt'
writing manifest file '../../build/hw1_pkg/hw1_pkg.egg-info/SOURCES.txt'
running build
running build_py
creating /home/li/hw1/build/hw1_pkg/build
creating /home/li/hw1/build/hw1_pkg/build/lib
creating /home/li/hw1/build/hw1_pkg/build/lib/hw1_pkg
copying hw1_pkg/even_number_publisher.py -> /home/li/hw1/build/hw1_pkg/build/lib/hw1_pkg
copying hw1_pkg/prime_divisors_subscriber.py -> /home/li/hw1/build/hw1_pkg/build/lib/hw1_pkg
copying hw1_pkg/__init__.py -> /home/li/hw1/build/hw1_pkg/build/lib/hw1_pkg
running install
running install_lib
creating /home/li/hw1/install/hw1_pkg/lib/python3.12/site-packages/hw1_pkg
copying /home/li/hw1/build/hw1_pkg/build/lib/hw1_pkg/even_number_publisher.py -> /home/li/hw1/install/hw1_pkg/lib/python3.12/site-packages/hw1_pkg
copying /home/li/hw1/build/hw1_pkg/build/lib/hw1_pkg/prime_divisors_subscriber.py -> /home/li/hw1/install/hw1_pkg/lib/python3.12/site-packages/hw1_pkg
copying /home/li/hw1/build/hw1_pkg/build/lib/hw1_pkg/__init__.py -> /home/li/hw1/install/hw1_pkg/lib/python3.12/site-packages/hw1_pkg
byte-compiling /home/li/hw1/install/hw1_pkg/lib/python3.12/site-packages/hw1_pkg/even_number_publisher.py to even_number_publisher.cpython-312.pyc
byte-compiling /home/li/hw1/install/hw1_pkg/lib/python3.12/site-packages/hw1_pkg/prime_divisors_subscriber.py to prime_divisors_subscriber.cpython-312.pyc
byte-compiling /home/li/hw1/install/hw1_pkg/lib/python3.12/site-packages/hw1_pkg/__init__.py to __init__.cpython-312.pyc
running install_data
creating /home/li/hw1/install/hw1_pkg/share/ament_index
creating /home/li/hw1/install/hw1_pkg/share/ament_index/resource_index
creating /home/li/hw1/install/hw1_pkg/share/ament_index/resource_index/packages
copying resource/hw1_pkg -> /home/li/hw1/install/hw1_pkg/share/ament_index/resource_index/packages
copying package.xml -> /home/li/hw1/install/hw1_pkg/share/hw1_pkg
running install_egg_info
Copying ../../build/hw1_pkg/hw1_pkg.egg-info to /home/li/hw1/install/hw1_pkg/lib/python3.12/site-packages/hw1_pkg-0.1.0-py3.12.egg-info
running install_scripts
Installing even_number_publisher script to /home/li/hw1/install/hw1_pkg/lib/hw1_pkg
Installing prime_divisors_subscriber script to /home/li/hw1/install/hw1_pkg/lib/hw1_pkg
writing list of installed files to '/home/li/hw1/build/hw1_pkg/install.log'
