[0.080s] DEBUG:colcon:Command line arguments: ['/usr/bin/colcon', 'build', '--packages-select', 'number_converter', 'number_converter_py']
[0.080s] DEBUG:colcon:Parsed command line arguments: Namespace(log_base=None, log_level=None, verb_name='build', build_base='build', install_base='install', merge_install=False, symlink_install=False, test_result_base=None, continue_on_error=False, executor='parallel', parallel_workers=5, event_handlers=None, ignore_user_meta=False, metas=['./colcon.meta'], base_paths=['.'], packages_ignore=None, packages_ignore_regex=None, paths=None, packages_up_to=None, packages_up_to_regex=None, packages_above=None, packages_above_and_dependencies=None, packages_above_depth=None, packages_select_by_dep=None, packages_skip_by_dep=None, packages_skip_up_to=None, packages_select_build_failed=False, packages_skip_build_finished=False, packages_select_test_failures=False, packages_skip_test_passed=False, packages_select=['number_converter', 'number_converter_py'], packages_skip=None, packages_select_regex=None, packages_skip_regex=None, packages_start=None, packages_end=None, allow_overriding=[], cmake_args=None, cmake_target=None, cmake_target_skip_unavailable=False, cmake_clean_cache=False, cmake_clean_first=False, cmake_force_configure=False, ament_cmake_args=None, catkin_cmake_args=None, catkin_skip_building_tests=False, verb_parser=<colcon_defaults.argument_parser.defaults.DefaultArgumentsDecorator object at 0xfaf98436e990>, verb_extension=<colcon_core.verb.build.BuildVerb object at 0xfaf98436d520>, main=<bound method BuildVerb.main of <colcon_core.verb.build.BuildVerb object at 0xfaf98436d520>>)
[0.176s] Level 1:colcon.colcon_core.package_discovery:discover_packages(colcon_meta) check parameters
[0.176s] Level 1:colcon.colcon_core.package_discovery:discover_packages(recursive) check parameters
[0.176s] Level 1:colcon.colcon_core.package_discovery:discover_packages(ignore) check parameters
[0.176s] Level 1:colcon.colcon_core.package_discovery:discover_packages(path) check parameters
[0.176s] Level 1:colcon.colcon_core.package_discovery:discover_packages(colcon_meta) discover
[0.176s] Level 1:colcon.colcon_core.package_discovery:discover_packages(recursive) discover
[0.176s] INFO:colcon.colcon_core.package_discovery:Crawling recursively for packages in '/home/li/ros2_hw2'
[0.176s] Level 1:colcon.colcon_core.package_identification:_identify(.) by extensions ['ignore', 'ignore_ament_install']
[0.176s] Level 1:colcon.colcon_core.package_identification:_identify(.) by extension 'ignore'
[0.176s] Level 1:colcon.colcon_core.package_identification:_identify(.) by extension 'ignore_ament_install'
[0.176s] Level 1:colcon.colcon_core.package_identification:_identify(.) by extensions ['colcon_pkg']
[0.176s] Level 1:colcon.colcon_core.package_identification:_identify(.) by extension 'colcon_pkg'
[0.176s] Level 1:colcon.colcon_core.package_identification:_identify(.) by extensions ['colcon_meta']
[0.176s] Level 1:colcon.colcon_core.package_identification:_identify(.) by extension 'colcon_meta'
[0.176s] Level 1:colcon.colcon_core.package_identification:_identify(.) by extensions ['ros']
[0.176s] Level 1:colcon.colcon_core.package_identification:_identify(.) by extension 'ros'
[0.194s] Level 1:colcon.colcon_core.package_identification:_identify(.) by extensions ['cmake', 'python']
[0.194s] Level 1:colcon.colcon_core.package_identification:_identify(.) by extension 'cmake'
[0.194s] Level 1:colcon.colcon_core.package_identification:_identify(.) by extension 'python'
[0.194s] Level 1:colcon.colcon_core.package_identification:_identify(.) by extensions ['python_setup_py']
[0.194s] Level 1:colcon.colcon_core.package_identification:_identify(.) by extension 'python_setup_py'
[0.194s] Level 1:colcon.colcon_core.package_identification:_identify(build) by extensions ['ignore', 'ignore_ament_install']
[0.194s] Level 1:colcon.colcon_core.package_identification:_identify(build) by extension 'ignore'
[0.194s] Level 1:colcon.colcon_core.package_identification:_identify(build) ignored
[0.194s] Level 1:colcon.colcon_core.package_identification:_identify(install) by extensions ['ignore', 'ignore_ament_install']
[0.194s] Level 1:colcon.colcon_core.package_identification:_identify(install) by extension 'ignore'
[0.194s] Level 1:colcon.colcon_core.package_identification:_identify(install) ignored
[0.195s] Level 1:colcon.colcon_core.package_identification:_identify(log) by extensions ['ignore', 'ignore_ament_install']
[0.195s] Level 1:colcon.colcon_core.package_identification:_identify(log) by extension 'ignore'
[0.195s] Level 1:colcon.colcon_core.package_identification:_identify(log) ignored
[0.195s] Level 1:colcon.colcon_core.package_identification:_identify(src) by extensions ['ignore', 'ignore_ament_install']
[0.195s] Level 1:colcon.colcon_core.package_identification:_identify(src) by extension 'ignore'
[0.195s] Level 1:colcon.colcon_core.package_identification:_identify(src) by extension 'ignore_ament_install'
[0.195s] Level 1:colcon.colcon_core.package_identification:_identify(src) by extensions ['colcon_pkg']
[0.195s] Level 1:colcon.colcon_core.package_identification:_identify(src) by extension 'colcon_pkg'
[0.195s] Level 1:colcon.colcon_core.package_identification:_identify(src) by extensions ['colcon_meta']
[0.195s] Level 1:colcon.colcon_core.package_identification:_identify(src) by extension 'colcon_meta'
[0.195s] Level 1:colcon.colcon_core.package_identification:_identify(src) by extensions ['ros']
[0.195s] Level 1:colcon.colcon_core.package_identification:_identify(src) by extension 'ros'
[0.195s] Level 1:colcon.colcon_core.package_identification:_identify(src) by extensions ['cmake', 'python']
[0.195s] Level 1:colcon.colcon_core.package_identification:_identify(src) by extension 'cmake'
[0.195s] Level 1:colcon.colcon_core.package_identification:_identify(src) by extension 'python'
[0.195s] Level 1:colcon.colcon_core.package_identification:_identify(src) by extensions ['python_setup_py']
[0.195s] Level 1:colcon.colcon_core.package_identification:_identify(src) by extension 'python_setup_py'
[0.195s] Level 1:colcon.colcon_core.package_identification:_identify(src/number_converter) by extensions ['ignore', 'ignore_ament_install']
[0.195s] Level 1:colcon.colcon_core.package_identification:_identify(src/number_converter) by extension 'ignore'
[0.195s] Level 1:colcon.colcon_core.package_identification:_identify(src/number_converter) by extension 'ignore_ament_install'
[0.195s] Level 1:colcon.colcon_core.package_identification:_identify(src/number_converter) by extensions ['colcon_pkg']
[0.195s] Level 1:colcon.colcon_core.package_identification:_identify(src/number_converter) by extension 'colcon_pkg'
[0.195s] Level 1:colcon.colcon_core.package_identification:_identify(src/number_converter) by extensions ['colcon_meta']
[0.195s] Level 1:colcon.colcon_core.package_identification:_identify(src/number_converter) by extension 'colcon_meta'
[0.195s] Level 1:colcon.colcon_core.package_identification:_identify(src/number_converter) by extensions ['ros']
[0.195s] Level 1:colcon.colcon_core.package_identification:_identify(src/number_converter) by extension 'ros'
[0.197s] DEBUG:colcon.colcon_core.package_identification:Package 'src/number_converter' with type 'ros.ament_cmake' and name 'number_converter'
[0.197s] Level 1:colcon.colcon_core.package_identification:_identify(src/number_converter_py) by extensions ['ignore', 'ignore_ament_install']
[0.197s] Level 1:colcon.colcon_core.package_identification:_identify(src/number_converter_py) by extension 'ignore'
[0.197s] Level 1:colcon.colcon_core.package_identification:_identify(src/number_converter_py) by extension 'ignore_ament_install'
[0.197s] Level 1:colcon.colcon_core.package_identification:_identify(src/number_converter_py) by extensions ['colcon_pkg']
[0.197s] Level 1:colcon.colcon_core.package_identification:_identify(src/number_converter_py) by extension 'colcon_pkg'
[0.197s] Level 1:colcon.colcon_core.package_identification:_identify(src/number_converter_py) by extensions ['colcon_meta']
[0.197s] Level 1:colcon.colcon_core.package_identification:_identify(src/number_converter_py) by extension 'colcon_meta'
[0.197s] Level 1:colcon.colcon_core.package_identification:_identify(src/number_converter_py) by extensions ['ros']
[0.197s] Level 1:colcon.colcon_core.package_identification:_identify(src/number_converter_py) by extension 'ros'
[0.198s] DEBUG:colcon.colcon_core.package_identification:Package 'src/number_converter_py' with type 'ros.ament_python' and name 'number_converter_py'
[0.198s] Level 1:colcon.colcon_core.package_discovery:discover_packages(recursive) using defaults
[0.198s] Level 1:colcon.colcon_core.package_discovery:discover_packages(ignore) discover
[0.198s] Level 1:colcon.colcon_core.package_discovery:discover_packages(ignore) using defaults
[0.198s] Level 1:colcon.colcon_core.package_discovery:discover_packages(path) discover
[0.198s] Level 1:colcon.colcon_core.package_discovery:discover_packages(path) using defaults
[0.210s] Level 1:colcon.colcon_core.package_discovery:discover_packages(prefix_path) check parameters
[0.210s] Level 1:colcon.colcon_core.package_discovery:discover_packages(prefix_path) discover
[0.211s] DEBUG:colcon.colcon_installed_package_information.package_discovery:Found 2 installed packages in /home/li/ros2_hw2/install
[0.212s] DEBUG:colcon.colcon_installed_package_information.package_discovery:Found 2 installed packages in /home/li/install
[0.213s] DEBUG:colcon.colcon_installed_package_information.package_discovery:Found 286 installed packages in /opt/ros/jazzy
[0.213s] Level 1:colcon.colcon_core.package_discovery:discover_packages(prefix_path) using defaults
[0.237s] Level 5:colcon.colcon_core.verb:set package 'number_converter' build argument 'cmake_args' from command line to 'None'
[0.237s] Level 5:colcon.colcon_core.verb:set package 'number_converter' build argument 'cmake_target' from command line to 'None'
[0.237s] Level 5:colcon.colcon_core.verb:set package 'number_converter' build argument 'cmake_target_skip_unavailable' from command line to 'False'
[0.237s] Level 5:colcon.colcon_core.verb:set package 'number_converter' build argument 'cmake_clean_cache' from command line to 'False'
[0.237s] Level 5:colcon.colcon_core.verb:set package 'number_converter' build argument 'cmake_clean_first' from command line to 'False'
[0.237s] Level 5:colcon.colcon_core.verb:set package 'number_converter' build argument 'cmake_force_configure' from command line to 'False'
[0.237s] Level 5:colcon.colcon_core.verb:set package 'number_converter' build argument 'ament_cmake_args' from command line to 'None'
[0.237s] Level 5:colcon.colcon_core.verb:set package 'number_converter' build argument 'catkin_cmake_args' from command line to 'None'
[0.237s] Level 5:colcon.colcon_core.verb:set package 'number_converter' build argument 'catkin_skip_building_tests' from command line to 'False'
[0.237s] DEBUG:colcon.colcon_core.verb:Building package 'number_converter' with the following arguments: {'ament_cmake_args': None, 'build_base': '/home/li/ros2_hw2/build/number_converter', 'catkin_cmake_args': None, 'catkin_skip_building_tests': False, 'cmake_args': None, 'cmake_clean_cache': False, 'cmake_clean_first': False, 'cmake_force_configure': False, 'cmake_target': None, 'cmake_target_skip_unavailable': False, 'install_base': '/home/li/ros2_hw2/install/number_converter', 'merge_install': False, 'path': '/home/li/ros2_hw2/src/number_converter', 'symlink_install': False, 'test_result_base': None}
[0.237s] Level 5:colcon.colcon_core.verb:set package 'number_converter_py' build argument 'cmake_args' from command line to 'None'
[0.237s] Level 5:colcon.colcon_core.verb:set package 'number_converter_py' build argument 'cmake_target' from command line to 'None'
[0.237s] Level 5:colcon.colcon_core.verb:set package 'number_converter_py' build argument 'cmake_target_skip_unavailable' from command line to 'False'
[0.237s] Level 5:colcon.colcon_core.verb:set package 'number_converter_py' build argument 'cmake_clean_cache' from command line to 'False'
[0.237s] Level 5:colcon.colcon_core.verb:set package 'number_converter_py' build argument 'cmake_clean_first' from command line to 'False'
[0.237s] Level 5:colcon.colcon_core.verb:set package 'number_converter_py' build argument 'cmake_force_configure' from command line to 'False'
[0.237s] Level 5:colcon.colcon_core.verb:set package 'number_converter_py' build argument 'ament_cmake_args' from command line to 'None'
[0.237s] Level 5:colcon.colcon_core.verb:set package 'number_converter_py' build argument 'catkin_cmake_args' from command line to 'None'
[0.237s] Level 5:colcon.colcon_core.verb:set package 'number_converter_py' build argument 'catkin_skip_building_tests' from command line to 'False'
[0.237s] DEBUG:colcon.colcon_core.verb:Building package 'number_converter_py' with the following arguments: {'ament_cmake_args': None, 'build_base': '/home/li/ros2_hw2/build/number_converter_py', 'catkin_cmake_args': None, 'catkin_skip_building_tests': False, 'cmake_args': None, 'cmake_clean_cache': False, 'cmake_clean_first': False, 'cmake_force_configure': False, 'cmake_target': None, 'cmake_target_skip_unavailable': False, 'install_base': '/home/li/ros2_hw2/install/number_converter_py', 'merge_install': False, 'path': '/home/li/ros2_hw2/src/number_converter_py', 'symlink_install': False, 'test_result_base': None}
[0.237s] INFO:colcon.colcon_core.executor:Executing jobs using 'parallel' executor
[0.238s] DEBUG:colcon.colcon_parallel_executor.executor.parallel:run_until_complete
[0.238s] INFO:colcon.colcon_ros.task.ament_cmake.build:Building ROS package in '/home/li/ros2_hw2/src/number_converter' with build type 'ament_cmake'
[0.238s] INFO:colcon.colcon_cmake.task.cmake.build:Building CMake package in '/home/li/ros2_hw2/src/number_converter'
[0.240s] INFO:colcon.colcon_core.plugin_system:Skipping extension 'colcon_core.shell.bat': Not used on non-Windows systems
[0.240s] INFO:colcon.colcon_core.shell:Skip shell extension 'powershell' for command environment: Not usable outside of PowerShell
[0.240s] DEBUG:colcon.colcon_core.shell:Skip shell extension 'dsv' for command environment
[0.253s] DEBUG:colcon.colcon_core.event_handler.log_command:Invoking command in '/home/li/ros2_hw2/build/number_converter': CMAKE_PREFIX_PATH=${CMAKE_PREFIX_PATH}:/home/li/ros2_hw2/install/number_converter_py:/home/li/install/number_converter_py:/opt/ros/jazzy DEBUGINFOD_URLS=https://debuginfod.ubuntu.com /usr/bin/cmake --build /home/li/ros2_hw2/build/number_converter -- -j5 -l5
[0.621s] DEBUG:colcon.colcon_core.event_handler.log_command:Invoked command in '/home/li/ros2_hw2/build/number_converter' returned '0': CMAKE_PREFIX_PATH=${CMAKE_PREFIX_PATH}:/home/li/ros2_hw2/install/number_converter_py:/home/li/install/number_converter_py:/opt/ros/jazzy DEBUGINFOD_URLS=https://debuginfod.ubuntu.com /usr/bin/cmake --build /home/li/ros2_hw2/build/number_converter -- -j5 -l5
[0.627s] DEBUG:colcon.colcon_core.event_handler.log_command:Invoking command in '/home/li/ros2_hw2/build/number_converter': CMAKE_PREFIX_PATH=${CMAKE_PREFIX_PATH}:/home/li/ros2_hw2/install/number_converter_py:/home/li/install/number_converter_py:/opt/ros/jazzy DEBUGINFOD_URLS=https://debuginfod.ubuntu.com /usr/bin/cmake --install /home/li/ros2_hw2/build/number_converter
[0.668s] Level 1:colcon.colcon_core.environment:create_environment_scripts_only(number_converter)
[0.668s] DEBUG:colcon.colcon_core.event_handler.log_command:Invoked command in '/home/li/ros2_hw2/build/number_converter' returned '0': CMAKE_PREFIX_PATH=${CMAKE_PREFIX_PATH}:/home/li/ros2_hw2/install/number_converter_py:/home/li/install/number_converter_py:/opt/ros/jazzy DEBUGINFOD_URLS=https://debuginfod.ubuntu.com /usr/bin/cmake --install /home/li/ros2_hw2/build/number_converter
[0.669s] Level 1:colcon.colcon_core.environment:checking '/home/li/ros2_hw2/install/number_converter' for CMake module files
[0.670s] Level 1:colcon.colcon_core.environment:checking '/home/li/ros2_hw2/install/number_converter' for CMake config files
[0.670s] Level 1:colcon.colcon_core.shell:create_environment_hook('number_converter', 'cmake_prefix_path')
[0.670s] INFO:colcon.colcon_core.shell:Creating environment hook '/home/li/ros2_hw2/install/number_converter/share/number_converter/hook/cmake_prefix_path.ps1'
[0.670s] INFO:colcon.colcon_core.shell:Creating environment descriptor '/home/li/ros2_hw2/install/number_converter/share/number_converter/hook/cmake_prefix_path.dsv'
[0.671s] INFO:colcon.colcon_core.shell:Creating environment hook '/home/li/ros2_hw2/install/number_converter/share/number_converter/hook/cmake_prefix_path.sh'
[0.671s] Level 1:colcon.colcon_core.environment:checking '/home/li/ros2_hw2/install/number_converter/lib'
[0.671s] Level 1:colcon.colcon_core.shell:create_environment_hook('number_converter', 'ld_library_path_lib')
[0.672s] INFO:colcon.colcon_core.shell:Creating environment hook '/home/li/ros2_hw2/install/number_converter/share/number_converter/hook/ld_library_path_lib.ps1'
[0.672s] INFO:colcon.colcon_core.shell:Creating environment descriptor '/home/li/ros2_hw2/install/number_converter/share/number_converter/hook/ld_library_path_lib.dsv'
[0.672s] INFO:colcon.colcon_core.shell:Creating environment hook '/home/li/ros2_hw2/install/number_converter/share/number_converter/hook/ld_library_path_lib.sh'
[0.672s] Level 1:colcon.colcon_core.environment:checking '/home/li/ros2_hw2/install/number_converter/bin'
[0.672s] Level 1:colcon.colcon_core.environment:checking '/home/li/ros2_hw2/install/number_converter/lib/pkgconfig/number_converter.pc'
[0.672s] Level 1:colcon.colcon_core.environment:checking '/home/li/ros2_hw2/install/number_converter/lib/python3.12/site-packages'
[0.672s] Level 1:colcon.colcon_core.shell:create_environment_hook('number_converter', 'pythonpath')
[0.673s] INFO:colcon.colcon_core.shell:Creating environment hook '/home/li/ros2_hw2/install/number_converter/share/number_converter/hook/pythonpath.ps1'
[0.673s] INFO:colcon.colcon_core.shell:Creating environment descriptor '/home/li/ros2_hw2/install/number_converter/share/number_converter/hook/pythonpath.dsv'
[0.673s] INFO:colcon.colcon_core.shell:Creating environment hook '/home/li/ros2_hw2/install/number_converter/share/number_converter/hook/pythonpath.sh'
[0.674s] Level 1:colcon.colcon_core.environment:checking '/home/li/ros2_hw2/install/number_converter/bin'
[0.674s] INFO:colcon.colcon_core.shell:Creating package script '/home/li/ros2_hw2/install/number_converter/share/number_converter/package.ps1'
[0.674s] INFO:colcon.colcon_core.shell:Creating package descriptor '/home/li/ros2_hw2/install/number_converter/share/number_converter/package.dsv'
[0.674s] INFO:colcon.colcon_core.shell:Creating package script '/home/li/ros2_hw2/install/number_converter/share/number_converter/package.sh'
[0.675s] INFO:colcon.colcon_core.shell:Creating package script '/home/li/ros2_hw2/install/number_converter/share/number_converter/package.bash'
[0.675s] INFO:colcon.colcon_core.shell:Creating package script '/home/li/ros2_hw2/install/number_converter/share/number_converter/package.zsh'
[0.676s] Level 1:colcon.colcon_core.environment:create_file_with_runtime_dependencies(/home/li/ros2_hw2/install/number_converter/share/colcon-core/packages/number_converter)
[0.676s] Level 1:colcon.colcon_core.environment:create_environment_scripts_only(number_converter)
[0.676s] Level 1:colcon.colcon_core.environment:checking '/home/li/ros2_hw2/install/number_converter' for CMake module files
[0.677s] Level 1:colcon.colcon_core.environment:checking '/home/li/ros2_hw2/install/number_converter' for CMake config files
[0.677s] Level 1:colcon.colcon_core.shell:create_environment_hook('number_converter', 'cmake_prefix_path')
[0.677s] INFO:colcon.colcon_core.shell:Creating environment hook '/home/li/ros2_hw2/install/number_converter/share/number_converter/hook/cmake_prefix_path.ps1'
[0.677s] INFO:colcon.colcon_core.shell:Creating environment descriptor '/home/li/ros2_hw2/install/number_converter/share/number_converter/hook/cmake_prefix_path.dsv'
[0.677s] INFO:colcon.colcon_core.shell:Creating environment hook '/home/li/ros2_hw2/install/number_converter/share/number_converter/hook/cmake_prefix_path.sh'
[0.678s] Level 1:colcon.colcon_core.environment:checking '/home/li/ros2_hw2/install/number_converter/lib'
[0.678s] Level 1:colcon.colcon_core.shell:create_environment_hook('number_converter', 'ld_library_path_lib')
[0.678s] INFO:colcon.colcon_core.shell:Creating environment hook '/home/li/ros2_hw2/install/number_converter/share/number_converter/hook/ld_library_path_lib.ps1'
[0.678s] INFO:colcon.colcon_core.shell:Creating environment descriptor '/home/li/ros2_hw2/install/number_converter/share/number_converter/hook/ld_library_path_lib.dsv'
[0.678s] INFO:colcon.colcon_core.shell:Creating environment hook '/home/li/ros2_hw2/install/number_converter/share/number_converter/hook/ld_library_path_lib.sh'
[0.679s] Level 1:colcon.colcon_core.environment:checking '/home/li/ros2_hw2/install/number_converter/bin'
[0.679s] Level 1:colcon.colcon_core.environment:checking '/home/li/ros2_hw2/install/number_converter/lib/pkgconfig/number_converter.pc'
[0.679s] Level 1:colcon.colcon_core.environment:checking '/home/li/ros2_hw2/install/number_converter/lib/python3.12/site-packages'
[0.679s] Level 1:colcon.colcon_core.shell:create_environment_hook('number_converter', 'pythonpath')
[0.679s] INFO:colcon.colcon_core.shell:Creating environment hook '/home/li/ros2_hw2/install/number_converter/share/number_converter/hook/pythonpath.ps1'
[0.679s] INFO:colcon.colcon_core.shell:Creating environment descriptor '/home/li/ros2_hw2/install/number_converter/share/number_converter/hook/pythonpath.dsv'
[0.679s] INFO:colcon.colcon_core.shell:Creating environment hook '/home/li/ros2_hw2/install/number_converter/share/number_converter/hook/pythonpath.sh'
[0.680s] Level 1:colcon.colcon_core.environment:checking '/home/li/ros2_hw2/install/number_converter/bin'
[0.680s] INFO:colcon.colcon_core.shell:Creating package script '/home/li/ros2_hw2/install/number_converter/share/number_converter/package.ps1'
[0.680s] INFO:colcon.colcon_core.shell:Creating package descriptor '/home/li/ros2_hw2/install/number_converter/share/number_converter/package.dsv'
[0.681s] INFO:colcon.colcon_core.shell:Creating package script '/home/li/ros2_hw2/install/number_converter/share/number_converter/package.sh'
[0.681s] INFO:colcon.colcon_core.shell:Creating package script '/home/li/ros2_hw2/install/number_converter/share/number_converter/package.bash'
[0.681s] INFO:colcon.colcon_core.shell:Creating package script '/home/li/ros2_hw2/install/number_converter/share/number_converter/package.zsh'
[0.681s] Level 1:colcon.colcon_core.environment:create_file_with_runtime_dependencies(/home/li/ros2_hw2/install/number_converter/share/colcon-core/packages/number_converter)
[0.682s] INFO:colcon.colcon_ros.task.ament_python.build:Building ROS package in '/home/li/ros2_hw2/src/number_converter_py' with build type 'ament_python'
[0.682s] Level 1:colcon.colcon_core.shell:create_environment_hook('number_converter_py', 'ament_prefix_path')
[0.682s] INFO:colcon.colcon_core.shell:Creating environment hook '/home/li/ros2_hw2/install/number_converter_py/share/number_converter_py/hook/ament_prefix_path.ps1'
[0.682s] INFO:colcon.colcon_core.shell:Creating environment descriptor '/home/li/ros2_hw2/install/number_converter_py/share/number_converter_py/hook/ament_prefix_path.dsv'
[0.682s] INFO:colcon.colcon_core.shell:Creating environment hook '/home/li/ros2_hw2/install/number_converter_py/share/number_converter_py/hook/ament_prefix_path.sh'
[0.683s] INFO:colcon.colcon_core.shell:Skip shell extension 'powershell' for command environment: Not usable outside of PowerShell
[0.683s] DEBUG:colcon.colcon_core.shell:Skip shell extension 'dsv' for command environment
[0.886s] INFO:colcon.colcon_core.task.python.build:Building Python package in '/home/li/ros2_hw2/src/number_converter_py'
[0.886s] INFO:colcon.colcon_core.shell:Skip shell extension 'powershell' for command environment: Not usable outside of PowerShell
[0.886s] DEBUG:colcon.colcon_core.shell:Skip shell extension 'dsv' for command environment
[1.307s] DEBUG:colcon.colcon_core.event_handler.log_command:Invoking command in '/home/li/ros2_hw2/src/number_converter_py': DEBUGINFOD_URLS=https://debuginfod.ubuntu.com PYTHONPATH=/home/li/ros2_hw2/build/number_converter_py/prefix_override:/usr/lib/python3/dist-packages/colcon_core/task/python/colcon_distutils_commands:/home/li/ros2_hw2/install/number_converter_py/lib/python3.12/site-packages:/home/li/ros2_hw2/install/number_converter/lib/python3.12/site-packages:/home/li/ros2_hw2/install/number_converter_py/lib/python3.12/site-packages:/home/li/install/number_converter_py/lib/python3.12/site-packages:/home/li/install/number_converter/lib/python3.12/site-packages:/opt/ros/jazzy/lib/python3.12/site-packages /usr/bin/python3 -W ignore:setup.py install is deprecated -W ignore:easy_install command is deprecated setup.py egg_info --egg-base ../../build/number_converter_py build --build-base /home/li/ros2_hw2/build/number_converter_py/build install --record /home/li/ros2_hw2/build/number_converter_py/install.log --single-version-externally-managed install_data
[1.653s] Level 1:colcon.colcon_core.environment:checking '/home/li/ros2_hw2/install/number_converter_py' for CMake module files
[1.653s] DEBUG:colcon.colcon_core.event_handler.log_command:Invoked command in '/home/li/ros2_hw2/src/number_converter_py' returned '0': DEBUGINFOD_URLS=https://debuginfod.ubuntu.com PYTHONPATH=/home/li/ros2_hw2/build/number_converter_py/prefix_override:/usr/lib/python3/dist-packages/colcon_core/task/python/colcon_distutils_commands:/home/li/ros2_hw2/install/number_converter_py/lib/python3.12/site-packages:/home/li/ros2_hw2/install/number_converter/lib/python3.12/site-packages:/home/li/ros2_hw2/install/number_converter_py/lib/python3.12/site-packages:/home/li/install/number_converter_py/lib/python3.12/site-packages:/home/li/install/number_converter/lib/python3.12/site-packages:/opt/ros/jazzy/lib/python3.12/site-packages /usr/bin/python3 -W ignore:setup.py install is deprecated -W ignore:easy_install command is deprecated setup.py egg_info --egg-base ../../build/number_converter_py build --build-base /home/li/ros2_hw2/build/number_converter_py/build install --record /home/li/ros2_hw2/build/number_converter_py/install.log --single-version-externally-managed install_data
[1.654s] Level 1:colcon.colcon_core.environment:checking '/home/li/ros2_hw2/install/number_converter_py' for CMake config files
[1.654s] Level 1:colcon.colcon_core.environment:checking '/home/li/ros2_hw2/install/number_converter_py/lib'
[1.654s] Level 1:colcon.colcon_core.environment:checking '/home/li/ros2_hw2/install/number_converter_py/bin'
[1.654s] Level 1:colcon.colcon_core.environment:checking '/home/li/ros2_hw2/install/number_converter_py/lib/pkgconfig/number_converter_py.pc'
[1.654s] Level 1:colcon.colcon_core.environment:checking '/home/li/ros2_hw2/install/number_converter_py/lib/python3.12/site-packages'
[1.655s] Level 1:colcon.colcon_core.shell:create_environment_hook('number_converter_py', 'pythonpath')
[1.655s] INFO:colcon.colcon_core.shell:Creating environment hook '/home/li/ros2_hw2/install/number_converter_py/share/number_converter_py/hook/pythonpath.ps1'
[1.655s] INFO:colcon.colcon_core.shell:Creating environment descriptor '/home/li/ros2_hw2/install/number_converter_py/share/number_converter_py/hook/pythonpath.dsv'
[1.655s] INFO:colcon.colcon_core.shell:Creating environment hook '/home/li/ros2_hw2/install/number_converter_py/share/number_converter_py/hook/pythonpath.sh'
[1.656s] Level 1:colcon.colcon_core.environment:checking '/home/li/ros2_hw2/install/number_converter_py/bin'
[1.656s] Level 1:colcon.colcon_core.environment:create_environment_scripts_only(number_converter_py)
[1.656s] INFO:colcon.colcon_core.shell:Creating package script '/home/li/ros2_hw2/install/number_converter_py/share/number_converter_py/package.ps1'
[1.656s] INFO:colcon.colcon_core.shell:Creating package descriptor '/home/li/ros2_hw2/install/number_converter_py/share/number_converter_py/package.dsv'
[1.656s] INFO:colcon.colcon_core.shell:Creating package script '/home/li/ros2_hw2/install/number_converter_py/share/number_converter_py/package.sh'
[1.657s] INFO:colcon.colcon_core.shell:Creating package script '/home/li/ros2_hw2/install/number_converter_py/share/number_converter_py/package.bash'
[1.657s] INFO:colcon.colcon_core.shell:Creating package script '/home/li/ros2_hw2/install/number_converter_py/share/number_converter_py/package.zsh'
[1.657s] Level 1:colcon.colcon_core.environment:create_file_with_runtime_dependencies(/home/li/ros2_hw2/install/number_converter_py/share/colcon-core/packages/number_converter_py)
[1.658s] DEBUG:colcon.colcon_parallel_executor.executor.parallel:closing loop
[1.658s] DEBUG:colcon.colcon_parallel_executor.executor.parallel:loop closed
[1.658s] DEBUG:colcon.colcon_parallel_executor.executor.parallel:run_until_complete finished with '0'
[1.658s] DEBUG:colcon.colcon_core.event_reactor:joining thread
[1.662s] INFO:colcon.colcon_core.plugin_system:Skipping extension 'colcon_notification.desktop_notification.terminal_notifier': Not used on non-Darwin systems
[1.662s] INFO:colcon.colcon_core.plugin_system:Skipping extension 'colcon_notification.desktop_notification.win32': Not used on non-Windows systems
[1.662s] INFO:colcon.colcon_notification.desktop_notification:Sending desktop notification using 'notify2'
[1.690s] DEBUG:colcon.colcon_core.event_reactor:joined thread
[1.690s] INFO:colcon.colcon_core.shell:Creating prefix script '/home/li/ros2_hw2/install/local_setup.ps1'
[1.691s] INFO:colcon.colcon_core.shell:Creating prefix util module '/home/li/ros2_hw2/install/_local_setup_util_ps1.py'
[1.692s] INFO:colcon.colcon_core.shell:Creating prefix chain script '/home/li/ros2_hw2/install/setup.ps1'
[1.692s] INFO:colcon.colcon_core.shell:Creating prefix script '/home/li/ros2_hw2/install/local_setup.sh'
[1.693s] INFO:colcon.colcon_core.shell:Creating prefix util module '/home/li/ros2_hw2/install/_local_setup_util_sh.py'
[1.693s] INFO:colcon.colcon_core.shell:Creating prefix chain script '/home/li/ros2_hw2/install/setup.sh'
[1.694s] INFO:colcon.colcon_core.shell:Creating prefix script '/home/li/ros2_hw2/install/local_setup.bash'
[1.695s] INFO:colcon.colcon_core.shell:Creating prefix chain script '/home/li/ros2_hw2/install/setup.bash'
[1.696s] INFO:colcon.colcon_core.shell:Creating prefix script '/home/li/ros2_hw2/install/local_setup.zsh'
[1.696s] INFO:colcon.colcon_core.shell:Creating prefix chain script '/home/li/ros2_hw2/install/setup.zsh'
