running egg_info
writing ../../build/number_converter_py/number_converter_py.egg-info/PKG-INFO
writing dependency_links to ../../build/number_converter_py/number_converter_py.egg-info/dependency_links.txt
writing entry points to ../../build/number_converter_py/number_converter_py.egg-info/entry_points.txt
writing requirements to ../../build/number_converter_py/number_converter_py.egg-info/requires.txt
writing top-level names to ../../build/number_converter_py/number_converter_py.egg-info/top_level.txt
reading manifest file '../../build/number_converter_py/number_converter_py.egg-info/SOURCES.txt'
adding license file 'LICENSE'
writing manifest file '../../build/number_converter_py/number_converter_py.egg-info/SOURCES.txt'
running build
running build_py
copying number_converter_py/server.py -> /home/li/ros2_hw2/build/number_converter_py/build/lib/number_converter_py
copying number_converter_py/client.py -> /home/li/ros2_hw2/build/number_converter_py/build/lib/number_converter_py
running install
running install_lib
copying /home/li/ros2_hw2/build/number_converter_py/build/lib/number_converter_py/server.py -> /home/li/ros2_hw2/install/number_converter_py/lib/python3.12/site-packages/number_converter_py
copying /home/li/ros2_hw2/build/number_converter_py/build/lib/number_converter_py/client.py -> /home/li/ros2_hw2/install/number_converter_py/lib/python3.12/site-packages/number_converter_py
byte-compiling /home/li/ros2_hw2/install/number_converter_py/lib/python3.12/site-packages/number_converter_py/server.py to server.cpython-312.pyc
byte-compiling /home/li/ros2_hw2/install/number_converter_py/lib/python3.12/site-packages/number_converter_py/client.py to client.cpython-312.pyc
running install_data
running install_egg_info
removing '/home/li/ros2_hw2/install/number_converter_py/lib/python3.12/site-packages/number_converter_py-0.0.0-py3.12.egg-info' (and everything under it)
Copying ../../build/number_converter_py/number_converter_py.egg-info to /home/li/ros2_hw2/install/number_converter_py/lib/python3.12/site-packages/number_converter_py-0.0.0-py3.12.egg-info
running install_scripts
Installing roman_client script to /home/li/ros2_hw2/install/number_converter_py/lib/number_converter_py
Installing roman_server script to /home/li/ros2_hw2/install/number_converter_py/lib/number_converter_py
writing list of installed files to '/home/li/ros2_hw2/build/number_converter_py/install.log'
