[0.009s] Invoking command in '/home/li/ros2_hw2/build/number_converter': CMAKE_PREFIX_PATH=${CMAKE_PREFIX_PATH}:/opt/ros/jazzy DEBUGINFOD_URLS=https://debuginfod.ubuntu.com /usr/bin/cmake --build /home/li/ros2_hw2/build/number_converter -- -j5 -l5
[0.050s] [  2%] Built target number_converter__rosidl_generator_type_description
[0.057s] [  2%] Built target ament_cmake_python_copy_number_converter
[0.064s] [  5%] Built target number_converter__cpp
[0.065s] [ 20%] Built target number_converter__rosidl_generator_c
[0.082s] [ 38%] Built target number_converter__rosidl_typesupport_fastrtps_c
[0.082s] [ 41%] Built target number_converter__rosidl_typesupport_cpp
[0.082s] [ 47%] Built target number_converter__rosidl_typesupport_introspection_c
[0.084s] [ 55%] Built target number_converter__rosidl_typesupport_c
[0.097s] [ 64%] Built target number_converter__rosidl_typesupport_fastrtps_cpp
[0.097s] [ 73%] Built target number_converter__rosidl_typesupport_introspection_cpp
[0.111s] [ 73%] Built target number_converter
[0.123s] [ 76%] Built target number_converter__py
[0.138s] [ 82%] Built target number_converter__rosidl_generator_py
[0.154s] [ 88%] Built target number_converter_s__rosidl_typesupport_fastrtps_c
[0.154s] [ 94%] Built target number_converter_s__rosidl_typesupport_c
[0.154s] [100%] Built target number_converter_s__rosidl_typesupport_introspection_c
[0.267s] running egg_info
[0.275s] writing number_converter.egg-info/PKG-INFO
[0.276s] writing dependency_links to number_converter.egg-info/dependency_links.txt
[0.276s] writing top-level names to number_converter.egg-info/top_level.txt
[0.301s] reading manifest file 'number_converter.egg-info/SOURCES.txt'
[0.301s] writing manifest file 'number_converter.egg-info/SOURCES.txt'
[0.319s] [100%] Built target ament_cmake_python_build_number_converter_egg
[0.326s] Invoked command in '/home/li/ros2_hw2/build/number_converter' returned '0': CMAKE_PREFIX_PATH=${CMAKE_PREFIX_PATH}:/opt/ros/jazzy DEBUGINFOD_URLS=https://debuginfod.ubuntu.com /usr/bin/cmake --build /home/li/ros2_hw2/build/number_converter -- -j5 -l5
[0.331s] Invoking command in '/home/li/ros2_hw2/build/number_converter': CMAKE_PREFIX_PATH=${CMAKE_PREFIX_PATH}:/opt/ros/jazzy DEBUGINFOD_URLS=https://debuginfod.ubuntu.com /usr/bin/cmake --install /home/li/ros2_hw2/build/number_converter
[0.336s] -- Install configuration: ""
[0.336s] -- Up-to-date: /home/li/ros2_hw2/install/number_converter/share/ament_index/resource_index/rosidl_interfaces/number_converter
[0.336s] -- Up-to-date: /home/li/ros2_hw2/install/number_converter/share/number_converter/srv/RomanToDecimal.json
[0.336s] -- Up-to-date: /home/li/ros2_hw2/install/number_converter/include/number_converter/number_converter
[0.336s] -- Up-to-date: /home/li/ros2_hw2/install/number_converter/include/number_converter/number_converter/srv
[0.336s] -- Up-to-date: /home/li/ros2_hw2/install/number_converter/include/number_converter/number_converter/srv/detail
[0.336s] -- Up-to-date: /home/li/ros2_hw2/install/number_converter/include/number_converter/number_converter/srv/detail/roman_to_decimal__description.c
[0.336s] -- Up-to-date: /home/li/ros2_hw2/install/number_converter/include/number_converter/number_converter/srv/detail/roman_to_decimal__functions.c
[0.336s] -- Up-to-date: /home/li/ros2_hw2/install/number_converter/include/number_converter/number_converter/srv/detail/roman_to_decimal__type_support.c
[0.336s] -- Up-to-date: /home/li/ros2_hw2/install/number_converter/include/number_converter/number_converter/srv/detail/roman_to_decimal__functions.h
[0.336s] -- Up-to-date: /home/li/ros2_hw2/install/number_converter/include/number_converter/number_converter/srv/detail/roman_to_decimal__type_support.h
[0.336s] -- Up-to-date: /home/li/ros2_hw2/install/number_converter/include/number_converter/number_converter/srv/detail/roman_to_decimal__struct.h
[0.337s] -- Up-to-date: /home/li/ros2_hw2/install/number_converter/include/number_converter/number_converter/srv/roman_to_decimal.h
[0.337s] -- Up-to-date: /home/li/ros2_hw2/install/number_converter/include/number_converter/number_converter/msg
[0.337s] -- Up-to-date: /home/li/ros2_hw2/install/number_converter/include/number_converter/number_converter/msg/rosidl_generator_c__visibility_control.h
[0.337s] -- Up-to-date: /home/li/ros2_hw2/install/number_converter/share/number_converter/environment/library_path.sh
[0.337s] -- Up-to-date: /home/li/ros2_hw2/install/number_converter/share/number_converter/environment/library_path.dsv
[0.337s] -- Up-to-date: /home/li/ros2_hw2/install/number_converter/lib/libnumber_converter__rosidl_generator_c.so
[0.337s] -- Up-to-date: /home/li/ros2_hw2/install/number_converter/include/number_converter/number_converter
[0.337s] -- Up-to-date: /home/li/ros2_hw2/install/number_converter/include/number_converter/number_converter/srv
[0.337s] -- Up-to-date: /home/li/ros2_hw2/install/number_converter/include/number_converter/number_converter/srv/detail
[0.337s] -- Up-to-date: /home/li/ros2_hw2/install/number_converter/include/number_converter/number_converter/srv/detail/roman_to_decimal__rosidl_typesupport_fastrtps_c.h
[0.338s] -- Up-to-date: /home/li/ros2_hw2/install/number_converter/include/number_converter/number_converter/msg
[0.338s] -- Up-to-date: /home/li/ros2_hw2/install/number_converter/include/number_converter/number_converter/msg/rosidl_typesupport_fastrtps_c__visibility_control.h
[0.338s] -- Up-to-date: /home/li/ros2_hw2/install/number_converter/lib/libnumber_converter__rosidl_typesupport_fastrtps_c.so
[0.338s] -- Up-to-date: /home/li/ros2_hw2/install/number_converter/include/number_converter/number_converter
[0.338s] -- Up-to-date: /home/li/ros2_hw2/install/number_converter/include/number_converter/number_converter/srv
[0.338s] -- Up-to-date: /home/li/ros2_hw2/install/number_converter/include/number_converter/number_converter/srv/detail
[0.338s] -- Up-to-date: /home/li/ros2_hw2/install/number_converter/include/number_converter/number_converter/srv/detail/roman_to_decimal__type_support.c
[0.338s] -- Up-to-date: /home/li/ros2_hw2/install/number_converter/include/number_converter/number_converter/srv/detail/roman_to_decimal__rosidl_typesupport_introspection_c.h
[0.338s] -- Up-to-date: /home/li/ros2_hw2/install/number_converter/include/number_converter/number_converter/msg
[0.338s] -- Up-to-date: /home/li/ros2_hw2/install/number_converter/include/number_converter/number_converter/msg/rosidl_typesupport_introspection_c__visibility_control.h
[0.338s] -- Up-to-date: /home/li/ros2_hw2/install/number_converter/lib/libnumber_converter__rosidl_typesupport_introspection_c.so
[0.338s] -- Up-to-date: /home/li/ros2_hw2/install/number_converter/lib/libnumber_converter__rosidl_typesupport_c.so
[0.338s] -- Up-to-date: /home/li/ros2_hw2/install/number_converter/include/number_converter/number_converter
[0.338s] -- Up-to-date: /home/li/ros2_hw2/install/number_converter/include/number_converter/number_converter/srv
[0.338s] -- Up-to-date: /home/li/ros2_hw2/install/number_converter/include/number_converter/number_converter/srv/roman_to_decimal.hpp
[0.339s] -- Up-to-date: /home/li/ros2_hw2/install/number_converter/include/number_converter/number_converter/srv/detail
[0.339s] -- Up-to-date: /home/li/ros2_hw2/install/number_converter/include/number_converter/number_converter/srv/detail/roman_to_decimal__struct.hpp
[0.339s] -- Up-to-date: /home/li/ros2_hw2/install/number_converter/include/number_converter/number_converter/srv/detail/roman_to_decimal__traits.hpp
[0.339s] -- Up-to-date: /home/li/ros2_hw2/install/number_converter/include/number_converter/number_converter/srv/detail/roman_to_decimal__type_support.hpp
[0.339s] -- Up-to-date: /home/li/ros2_hw2/install/number_converter/include/number_converter/number_converter/srv/detail/roman_to_decimal__builder.hpp
[0.339s] -- Up-to-date: /home/li/ros2_hw2/install/number_converter/include/number_converter/number_converter/msg
[0.339s] -- Up-to-date: /home/li/ros2_hw2/install/number_converter/include/number_converter/number_converter/msg/rosidl_generator_cpp__visibility_control.hpp
[0.339s] -- Up-to-date: /home/li/ros2_hw2/install/number_converter/include/number_converter/number_converter
[0.339s] -- Up-to-date: /home/li/ros2_hw2/install/number_converter/include/number_converter/number_converter/srv
[0.339s] -- Up-to-date: /home/li/ros2_hw2/install/number_converter/include/number_converter/number_converter/srv/detail
[0.339s] -- Up-to-date: /home/li/ros2_hw2/install/number_converter/include/number_converter/number_converter/srv/detail/dds_fastrtps
[0.339s] -- Up-to-date: /home/li/ros2_hw2/install/number_converter/include/number_converter/number_converter/srv/detail/roman_to_decimal__rosidl_typesupport_fastrtps_cpp.hpp
[0.339s] -- Up-to-date: /home/li/ros2_hw2/install/number_converter/include/number_converter/number_converter/msg
[0.339s] -- Up-to-date: /home/li/ros2_hw2/install/number_converter/include/number_converter/number_converter/msg/rosidl_typesupport_fastrtps_cpp__visibility_control.h
[0.339s] -- Up-to-date: /home/li/ros2_hw2/install/number_converter/lib/libnumber_converter__rosidl_typesupport_fastrtps_cpp.so
[0.339s] -- Up-to-date: /home/li/ros2_hw2/install/number_converter/include/number_converter/number_converter
[0.340s] -- Up-to-date: /home/li/ros2_hw2/install/number_converter/include/number_converter/number_converter/srv
[0.340s] -- Up-to-date: /home/li/ros2_hw2/install/number_converter/include/number_converter/number_converter/srv/detail
[0.340s] -- Up-to-date: /home/li/ros2_hw2/install/number_converter/include/number_converter/number_converter/srv/detail/roman_to_decimal__rosidl_typesupport_introspection_cpp.hpp
[0.340s] -- Up-to-date: /home/li/ros2_hw2/install/number_converter/include/number_converter/number_converter/srv/detail/roman_to_decimal__type_support.cpp
[0.340s] -- Up-to-date: /home/li/ros2_hw2/install/number_converter/lib/libnumber_converter__rosidl_typesupport_introspection_cpp.so
[0.340s] -- Up-to-date: /home/li/ros2_hw2/install/number_converter/lib/libnumber_converter__rosidl_typesupport_cpp.so
[0.340s] -- Up-to-date: /home/li/ros2_hw2/install/number_converter/share/number_converter/environment/pythonpath.sh
[0.340s] -- Up-to-date: /home/li/ros2_hw2/install/number_converter/share/number_converter/environment/pythonpath.dsv
[0.340s] -- Up-to-date: /home/li/ros2_hw2/install/number_converter/lib/python3.12/site-packages/number_converter-0.0.0-py3.12.egg-info
[0.340s] -- Installing: /home/li/ros2_hw2/install/number_converter/lib/python3.12/site-packages/number_converter-0.0.0-py3.12.egg-info/SOURCES.txt
[0.340s] -- Installing: /home/li/ros2_hw2/install/number_converter/lib/python3.12/site-packages/number_converter-0.0.0-py3.12.egg-info/PKG-INFO
[0.340s] -- Installing: /home/li/ros2_hw2/install/number_converter/lib/python3.12/site-packages/number_converter-0.0.0-py3.12.egg-info/dependency_links.txt
[0.340s] -- Installing: /home/li/ros2_hw2/install/number_converter/lib/python3.12/site-packages/number_converter-0.0.0-py3.12.egg-info/top_level.txt
[0.340s] -- Up-to-date: /home/li/ros2_hw2/install/number_converter/lib/python3.12/site-packages/number_converter
[0.340s] -- Up-to-date: /home/li/ros2_hw2/install/number_converter/lib/python3.12/site-packages/number_converter/srv
[0.340s] -- Up-to-date: /home/li/ros2_hw2/install/number_converter/lib/python3.12/site-packages/number_converter/srv/_roman_to_decimal_s.c
[0.340s] -- Up-to-date: /home/li/ros2_hw2/install/number_converter/lib/python3.12/site-packages/number_converter/srv/__init__.py
[0.340s] -- Up-to-date: /home/li/ros2_hw2/install/number_converter/lib/python3.12/site-packages/number_converter/srv/_roman_to_decimal.py
[0.340s] -- Up-to-date: /home/li/ros2_hw2/install/number_converter/lib/python3.12/site-packages/number_converter/number_converter_s__rosidl_typesupport_introspection_c.so
[0.340s] -- Up-to-date: /home/li/ros2_hw2/install/number_converter/lib/python3.12/site-packages/number_converter/_number_converter_s.ep.rosidl_typesupport_introspection_c.c
[0.340s] -- Up-to-date: /home/li/ros2_hw2/install/number_converter/lib/python3.12/site-packages/number_converter/_number_converter_s.ep.rosidl_typesupport_fastrtps_c.c
[0.340s] -- Up-to-date: /home/li/ros2_hw2/install/number_converter/lib/python3.12/site-packages/number_converter/_number_converter_s.ep.rosidl_typesupport_c.c
[0.340s] -- Up-to-date: /home/li/ros2_hw2/install/number_converter/lib/python3.12/site-packages/number_converter/number_converter_s__rosidl_typesupport_fastrtps_c.so
[0.340s] -- Up-to-date: /home/li/ros2_hw2/install/number_converter/lib/python3.12/site-packages/number_converter/number_converter_s__rosidl_typesupport_c.so
[0.340s] -- Up-to-date: /home/li/ros2_hw2/install/number_converter/lib/python3.12/site-packages/number_converter/__init__.py
[0.361s] Listing '/home/li/ros2_hw2/install/number_converter/lib/python3.12/site-packages/number_converter'...
[0.361s] Listing '/home/li/ros2_hw2/install/number_converter/lib/python3.12/site-packages/number_converter/srv'...
[0.364s] -- Up-to-date: /home/li/ros2_hw2/install/number_converter/lib/python3.12/site-packages/number_converter/number_converter_s__rosidl_typesupport_fastrtps_c.so
[0.364s] -- Up-to-date: /home/li/ros2_hw2/install/number_converter/lib/python3.12/site-packages/number_converter/number_converter_s__rosidl_typesupport_introspection_c.so
[0.364s] -- Up-to-date: /home/li/ros2_hw2/install/number_converter/lib/python3.12/site-packages/number_converter/number_converter_s__rosidl_typesupport_c.so
[0.364s] -- Up-to-date: /home/li/ros2_hw2/install/number_converter/lib/libnumber_converter__rosidl_generator_py.so
[0.365s] -- Up-to-date: /home/li/ros2_hw2/install/number_converter/share/number_converter/srv/RomanToDecimal.idl
[0.365s] -- Up-to-date: /home/li/ros2_hw2/install/number_converter/share/number_converter/srv/RomanToDecimal.srv
[0.365s] -- Up-to-date: /home/li/ros2_hw2/install/number_converter/share/ament_index/resource_index/package_run_dependencies/number_converter
[0.365s] -- Up-to-date: /home/li/ros2_hw2/install/number_converter/share/ament_index/resource_index/parent_prefix_path/number_converter
[0.365s] -- Up-to-date: /home/li/ros2_hw2/install/number_converter/share/number_converter/environment/ament_prefix_path.sh
[0.365s] -- Up-to-date: /home/li/ros2_hw2/install/number_converter/share/number_converter/environment/ament_prefix_path.dsv
[0.365s] -- Up-to-date: /home/li/ros2_hw2/install/number_converter/share/number_converter/environment/path.sh
[0.365s] -- Up-to-date: /home/li/ros2_hw2/install/number_converter/share/number_converter/environment/path.dsv
[0.365s] -- Up-to-date: /home/li/ros2_hw2/install/number_converter/share/number_converter/local_setup.bash
[0.365s] -- Up-to-date: /home/li/ros2_hw2/install/number_converter/share/number_converter/local_setup.sh
[0.365s] -- Up-to-date: /home/li/ros2_hw2/install/number_converter/share/number_converter/local_setup.zsh
[0.366s] -- Up-to-date: /home/li/ros2_hw2/install/number_converter/share/number_converter/local_setup.dsv
[0.366s] -- Installing: /home/li/ros2_hw2/install/number_converter/share/number_converter/package.dsv
[0.366s] -- Up-to-date: /home/li/ros2_hw2/install/number_converter/share/ament_index/resource_index/packages/number_converter
[0.366s] -- Up-to-date: /home/li/ros2_hw2/install/number_converter/share/number_converter/cmake/export_number_converter__rosidl_generator_cExport.cmake
[0.366s] -- Up-to-date: /home/li/ros2_hw2/install/number_converter/share/number_converter/cmake/export_number_converter__rosidl_generator_cExport-noconfig.cmake
[0.366s] -- Up-to-date: /home/li/ros2_hw2/install/number_converter/share/number_converter/cmake/export_number_converter__rosidl_typesupport_fastrtps_cExport.cmake
[0.366s] -- Up-to-date: /home/li/ros2_hw2/install/number_converter/share/number_converter/cmake/export_number_converter__rosidl_typesupport_fastrtps_cExport-noconfig.cmake
[0.366s] -- Up-to-date: /home/li/ros2_hw2/install/number_converter/share/number_converter/cmake/number_converter__rosidl_typesupport_introspection_cExport.cmake
[0.366s] -- Up-to-date: /home/li/ros2_hw2/install/number_converter/share/number_converter/cmake/number_converter__rosidl_typesupport_introspection_cExport-noconfig.cmake
[0.366s] -- Up-to-date: /home/li/ros2_hw2/install/number_converter/share/number_converter/cmake/number_converter__rosidl_typesupport_cExport.cmake
[0.366s] -- Up-to-date: /home/li/ros2_hw2/install/number_converter/share/number_converter/cmake/number_converter__rosidl_typesupport_cExport-noconfig.cmake
[0.366s] -- Up-to-date: /home/li/ros2_hw2/install/number_converter/share/number_converter/cmake/export_number_converter__rosidl_generator_cppExport.cmake
[0.366s] -- Up-to-date: /home/li/ros2_hw2/install/number_converter/share/number_converter/cmake/export_number_converter__rosidl_typesupport_fastrtps_cppExport.cmake
[0.366s] -- Up-to-date: /home/li/ros2_hw2/install/number_converter/share/number_converter/cmake/export_number_converter__rosidl_typesupport_fastrtps_cppExport-noconfig.cmake
[0.366s] -- Up-to-date: /home/li/ros2_hw2/install/number_converter/share/number_converter/cmake/number_converter__rosidl_typesupport_introspection_cppExport.cmake
[0.366s] -- Up-to-date: /home/li/ros2_hw2/install/number_converter/share/number_converter/cmake/number_converter__rosidl_typesupport_introspection_cppExport-noconfig.cmake
[0.366s] -- Up-to-date: /home/li/ros2_hw2/install/number_converter/share/number_converter/cmake/number_converter__rosidl_typesupport_cppExport.cmake
[0.366s] -- Up-to-date: /home/li/ros2_hw2/install/number_converter/share/number_converter/cmake/number_converter__rosidl_typesupport_cppExport-noconfig.cmake
[0.366s] -- Up-to-date: /home/li/ros2_hw2/install/number_converter/share/number_converter/cmake/export_number_converter__rosidl_generator_pyExport.cmake
[0.366s] -- Up-to-date: /home/li/ros2_hw2/install/number_converter/share/number_converter/cmake/export_number_converter__rosidl_generator_pyExport-noconfig.cmake
[0.366s] -- Up-to-date: /home/li/ros2_hw2/install/number_converter/share/number_converter/cmake/rosidl_cmake-extras.cmake
[0.367s] -- Up-to-date: /home/li/ros2_hw2/install/number_converter/share/number_converter/cmake/ament_cmake_export_dependencies-extras.cmake
[0.367s] -- Up-to-date: /home/li/ros2_hw2/install/number_converter/share/number_converter/cmake/ament_cmake_export_include_directories-extras.cmake
[0.367s] -- Up-to-date: /home/li/ros2_hw2/install/number_converter/share/number_converter/cmake/ament_cmake_export_libraries-extras.cmake
[0.367s] -- Up-to-date: /home/li/ros2_hw2/install/number_converter/share/number_converter/cmake/ament_cmake_export_targets-extras.cmake
[0.367s] -- Up-to-date: /home/li/ros2_hw2/install/number_converter/share/number_converter/cmake/rosidl_cmake_export_typesupport_targets-extras.cmake
[0.367s] -- Up-to-date: /home/li/ros2_hw2/install/number_converter/share/number_converter/cmake/rosidl_cmake_export_typesupport_libraries-extras.cmake
[0.367s] -- Up-to-date: /home/li/ros2_hw2/install/number_converter/share/number_converter/cmake/number_converterConfig.cmake
[0.367s] -- Up-to-date: /home/li/ros2_hw2/install/number_converter/share/number_converter/cmake/number_converterConfig-version.cmake
[0.367s] -- Up-to-date: /home/li/ros2_hw2/install/number_converter/share/number_converter/package.xml
[0.368s] Invoked command in '/home/li/ros2_hw2/build/number_converter' returned '0': CMAKE_PREFIX_PATH=${CMAKE_PREFIX_PATH}:/opt/ros/jazzy DEBUGINFOD_URLS=https://debuginfod.ubuntu.com /usr/bin/cmake --install /home/li/ros2_hw2/build/number_converter
