[0.590s] Invoking command in '/home/li/ros2_hw2/src/number_converter_py': AMENT_PREFIX_PATH=/home/li/ros2_hw2/install/number_converter:${AMENT_PREFIX_PATH} CMAKE_PREFIX_PATH=/home/li/ros2_hw2/install/number_converter:${CMAKE_PREFIX_PATH} DEBUGINFOD_URLS=https://debuginfod.ubuntu.com LD_LIBRARY_PATH=/home/li/ros2_hw2/install/number_converter/lib:${LD_LIBRARY_PATH} PYTHONPATH=/home/li/ros2_hw2/build/number_converter_py/prefix_override:/usr/lib/python3/dist-packages/colcon_core/task/python/colcon_distutils_commands:/home/li/ros2_hw2/install/number_converter_py/lib/python3.12/site-packages:/home/li/ros2_hw2/install/number_converter/lib/python3.12/site-packages:${PYTHONPATH} /usr/bin/python3 -W ignore:setup.py install is deprecated -W ignore:easy_install command is deprecated setup.py egg_info --egg-base ../../build/number_converter_py build --build-base /home/li/ros2_hw2/build/number_converter_py/build install --record /home/li/ros2_hw2/build/number_converter_py/install.log --single-version-externally-managed install_data
[0.787s] running egg_info
[0.794s] writing ../../build/number_converter_py/number_converter_py.egg-info/PKG-INFO
[0.794s] writing dependency_links to ../../build/number_converter_py/number_converter_py.egg-info/dependency_links.txt
[0.795s] writing entry points to ../../build/number_converter_py/number_converter_py.egg-info/entry_points.txt
[0.795s] writing requirements to ../../build/number_converter_py/number_converter_py.egg-info/requires.txt
[0.795s] writing top-level names to ../../build/number_converter_py/number_converter_py.egg-info/top_level.txt
[0.815s] reading manifest file '../../build/number_converter_py/number_converter_py.egg-info/SOURCES.txt'
[0.815s] adding license file 'LICENSE'
[0.815s] writing manifest file '../../build/number_converter_py/number_converter_py.egg-info/SOURCES.txt'
[0.815s] running build
[0.815s] running build_py
[0.816s] running install
[0.819s] running install_lib
[0.829s] running install_data
[0.829s] running install_egg_info
[0.839s] removing '/home/li/ros2_hw2/install/number_converter_py/lib/python3.12/site-packages/number_converter_py-0.0.0-py3.12.egg-info' (and everything under it)
[0.839s] Copying ../../build/number_converter_py/number_converter_py.egg-info to /home/li/ros2_hw2/install/number_converter_py/lib/python3.12/site-packages/number_converter_py-0.0.0-py3.12.egg-info
[0.840s] running install_scripts
[0.918s] Installing roman_client script to /home/li/ros2_hw2/install/number_converter_py/lib/number_converter_py
[0.918s] Installing roman_server script to /home/li/ros2_hw2/install/number_converter_py/lib/number_converter_py
[0.918s] writing list of installed files to '/home/li/ros2_hw2/build/number_converter_py/install.log'
[0.936s] Invoked command in '/home/li/ros2_hw2/src/number_converter_py' returned '0': AMENT_PREFIX_PATH=/home/li/ros2_hw2/install/number_converter:${AMENT_PREFIX_PATH} CMAKE_PREFIX_PATH=/home/li/ros2_hw2/install/number_converter:${CMAKE_PREFIX_PATH} DEBUGINFOD_URLS=https://debuginfod.ubuntu.com LD_LIBRARY_PATH=/home/li/ros2_hw2/install/number_converter/lib:${LD_LIBRARY_PATH} PYTHONPATH=/home/li/ros2_hw2/build/number_converter_py/prefix_override:/usr/lib/python3/dist-packages/colcon_core/task/python/colcon_distutils_commands:/home/li/ros2_hw2/install/number_converter_py/lib/python3.12/site-packages:/home/li/ros2_hw2/install/number_converter/lib/python3.12/site-packages:${PYTHONPATH} /usr/bin/python3 -W ignore:setup.py install is deprecated -W ignore:easy_install command is deprecated setup.py egg_info --egg-base ../../build/number_converter_py build --build-base /home/li/ros2_hw2/build/number_converter_py/build install --record /home/li/ros2_hw2/build/number_converter_py/install.log --single-version-externally-managed install_data
